TpTrace Verbose: 0 : 29156, 1, 2024/05/29, 11:34:15.275, 4970075259157, vstest.console.dll, Version: 17.9.0-release-24072-02 Current process architecture: X64
TpTrace Verbose: 0 : 29156, 1, 2024/05/29, 11:34:15.281, 4970075312803, vstest.console.dll, Runtime location: C:\Program Files\dotnet\shared\Microsoft.NETCore.App\8.0.3
TpTrace Verbose: 0 : 29156, 1, 2024/05/29, 11:34:15.284, 4970075350476, vstest.console.dll, ArtifactProcessingPostProcessModeProcessorExecutor.Initialize: ArtifactProcessingMode.Collect
TpTrace Verbose: 0 : 29156, 1, 2024/05/29, 11:34:15.285, 4970075353835, vstest.console.dll, TestSessionCorrelationIdProcessorModeProcessorExecutor.Initialize: TestSessionCorrelationId '32660_402d7ac1-9eb1-47c0-ba39-99479858ef9d'
TpTrace Information: 0 : 29156, 1, 2024/05/29, 11:34:15.294, 4970075445152, vstest.console.dll, FilePatternParser: The given file C:\Users\VC\Desktop\Flight_Management_System\FlightManagementSystemSolution\FlightManagementUnitTests\bin\Debug\fine-code-coverage-net8.0\FlightManagementUnitTests.dll is a full path.
TpTrace Verbose: 0 : 29156, 1, 2024/05/29, 11:34:15.301, 4970075518138, vstest.console.dll, TestPluginCache.DiscoverTestExtensions: finding test extensions in assemblies ends with: RuntimeProvider.dll TPluginInfo: Microsoft.VisualStudio.TestPlatform.Common.ExtensionFramework.Utilities.TestRuntimePluginInformation TExtension: Microsoft.VisualStudio.TestPlatform.ObjectModel.Host.ITestRuntimeProvider
TpTrace Verbose: 0 : 29156, 1, 2024/05/29, 11:34:15.302, 4970075524545, vstest.console.dll, TestPluginCache.GetExtensionPaths: Filtered extension paths: 
TpTrace Verbose: 0 : 29156, 1, 2024/05/29, 11:34:15.302, 4970075526827, vstest.console.dll, TestPluginCache.GetExtensionPaths: Added default extension paths: C:\Program Files\dotnet\sdk\8.0.202\Extensions\Microsoft.Diagnostics.NETCore.Client.dll
C:\Program Files\dotnet\sdk\8.0.202\Extensions\Microsoft.TestPlatform.Extensions.BlameDataCollector.dll
C:\Program Files\dotnet\sdk\8.0.202\Extensions\Microsoft.TestPlatform.Extensions.EventLogCollector.dll
C:\Program Files\dotnet\sdk\8.0.202\Extensions\Microsoft.TestPlatform.TestHostRuntimeProvider.dll
C:\Program Files\dotnet\sdk\8.0.202\Extensions\Microsoft.VisualStudio.TestPlatform.Extensions.Html.TestLogger.dll
C:\Program Files\dotnet\sdk\8.0.202\Extensions\Microsoft.VisualStudio.TestPlatform.Extensions.Trx.TestLogger.dll
TpTrace Verbose: 0 : 29156, 1, 2024/05/29, 11:34:15.302, 4970075527604, vstest.console.dll, TestPluginCache.GetExtensionPaths: Added unfilterableExtensionPaths: 
TpTrace Information: 0 : 29156, 1, 2024/05/29, 11:34:15.303, 4970075534763, vstest.console.dll, AssemblyResolver.ctor: Creating AssemblyResolver with searchDirectories C:\Program Files\dotnet\sdk\8.0.202\Extensions,C:\Program Files\dotnet\sdk\8.0.202
TpTrace Verbose: 0 : 29156, 1, 2024/05/29, 11:34:15.305, 4970075554432, vstest.console.dll, TestPluginCache.DiscoverTestExtensions: Discovering the extensions using extension path.
TpTrace Verbose: 0 : 29156, 1, 2024/05/29, 11:34:15.305, 4970075558736, vstest.console.dll, TestPluginCache.GetExtensionPaths: Filtered extension paths: 
TpTrace Verbose: 0 : 29156, 1, 2024/05/29, 11:34:15.305, 4970075559509, vstest.console.dll, TestPluginCache.GetExtensionPaths: Added default extension paths: C:\Program Files\dotnet\sdk\8.0.202\Extensions\Microsoft.Diagnostics.NETCore.Client.dll
C:\Program Files\dotnet\sdk\8.0.202\Extensions\Microsoft.TestPlatform.Extensions.BlameDataCollector.dll
C:\Program Files\dotnet\sdk\8.0.202\Extensions\Microsoft.TestPlatform.Extensions.EventLogCollector.dll
C:\Program Files\dotnet\sdk\8.0.202\Extensions\Microsoft.TestPlatform.TestHostRuntimeProvider.dll
C:\Program Files\dotnet\sdk\8.0.202\Extensions\Microsoft.VisualStudio.TestPlatform.Extensions.Html.TestLogger.dll
C:\Program Files\dotnet\sdk\8.0.202\Extensions\Microsoft.VisualStudio.TestPlatform.Extensions.Trx.TestLogger.dll
TpTrace Verbose: 0 : 29156, 1, 2024/05/29, 11:34:15.305, 4970075560167, vstest.console.dll, TestPluginCache.GetExtensionPaths: Added unfilterableExtensionPaths: 
TpTrace Verbose: 0 : 29156, 1, 2024/05/29, 11:34:15.305, 4970075562143, vstest.console.dll, TestPluginCache.DiscoverTestExtensions: Discovering the extensions using allExtensionPaths: C:\Program Files\dotnet\sdk\8.0.202\Extensions\Microsoft.Diagnostics.NETCore.Client.dll
C:\Program Files\dotnet\sdk\8.0.202\Extensions\Microsoft.TestPlatform.Extensions.BlameDataCollector.dll
C:\Program Files\dotnet\sdk\8.0.202\Extensions\Microsoft.TestPlatform.Extensions.EventLogCollector.dll
C:\Program Files\dotnet\sdk\8.0.202\Extensions\Microsoft.TestPlatform.TestHostRuntimeProvider.dll
C:\Program Files\dotnet\sdk\8.0.202\Extensions\Microsoft.VisualStudio.TestPlatform.Extensions.Html.TestLogger.dll
C:\Program Files\dotnet\sdk\8.0.202\Extensions\Microsoft.VisualStudio.TestPlatform.Extensions.Trx.TestLogger.dll
TpTrace Information: 0 : 29156, 1, 2024/05/29, 11:34:15.306, 4970075564338, vstest.console.dll, AssemblyResolver.AddSearchDirectories: Adding more searchDirectories C:\Program Files\dotnet\sdk\8.0.202\Extensions,C:\Program Files\dotnet\sdk\8.0.202
TpTrace Information: 0 : 29156, 1, 2024/05/29, 11:34:15.306, 4970075565153, vstest.console.dll, AssemblyResolver.AddSearchDirectories: Adding more searchDirectories C:\Program Files\dotnet\sdk\8.0.202\Extensions,C:\Program Files\dotnet\sdk\8.0.202
TpTrace Information: 0 : 29156, 1, 2024/05/29, 11:34:15.306, 4970075565541, vstest.console.dll, AssemblyResolver.AddSearchDirectories: Adding more searchDirectories C:\Program Files\dotnet\sdk\8.0.202\Extensions,C:\Program Files\dotnet\sdk\8.0.202
TpTrace Information: 0 : 29156, 1, 2024/05/29, 11:34:15.306, 4970075565863, vstest.console.dll, AssemblyResolver.AddSearchDirectories: Adding more searchDirectories C:\Program Files\dotnet\sdk\8.0.202\Extensions,C:\Program Files\dotnet\sdk\8.0.202
TpTrace Information: 0 : 29156, 1, 2024/05/29, 11:34:15.306, 4970075566319, vstest.console.dll, AssemblyResolver.AddSearchDirectories: Adding more searchDirectories C:\Program Files\dotnet\sdk\8.0.202\Extensions,C:\Program Files\dotnet\sdk\8.0.202
TpTrace Information: 0 : 29156, 1, 2024/05/29, 11:34:15.306, 4970075566685, vstest.console.dll, AssemblyResolver.AddSearchDirectories: Adding more searchDirectories C:\Program Files\dotnet\sdk\8.0.202\Extensions,C:\Program Files\dotnet\sdk\8.0.202
TpTrace Information: 0 : 29156, 1, 2024/05/29, 11:34:15.307, 4970075578878, vstest.console.dll, AssemblyResolver.OnResolve: Microsoft.Diagnostics.NETCore.Client: Resolving assembly.
TpTrace Information: 0 : 29156, 1, 2024/05/29, 11:34:15.307, 4970075581096, vstest.console.dll, AssemblyResolver.OnResolve: Microsoft.Diagnostics.NETCore.Client: Searching in: 'C:\Program Files\dotnet\sdk\8.0.202\Extensions'.
TpTrace Information: 0 : 29156, 1, 2024/05/29, 11:34:15.320, 4970075712159, vstest.console.dll, AssemblyResolver.OnResolve: Microsoft.Diagnostics.NETCore.Client: Loading assembly 'C:\Program Files\dotnet\sdk\8.0.202\Extensions\Microsoft.Diagnostics.NETCore.Client.dll'.
TpTrace Information: 0 : 29156, 1, 2024/05/29, 11:34:15.321, 4970075720367, vstest.console.dll, AssemblyResolver.OnResolve: Resolved assembly: Microsoft.Diagnostics.NETCore.Client, from path: C:\Program Files\dotnet\sdk\8.0.202\Extensions\Microsoft.Diagnostics.NETCore.Client.dll
TpTrace Verbose: 0 : 29156, 1, 2024/05/29, 11:34:15.326, 4970075772182, vstest.console.dll, MetadataReaderExtensionsHelper: Discovering extensions inside assembly 'Microsoft.Diagnostics.NETCore.Client, Version=0.2.9.2401, Culture=neutral, PublicKeyToken=31bf3856ad364e35' file path 'C:\Program Files\dotnet\sdk\8.0.202\Extensions\Microsoft.Diagnostics.NETCore.Client.dll'
TpTrace Information: 0 : 29156, 1, 2024/05/29, 11:34:15.331, 4970075819012, vstest.console.dll, AssemblyResolver.OnResolve: Microsoft.Bcl.AsyncInterfaces: Resolving assembly.
TpTrace Information: 0 : 29156, 1, 2024/05/29, 11:34:15.331, 4970075820131, vstest.console.dll, AssemblyResolver.OnResolve: Microsoft.Bcl.AsyncInterfaces: Searching in: 'C:\Program Files\dotnet\sdk\8.0.202\Extensions'.
TpTrace Information: 0 : 29156, 1, 2024/05/29, 11:34:15.331, 4970075820965, vstest.console.dll, AssemblyResolver.OnResolve: Microsoft.Bcl.AsyncInterfaces: Assembly path does not exist: 'C:\Program Files\dotnet\sdk\8.0.202\Extensions\Microsoft.Bcl.AsyncInterfaces.dll', returning.
TpTrace Information: 0 : 29156, 1, 2024/05/29, 11:34:15.331, 4970075821827, vstest.console.dll, AssemblyResolver.OnResolve: Microsoft.Bcl.AsyncInterfaces: Assembly path does not exist: 'C:\Program Files\dotnet\sdk\8.0.202\Extensions\Microsoft.Bcl.AsyncInterfaces.exe', returning.
TpTrace Information: 0 : 29156, 1, 2024/05/29, 11:34:15.332, 4970075822270, vstest.console.dll, AssemblyResolver.OnResolve: Microsoft.Bcl.AsyncInterfaces: Searching in: 'C:\Program Files\dotnet\sdk\8.0.202'.
TpTrace Information: 0 : 29156, 1, 2024/05/29, 11:34:15.332, 4970075822825, vstest.console.dll, AssemblyResolver.OnResolve: Microsoft.Bcl.AsyncInterfaces: Assembly path does not exist: 'C:\Program Files\dotnet\sdk\8.0.202\Microsoft.Bcl.AsyncInterfaces.dll', returning.
TpTrace Information: 0 : 29156, 1, 2024/05/29, 11:34:15.332, 4970075823230, vstest.console.dll, AssemblyResolver.OnResolve: Microsoft.Bcl.AsyncInterfaces: Assembly path does not exist: 'C:\Program Files\dotnet\sdk\8.0.202\Microsoft.Bcl.AsyncInterfaces.exe', returning.
TpTrace Information: 0 : 29156, 1, 2024/05/29, 11:34:15.332, 4970075823469, vstest.console.dll, AssemblyResolver.OnResolve: Microsoft.Bcl.AsyncInterfaces: Failed to load assembly.
TpTrace Verbose: 0 : 29156, 1, 2024/05/29, 11:34:15.332, 4970075823793, vstest.console.dll, CurrentDomainAssemblyResolve: Resolving assembly 'Microsoft.Bcl.AsyncInterfaces'.
TpTrace Information: 0 : 29156, 1, 2024/05/29, 11:34:15.332, 4970075824309, vstest.console.dll, AssemblyResolver.OnResolve: Microsoft.Bcl.AsyncInterfaces: Resolving assembly.
TpTrace Information: 0 : 29156, 1, 2024/05/29, 11:34:15.332, 4970075824664, vstest.console.dll, AssemblyResolver.OnResolve: Microsoft.Bcl.AsyncInterfaces: Resolved from cache.
TpTrace Verbose: 0 : 29156, 1, 2024/05/29, 11:34:15.332, 4970075824959, vstest.console.dll, CurrentDomainAssemblyResolve: Resolving assembly 'Microsoft.Bcl.AsyncInterfaces'.
TpTrace Verbose: 0 : 29156, 1, 2024/05/29, 11:34:15.332, 4970075825331, vstest.console.dll, CurrentDomainAssemblyResolve: Failed to resolve assembly 'Microsoft.Bcl.AsyncInterfaces'.
TpTrace Verbose: 0 : 29156, 1, 2024/05/29, 11:34:15.333, 4970075833471, vstest.console.dll, CurrentDomainAssemblyResolve: Failed to resolve assembly 'Microsoft.Bcl.AsyncInterfaces'.
TpTrace Warning: 0 : 29156, 1, 2024/05/29, 11:34:15.350, 4970076005738, vstest.console.dll, TestPluginDiscoverer: Failed to get types from assembly 'Microsoft.Diagnostics.NETCore.Client, Version=0.2.9.2401, Culture=neutral, PublicKeyToken=31bf3856ad364e35'. Error: System.Reflection.ReflectionTypeLoadException: Unable to load one or more of the requested types.
Could not load file or assembly 'Microsoft.Bcl.AsyncInterfaces, Version=6.0.0.0, Culture=neutral, PublicKeyToken=cc7b13ffcd2ddd51'. The system cannot find the file specified.
   at System.Reflection.RuntimeModule.GetTypes(RuntimeModule module)
   at System.Reflection.RuntimeModule.GetTypes()
   at Microsoft.VisualStudio.TestPlatform.Common.ExtensionFramework.TestPluginDiscoverer.GetTestExtensionsFromAssembly[TPluginInfo,TExtension](Assembly assembly, Dictionary`2 pluginInfos, String filePath) in /_/src/Microsoft.TestPlatform.Common/ExtensionFramework/TestPluginDiscoverer.cs:line 158
System.IO.FileNotFoundException: Could not load file or assembly 'Microsoft.Bcl.AsyncInterfaces, Version=6.0.0.0, Culture=neutral, PublicKeyToken=cc7b13ffcd2ddd51'. The system cannot find the file specified.
File name: 'Microsoft.Bcl.AsyncInterfaces, Version=6.0.0.0, Culture=neutral, PublicKeyToken=cc7b13ffcd2ddd51'
 ---> System.IO.FileNotFoundException: Could not load file or assembly 'Microsoft.Bcl.AsyncInterfaces, Culture=neutral, PublicKeyToken=null'. The system cannot find the file specified.
File name: 'Microsoft.Bcl.AsyncInterfaces, Culture=neutral, PublicKeyToken=null'
   at System.Reflection.RuntimeAssembly.InternalLoad(AssemblyName assemblyName, StackCrawlMark& stackMark, AssemblyLoadContext assemblyLoadContext, RuntimeAssembly requestingAssembly, Boolean throwOnFileNotFound)
   at System.Reflection.Assembly.Load(AssemblyName assemblyRef)
   at Microsoft.VisualStudio.TestPlatform.Common.ExtensionFramework.TestPluginCache.CurrentDomainAssemblyResolve(Object sender, AssemblyResolveEventArgs args) in /_/src/Microsoft.TestPlatform.Common/ExtensionFramework/TestPluginCache.cs:line 513
   at System.Runtime.Loader.AssemblyLoadContext.GetFirstResolvedAssemblyFromResolvingEvent(AssemblyName assemblyName)
   at System.Runtime.Loader.AssemblyLoadContext.ResolveUsingEvent(AssemblyName assemblyName)
   at System.Runtime.Loader.AssemblyLoadContext.ResolveUsingResolvingEvent(IntPtr gchManagedAssemblyLoadContext, AssemblyName assemblyName)
TpTrace Warning: 0 : 29156, 1, 2024/05/29, 11:34:15.350, 4970076011037, vstest.console.dll, LoaderExceptions: System.IO.FileNotFoundException: Could not load file or assembly 'Microsoft.Bcl.AsyncInterfaces, Version=6.0.0.0, Culture=neutral, PublicKeyToken=cc7b13ffcd2ddd51'. The system cannot find the file specified.
File name: 'Microsoft.Bcl.AsyncInterfaces, Version=6.0.0.0, Culture=neutral, PublicKeyToken=cc7b13ffcd2ddd51'
 ---> System.IO.FileNotFoundException: Could not load file or assembly 'Microsoft.Bcl.AsyncInterfaces, Culture=neutral, PublicKeyToken=null'. The system cannot find the file specified.
File name: 'Microsoft.Bcl.AsyncInterfaces, Culture=neutral, PublicKeyToken=null'
   at System.Reflection.RuntimeAssembly.InternalLoad(AssemblyName assemblyName, StackCrawlMark& stackMark, AssemblyLoadContext assemblyLoadContext, RuntimeAssembly requestingAssembly, Boolean throwOnFileNotFound)
   at System.Reflection.Assembly.Load(AssemblyName assemblyRef)
   at Microsoft.VisualStudio.TestPlatform.Common.ExtensionFramework.TestPluginCache.CurrentDomainAssemblyResolve(Object sender, AssemblyResolveEventArgs args) in /_/src/Microsoft.TestPlatform.Common/ExtensionFramework/TestPluginCache.cs:line 513
   at System.Runtime.Loader.AssemblyLoadContext.GetFirstResolvedAssemblyFromResolvingEvent(AssemblyName assemblyName)
   at System.Runtime.Loader.AssemblyLoadContext.ResolveUsingEvent(AssemblyName assemblyName)
   at System.Runtime.Loader.AssemblyLoadContext.ResolveUsingResolvingEvent(IntPtr gchManagedAssemblyLoadContext, AssemblyName assemblyName)
TpTrace Information: 0 : 29156, 1, 2024/05/29, 11:34:15.351, 4970076012860, vstest.console.dll, AssemblyResolver.OnResolve: Microsoft.TestPlatform.Extensions.BlameDataCollector: Resolving assembly.
TpTrace Information: 0 : 29156, 1, 2024/05/29, 11:34:15.351, 4970076013325, vstest.console.dll, AssemblyResolver.OnResolve: Microsoft.TestPlatform.Extensions.BlameDataCollector: Searching in: 'C:\Program Files\dotnet\sdk\8.0.202\Extensions'.
TpTrace Information: 0 : 29156, 1, 2024/05/29, 11:34:15.351, 4970076017667, vstest.console.dll, AssemblyResolver.OnResolve: Microsoft.TestPlatform.Extensions.BlameDataCollector: Loading assembly 'C:\Program Files\dotnet\sdk\8.0.202\Extensions\Microsoft.TestPlatform.Extensions.BlameDataCollector.dll'.
TpTrace Information: 0 : 29156, 1, 2024/05/29, 11:34:15.352, 4970076024209, vstest.console.dll, AssemblyResolver.OnResolve: Resolved assembly: Microsoft.TestPlatform.Extensions.BlameDataCollector, from path: C:\Program Files\dotnet\sdk\8.0.202\Extensions\Microsoft.TestPlatform.Extensions.BlameDataCollector.dll
TpTrace Verbose: 0 : 29156, 1, 2024/05/29, 11:34:15.352, 4970076025338, vstest.console.dll, MetadataReaderExtensionsHelper: Discovering extensions inside assembly 'Microsoft.TestPlatform.Extensions.BlameDataCollector, Version=15.0.0.0, Culture=neutral, PublicKeyToken=b03f5f7f11d50a3a' file path 'C:\Program Files\dotnet\sdk\8.0.202\Extensions\Microsoft.TestPlatform.Extensions.BlameDataCollector.dll'
TpTrace Information: 0 : 29156, 1, 2024/05/29, 11:34:15.353, 4970076041160, vstest.console.dll, AssemblyResolver.OnResolve: Microsoft.TestPlatform.Extensions.EventLogCollector: Resolving assembly.
TpTrace Information: 0 : 29156, 1, 2024/05/29, 11:34:15.353, 4970076042038, vstest.console.dll, AssemblyResolver.OnResolve: Microsoft.TestPlatform.Extensions.EventLogCollector: Searching in: 'C:\Program Files\dotnet\sdk\8.0.202\Extensions'.
TpTrace Information: 0 : 29156, 1, 2024/05/29, 11:34:15.354, 4970076046089, vstest.console.dll, AssemblyResolver.OnResolve: Microsoft.TestPlatform.Extensions.EventLogCollector: Loading assembly 'C:\Program Files\dotnet\sdk\8.0.202\Extensions\Microsoft.TestPlatform.Extensions.EventLogCollector.dll'.
TpTrace Information: 0 : 29156, 1, 2024/05/29, 11:34:15.355, 4970076053236, vstest.console.dll, AssemblyResolver.OnResolve: Resolved assembly: Microsoft.TestPlatform.Extensions.EventLogCollector, from path: C:\Program Files\dotnet\sdk\8.0.202\Extensions\Microsoft.TestPlatform.Extensions.EventLogCollector.dll
TpTrace Verbose: 0 : 29156, 1, 2024/05/29, 11:34:15.355, 4970076055814, vstest.console.dll, MetadataReaderExtensionsHelper: Discovering extensions inside assembly 'Microsoft.TestPlatform.Extensions.EventLogCollector, Version=15.0.0.0, Culture=neutral, PublicKeyToken=b03f5f7f11d50a3a' file path 'C:\Program Files\dotnet\sdk\8.0.202\Extensions\Microsoft.TestPlatform.Extensions.EventLogCollector.dll'
TpTrace Information: 0 : 29156, 1, 2024/05/29, 11:34:15.358, 4970076087626, vstest.console.dll, AssemblyResolver.OnResolve: Microsoft.TestPlatform.TestHostRuntimeProvider: Resolving assembly.
TpTrace Information: 0 : 29156, 1, 2024/05/29, 11:34:15.358, 4970076088663, vstest.console.dll, AssemblyResolver.OnResolve: Microsoft.TestPlatform.TestHostRuntimeProvider: Searching in: 'C:\Program Files\dotnet\sdk\8.0.202\Extensions'.
TpTrace Information: 0 : 29156, 1, 2024/05/29, 11:34:15.358, 4970076091396, vstest.console.dll, AssemblyResolver.OnResolve: Microsoft.TestPlatform.TestHostRuntimeProvider: Loading assembly 'C:\Program Files\dotnet\sdk\8.0.202\Extensions\Microsoft.TestPlatform.TestHostRuntimeProvider.dll'.
TpTrace Information: 0 : 29156, 1, 2024/05/29, 11:34:15.359, 4970076096478, vstest.console.dll, AssemblyResolver.OnResolve: Resolved assembly: Microsoft.TestPlatform.TestHostRuntimeProvider, from path: C:\Program Files\dotnet\sdk\8.0.202\Extensions\Microsoft.TestPlatform.TestHostRuntimeProvider.dll
TpTrace Verbose: 0 : 29156, 1, 2024/05/29, 11:34:15.359, 4970076097222, vstest.console.dll, MetadataReaderExtensionsHelper: Discovering extensions inside assembly 'Microsoft.TestPlatform.TestHostRuntimeProvider, Version=15.0.0.0, Culture=neutral, PublicKeyToken=b03f5f7f11d50a3a' file path 'C:\Program Files\dotnet\sdk\8.0.202\Extensions\Microsoft.TestPlatform.TestHostRuntimeProvider.dll'
TpTrace Information: 0 : 29156, 1, 2024/05/29, 11:34:15.360, 4970076109977, vstest.console.dll, GetTestExtensionFromType: Register extension with identifier data 'HostProvider://DefaultTestHost' and type 'Microsoft.VisualStudio.TestPlatform.CrossPlatEngine.Hosting.DefaultTestHostManager, Microsoft.TestPlatform.TestHostRuntimeProvider, Version=15.0.0.0, Culture=neutral, PublicKeyToken=b03f5f7f11d50a3a' inside file 'C:\Program Files\dotnet\sdk\8.0.202\Extensions\Microsoft.TestPlatform.TestHostRuntimeProvider.dll'
TpTrace Information: 0 : 29156, 1, 2024/05/29, 11:34:15.361, 4970076112717, vstest.console.dll, GetTestExtensionFromType: Register extension with identifier data 'HostProvider://DotnetTestHost' and type 'Microsoft.VisualStudio.TestPlatform.CrossPlatEngine.Hosting.DotnetTestHostManager, Microsoft.TestPlatform.TestHostRuntimeProvider, Version=15.0.0.0, Culture=neutral, PublicKeyToken=b03f5f7f11d50a3a' inside file 'C:\Program Files\dotnet\sdk\8.0.202\Extensions\Microsoft.TestPlatform.TestHostRuntimeProvider.dll'
TpTrace Information: 0 : 29156, 1, 2024/05/29, 11:34:15.361, 4970076113489, vstest.console.dll, AssemblyResolver.OnResolve: Microsoft.VisualStudio.TestPlatform.Extensions.Html.TestLogger: Resolving assembly.
TpTrace Information: 0 : 29156, 1, 2024/05/29, 11:34:15.361, 4970076113995, vstest.console.dll, AssemblyResolver.OnResolve: Microsoft.VisualStudio.TestPlatform.Extensions.Html.TestLogger: Searching in: 'C:\Program Files\dotnet\sdk\8.0.202\Extensions'.
TpTrace Information: 0 : 29156, 1, 2024/05/29, 11:34:15.361, 4970076116994, vstest.console.dll, AssemblyResolver.OnResolve: Microsoft.VisualStudio.TestPlatform.Extensions.Html.TestLogger: Loading assembly 'C:\Program Files\dotnet\sdk\8.0.202\Extensions\Microsoft.VisualStudio.TestPlatform.Extensions.Html.TestLogger.dll'.
TpTrace Information: 0 : 29156, 1, 2024/05/29, 11:34:15.362, 4970076122890, vstest.console.dll, AssemblyResolver.OnResolve: Resolved assembly: Microsoft.VisualStudio.TestPlatform.Extensions.Html.TestLogger, from path: C:\Program Files\dotnet\sdk\8.0.202\Extensions\Microsoft.VisualStudio.TestPlatform.Extensions.Html.TestLogger.dll
TpTrace Verbose: 0 : 29156, 1, 2024/05/29, 11:34:15.362, 4970076123650, vstest.console.dll, MetadataReaderExtensionsHelper: Discovering extensions inside assembly 'Microsoft.VisualStudio.TestPlatform.Extensions.Html.TestLogger, Version=15.0.0.0, Culture=neutral, PublicKeyToken=b03f5f7f11d50a3a' file path 'C:\Program Files\dotnet\sdk\8.0.202\Extensions\Microsoft.VisualStudio.TestPlatform.Extensions.Html.TestLogger.dll'
TpTrace Information: 0 : 29156, 1, 2024/05/29, 11:34:15.362, 4970076130812, vstest.console.dll, AssemblyResolver.OnResolve: Microsoft.VisualStudio.TestPlatform.Extensions.Trx.TestLogger: Resolving assembly.
TpTrace Information: 0 : 29156, 1, 2024/05/29, 11:34:15.362, 4970076131449, vstest.console.dll, AssemblyResolver.OnResolve: Microsoft.VisualStudio.TestPlatform.Extensions.Trx.TestLogger: Searching in: 'C:\Program Files\dotnet\sdk\8.0.202\Extensions'.
TpTrace Information: 0 : 29156, 1, 2024/05/29, 11:34:15.363, 4970076134200, vstest.console.dll, AssemblyResolver.OnResolve: Microsoft.VisualStudio.TestPlatform.Extensions.Trx.TestLogger: Loading assembly 'C:\Program Files\dotnet\sdk\8.0.202\Extensions\Microsoft.VisualStudio.TestPlatform.Extensions.Trx.TestLogger.dll'.
TpTrace Information: 0 : 29156, 1, 2024/05/29, 11:34:15.363, 4970076140508, vstest.console.dll, AssemblyResolver.OnResolve: Resolved assembly: Microsoft.VisualStudio.TestPlatform.Extensions.Trx.TestLogger, from path: C:\Program Files\dotnet\sdk\8.0.202\Extensions\Microsoft.VisualStudio.TestPlatform.Extensions.Trx.TestLogger.dll
TpTrace Verbose: 0 : 29156, 1, 2024/05/29, 11:34:15.363, 4970076141177, vstest.console.dll, MetadataReaderExtensionsHelper: Discovering extensions inside assembly 'Microsoft.VisualStudio.TestPlatform.Extensions.Trx.TestLogger, Version=15.0.0.0, Culture=neutral, PublicKeyToken=b03f5f7f11d50a3a' file path 'C:\Program Files\dotnet\sdk\8.0.202\Extensions\Microsoft.VisualStudio.TestPlatform.Extensions.Trx.TestLogger.dll'
TpTrace Verbose: 0 : 29156, 1, 2024/05/29, 11:34:15.364, 4970076151518, vstest.console.dll, TestPluginCache: Discovered the extensions using extension path ''.
TpTrace Verbose: 0 : 29156, 1, 2024/05/29, 11:34:15.365, 4970076153422, vstest.console.dll, TestPluginCache: Discoverers are ''.
TpTrace Verbose: 0 : 29156, 1, 2024/05/29, 11:34:15.365, 4970076153758, vstest.console.dll, TestPluginCache: Executors are ''.
TpTrace Verbose: 0 : 29156, 1, 2024/05/29, 11:34:15.365, 4970076153978, vstest.console.dll, TestPluginCache: Executors2 are ''.
TpTrace Verbose: 0 : 29156, 1, 2024/05/29, 11:34:15.365, 4970076154194, vstest.console.dll, TestPluginCache: Setting providers are ''.
TpTrace Verbose: 0 : 29156, 1, 2024/05/29, 11:34:15.365, 4970076154534, vstest.console.dll, TestPluginCache: Loggers are ''.
TpTrace Verbose: 0 : 29156, 1, 2024/05/29, 11:34:15.365, 4970076156497, vstest.console.dll, TestPluginCache: TestHosts are 'HostProvider://DefaultTestHost,HostProvider://DotnetTestHost'.
TpTrace Verbose: 0 : 29156, 1, 2024/05/29, 11:34:15.365, 4970076157199, vstest.console.dll, TestPluginCache: DataCollectors are ''.
TpTrace Information: 0 : 29156, 1, 2024/05/29, 11:34:15.389, 4970076401406, vstest.console.dll, RunTestsArgumentProcessor:Execute: Test run is starting.
TpTrace Verbose: 0 : 29156, 1, 2024/05/29, 11:34:15.390, 4970076402765, vstest.console.dll, RunTestsArgumentProcessor:Execute: Queuing Test run.
TpTrace Information: 0 : 29156, 1, 2024/05/29, 11:34:15.390, 4970076405618, vstest.console.dll, TestRequestManager.RunTests: run tests started.
TpTrace Information: 0 : 29156, 1, 2024/05/29, 11:34:15.392, 4970076424039, vstest.console.dll, AssemblyMetadataProvider.GetFrameworkName: Determined framework:'.NETCoreApp,Version=v8.0' for source: 'C:\Users\VC\Desktop\Flight_Management_System\FlightManagementSystemSolution\FlightManagementUnitTests\bin\Debug\fine-code-coverage-net8.0\FlightManagementUnitTests.dll'
TpTrace Information: 0 : 29156, 1, 2024/05/29, 11:34:15.392, 4970076427067, vstest.console.dll, Determined framework for all sources: .NETCoreApp,Version=v8.0
TpTrace Verbose: 0 : 29156, 1, 2024/05/29, 11:34:15.393, 4970076433838, vstest.console.dll, TestRequestManager.UpdateRunSettingsIfRequired: Default architecture: X64 IsDefaultTargetArchitecture: True, Current process architecture: X64 OperatingSystem: Windows.
TpTrace Information: 0 : 29156, 1, 2024/05/29, 11:34:15.395, 4970076456269, vstest.console.dll, AssemblyMetadataProvider.GetArchitecture: Determined architecture:AnyCPU info for assembly: C:\Users\VC\Desktop\Flight_Management_System\FlightManagementSystemSolution\FlightManagementUnitTests\bin\Debug\fine-code-coverage-net8.0\FlightManagementUnitTests.dll
TpTrace Information: 0 : 29156, 1, 2024/05/29, 11:34:15.395, 4970076457461, vstest.console.dll, Determined platform for source 'C:\Users\VC\Desktop\Flight_Management_System\FlightManagementSystemSolution\FlightManagementUnitTests\bin\Debug\fine-code-coverage-net8.0\FlightManagementUnitTests.dll' was AnyCPU and it will use the default plaform X64.
TpTrace Information: 0 : 29156, 1, 2024/05/29, 11:34:15.395, 4970076458890, vstest.console.dll, None of the sources provided any runnable platform, using the default platform: X64
TpTrace Information: 0 : 29156, 1, 2024/05/29, 11:34:15.395, 4970076461736, vstest.console.dll, Platform was updated to 'X64'.
TpTrace Information: 0 : 29156, 1, 2024/05/29, 11:34:15.399, 4970076502049, vstest.console.dll, InferRunSettingsHelper.IsTestSettingsEnabled: Unable to navigate to RunSettings/MSTest. Current node: RunSettings
TpTrace Information: 0 : 29156, 1, 2024/05/29, 11:34:15.400, 4970076511398, vstest.console.dll, AssemblyResolver.OnResolve: Microsoft.VisualStudio.TestPlatform.Fakes: Resolving assembly.
TpTrace Information: 0 : 29156, 1, 2024/05/29, 11:34:15.401, 4970076512735, vstest.console.dll, AssemblyResolver.OnResolve: Microsoft.VisualStudio.TestPlatform.Fakes: Searching in: 'C:\Program Files\dotnet\sdk\8.0.202\Extensions'.
TpTrace Information: 0 : 29156, 1, 2024/05/29, 11:34:15.401, 4970076514446, vstest.console.dll, AssemblyResolver.OnResolve: Microsoft.VisualStudio.TestPlatform.Fakes: Assembly path does not exist: 'C:\Program Files\dotnet\sdk\8.0.202\Extensions\Microsoft.VisualStudio.TestPlatform.Fakes.dll', returning.
TpTrace Information: 0 : 29156, 1, 2024/05/29, 11:34:15.401, 4970076515307, vstest.console.dll, AssemblyResolver.OnResolve: Microsoft.VisualStudio.TestPlatform.Fakes: Assembly path does not exist: 'C:\Program Files\dotnet\sdk\8.0.202\Extensions\Microsoft.VisualStudio.TestPlatform.Fakes.exe', returning.
TpTrace Information: 0 : 29156, 1, 2024/05/29, 11:34:15.401, 4970076515696, vstest.console.dll, AssemblyResolver.OnResolve: Microsoft.VisualStudio.TestPlatform.Fakes: Searching in: 'C:\Program Files\dotnet\sdk\8.0.202'.
TpTrace Information: 0 : 29156, 1, 2024/05/29, 11:34:15.401, 4970076516424, vstest.console.dll, AssemblyResolver.OnResolve: Microsoft.VisualStudio.TestPlatform.Fakes: Assembly path does not exist: 'C:\Program Files\dotnet\sdk\8.0.202\Microsoft.VisualStudio.TestPlatform.Fakes.dll', returning.
TpTrace Information: 0 : 29156, 1, 2024/05/29, 11:34:15.401, 4970076518289, vstest.console.dll, AssemblyResolver.OnResolve: Microsoft.VisualStudio.TestPlatform.Fakes: Assembly path does not exist: 'C:\Program Files\dotnet\sdk\8.0.202\Microsoft.VisualStudio.TestPlatform.Fakes.exe', returning.
TpTrace Information: 0 : 29156, 1, 2024/05/29, 11:34:15.401, 4970076518952, vstest.console.dll, AssemblyResolver.OnResolve: Microsoft.VisualStudio.TestPlatform.Fakes: Failed to load assembly.
TpTrace Information: 0 : 29156, 1, 2024/05/29, 11:34:15.402, 4970076523071, vstest.console.dll, Failed to load assembly Microsoft.VisualStudio.TestPlatform.Fakes, Version=17.0.0.0, Culture=neutral. Reason:System.IO.FileNotFoundException: Could not load file or assembly 'Microsoft.VisualStudio.TestPlatform.Fakes, Version=17.0.0.0, Culture=neutral, PublicKeyToken=null'. The system cannot find the file specified.
File name: 'Microsoft.VisualStudio.TestPlatform.Fakes, Version=17.0.0.0, Culture=neutral, PublicKeyToken=null'
   at System.Reflection.RuntimeAssembly.InternalLoad(AssemblyName assemblyName, StackCrawlMark& stackMark, AssemblyLoadContext assemblyLoadContext, RuntimeAssembly requestingAssembly, Boolean throwOnFileNotFound)
   at System.Reflection.Assembly.Load(AssemblyName assemblyRef)
   at Microsoft.VisualStudio.TestPlatform.Common.Utilities.FakesUtilities.LoadTestPlatformAssembly() in /_/src/Microsoft.TestPlatform.Common/Utilities/FakesUtilities.cs:line 272
TpTrace Verbose: 0 : 29156, 1, 2024/05/29, 11:34:15.408, 4970076583127, vstest.console.dll, TestPluginCache.DiscoverTestExtensions: finding test extensions in assemblies ends with: TestLogger.dll TPluginInfo: Microsoft.VisualStudio.TestPlatform.Common.ExtensionFramework.Utilities.TestLoggerPluginInformation TExtension: Microsoft.VisualStudio.TestPlatform.ObjectModel.Client.ITestLogger
TpTrace Verbose: 0 : 29156, 1, 2024/05/29, 11:34:15.408, 4970076586134, vstest.console.dll, TestPluginCache.GetExtensionPaths: Filtered extension paths: 
TpTrace Verbose: 0 : 29156, 1, 2024/05/29, 11:34:15.408, 4970076587120, vstest.console.dll, TestPluginCache.GetExtensionPaths: Added default extension paths: C:\Program Files\dotnet\sdk\8.0.202\Extensions\Microsoft.Diagnostics.NETCore.Client.dll
C:\Program Files\dotnet\sdk\8.0.202\Extensions\Microsoft.TestPlatform.Extensions.BlameDataCollector.dll
C:\Program Files\dotnet\sdk\8.0.202\Extensions\Microsoft.TestPlatform.Extensions.EventLogCollector.dll
C:\Program Files\dotnet\sdk\8.0.202\Extensions\Microsoft.TestPlatform.TestHostRuntimeProvider.dll
C:\Program Files\dotnet\sdk\8.0.202\Extensions\Microsoft.VisualStudio.TestPlatform.Extensions.Html.TestLogger.dll
C:\Program Files\dotnet\sdk\8.0.202\Extensions\Microsoft.VisualStudio.TestPlatform.Extensions.Trx.TestLogger.dll
TpTrace Verbose: 0 : 29156, 1, 2024/05/29, 11:34:15.408, 4970076587972, vstest.console.dll, TestPluginCache.GetExtensionPaths: Added unfilterableExtensionPaths: 
TpTrace Information: 0 : 29156, 1, 2024/05/29, 11:34:15.408, 4970076590692, vstest.console.dll, AssemblyResolver.AddSearchDirectories: Adding more searchDirectories C:\Program Files\dotnet\sdk\8.0.202\Extensions,C:\Program Files\dotnet\sdk\8.0.202
TpTrace Verbose: 0 : 29156, 1, 2024/05/29, 11:34:15.408, 4970076591319, vstest.console.dll, TestPluginCache.DiscoverTestExtensions: Discovering the extensions using extension path.
TpTrace Verbose: 0 : 29156, 1, 2024/05/29, 11:34:15.408, 4970076591881, vstest.console.dll, TestPluginCache.GetExtensionPaths: Filtered extension paths: 
TpTrace Verbose: 0 : 29156, 1, 2024/05/29, 11:34:15.409, 4970076592377, vstest.console.dll, TestPluginCache.GetExtensionPaths: Added default extension paths: C:\Program Files\dotnet\sdk\8.0.202\Extensions\Microsoft.Diagnostics.NETCore.Client.dll
C:\Program Files\dotnet\sdk\8.0.202\Extensions\Microsoft.TestPlatform.Extensions.BlameDataCollector.dll
C:\Program Files\dotnet\sdk\8.0.202\Extensions\Microsoft.TestPlatform.Extensions.EventLogCollector.dll
C:\Program Files\dotnet\sdk\8.0.202\Extensions\Microsoft.TestPlatform.TestHostRuntimeProvider.dll
C:\Program Files\dotnet\sdk\8.0.202\Extensions\Microsoft.VisualStudio.TestPlatform.Extensions.Html.TestLogger.dll
C:\Program Files\dotnet\sdk\8.0.202\Extensions\Microsoft.VisualStudio.TestPlatform.Extensions.Trx.TestLogger.dll
TpTrace Verbose: 0 : 29156, 1, 2024/05/29, 11:34:15.409, 4970076592754, vstest.console.dll, TestPluginCache.GetExtensionPaths: Added unfilterableExtensionPaths: 
TpTrace Verbose: 0 : 29156, 1, 2024/05/29, 11:34:15.409, 4970076593877, vstest.console.dll, TestPluginCache.DiscoverTestExtensions: Discovering the extensions using allExtensionPaths: C:\Program Files\dotnet\sdk\8.0.202\Extensions\Microsoft.Diagnostics.NETCore.Client.dll
C:\Program Files\dotnet\sdk\8.0.202\Extensions\Microsoft.TestPlatform.Extensions.BlameDataCollector.dll
C:\Program Files\dotnet\sdk\8.0.202\Extensions\Microsoft.TestPlatform.Extensions.EventLogCollector.dll
C:\Program Files\dotnet\sdk\8.0.202\Extensions\Microsoft.TestPlatform.TestHostRuntimeProvider.dll
C:\Program Files\dotnet\sdk\8.0.202\Extensions\Microsoft.VisualStudio.TestPlatform.Extensions.Html.TestLogger.dll
C:\Program Files\dotnet\sdk\8.0.202\Extensions\Microsoft.VisualStudio.TestPlatform.Extensions.Trx.TestLogger.dll
TpTrace Information: 0 : 29156, 1, 2024/05/29, 11:34:15.409, 4970076594770, vstest.console.dll, AssemblyResolver.AddSearchDirectories: Adding more searchDirectories C:\Program Files\dotnet\sdk\8.0.202\Extensions,C:\Program Files\dotnet\sdk\8.0.202
TpTrace Information: 0 : 29156, 1, 2024/05/29, 11:34:15.409, 4970076595294, vstest.console.dll, AssemblyResolver.AddSearchDirectories: Adding more searchDirectories C:\Program Files\dotnet\sdk\8.0.202\Extensions,C:\Program Files\dotnet\sdk\8.0.202
TpTrace Information: 0 : 29156, 1, 2024/05/29, 11:34:15.409, 4970076595644, vstest.console.dll, AssemblyResolver.AddSearchDirectories: Adding more searchDirectories C:\Program Files\dotnet\sdk\8.0.202\Extensions,C:\Program Files\dotnet\sdk\8.0.202
TpTrace Information: 0 : 29156, 1, 2024/05/29, 11:34:15.409, 4970076595989, vstest.console.dll, AssemblyResolver.AddSearchDirectories: Adding more searchDirectories C:\Program Files\dotnet\sdk\8.0.202\Extensions,C:\Program Files\dotnet\sdk\8.0.202
TpTrace Information: 0 : 29156, 1, 2024/05/29, 11:34:15.409, 4970076596357, vstest.console.dll, AssemblyResolver.AddSearchDirectories: Adding more searchDirectories C:\Program Files\dotnet\sdk\8.0.202\Extensions,C:\Program Files\dotnet\sdk\8.0.202
TpTrace Information: 0 : 29156, 1, 2024/05/29, 11:34:15.409, 4970076596779, vstest.console.dll, AssemblyResolver.AddSearchDirectories: Adding more searchDirectories C:\Program Files\dotnet\sdk\8.0.202\Extensions,C:\Program Files\dotnet\sdk\8.0.202
TpTrace Verbose: 0 : 29156, 1, 2024/05/29, 11:34:15.409, 4970076598417, vstest.console.dll, MetadataReaderExtensionsHelper: Discovering extensions inside assembly 'Microsoft.Diagnostics.NETCore.Client, Version=0.2.9.2401, Culture=neutral, PublicKeyToken=31bf3856ad364e35' file path 'C:\Program Files\dotnet\sdk\8.0.202\Extensions\Microsoft.Diagnostics.NETCore.Client.dll'
TpTrace Information: 0 : 29156, 1, 2024/05/29, 11:34:15.411, 4970076612889, vstest.console.dll, AssemblyResolver.OnResolve: Microsoft.Bcl.AsyncInterfaces: Resolving assembly.
TpTrace Information: 0 : 29156, 1, 2024/05/29, 11:34:15.411, 4970076614379, vstest.console.dll, AssemblyResolver.OnResolve: Microsoft.Bcl.AsyncInterfaces: Resolved from cache.
TpTrace Verbose: 0 : 29156, 1, 2024/05/29, 11:34:15.411, 4970076614803, vstest.console.dll, CurrentDomainAssemblyResolve: Resolving assembly 'Microsoft.Bcl.AsyncInterfaces'.
TpTrace Information: 0 : 29156, 1, 2024/05/29, 11:34:15.411, 4970076615397, vstest.console.dll, AssemblyResolver.OnResolve: Microsoft.Bcl.AsyncInterfaces: Resolving assembly.
TpTrace Information: 0 : 29156, 1, 2024/05/29, 11:34:15.411, 4970076615852, vstest.console.dll, AssemblyResolver.OnResolve: Microsoft.Bcl.AsyncInterfaces: Resolved from cache.
TpTrace Verbose: 0 : 29156, 1, 2024/05/29, 11:34:15.411, 4970076616134, vstest.console.dll, CurrentDomainAssemblyResolve: Resolving assembly 'Microsoft.Bcl.AsyncInterfaces'.
TpTrace Verbose: 0 : 29156, 1, 2024/05/29, 11:34:15.411, 4970076616473, vstest.console.dll, CurrentDomainAssemblyResolve: Failed to resolve assembly 'Microsoft.Bcl.AsyncInterfaces'.
TpTrace Verbose: 0 : 29156, 1, 2024/05/29, 11:34:15.411, 4970076620450, vstest.console.dll, CurrentDomainAssemblyResolve: Failed to resolve assembly 'Microsoft.Bcl.AsyncInterfaces'.
TpTrace Warning: 0 : 29156, 1, 2024/05/29, 11:34:15.412, 4970076627840, vstest.console.dll, TestPluginDiscoverer: Failed to get types from assembly 'Microsoft.Diagnostics.NETCore.Client, Version=0.2.9.2401, Culture=neutral, PublicKeyToken=31bf3856ad364e35'. Error: System.Reflection.ReflectionTypeLoadException: Unable to load one or more of the requested types.
Could not load file or assembly 'Microsoft.Bcl.AsyncInterfaces, Version=6.0.0.0, Culture=neutral, PublicKeyToken=cc7b13ffcd2ddd51'. The system cannot find the file specified.
   at System.Reflection.RuntimeModule.GetTypes(RuntimeModule module)
   at System.Reflection.RuntimeModule.GetTypes()
   at Microsoft.VisualStudio.TestPlatform.Common.ExtensionFramework.TestPluginDiscoverer.GetTestExtensionsFromAssembly[TPluginInfo,TExtension](Assembly assembly, Dictionary`2 pluginInfos, String filePath) in /_/src/Microsoft.TestPlatform.Common/ExtensionFramework/TestPluginDiscoverer.cs:line 158
System.IO.FileNotFoundException: Could not load file or assembly 'Microsoft.Bcl.AsyncInterfaces, Version=6.0.0.0, Culture=neutral, PublicKeyToken=cc7b13ffcd2ddd51'. The system cannot find the file specified.
File name: 'Microsoft.Bcl.AsyncInterfaces, Version=6.0.0.0, Culture=neutral, PublicKeyToken=cc7b13ffcd2ddd51'
 ---> System.IO.FileNotFoundException: Could not load file or assembly 'Microsoft.Bcl.AsyncInterfaces, Culture=neutral, PublicKeyToken=null'. The system cannot find the file specified.
File name: 'Microsoft.Bcl.AsyncInterfaces, Culture=neutral, PublicKeyToken=null'
   at System.Reflection.RuntimeAssembly.InternalLoad(AssemblyName assemblyName, StackCrawlMark& stackMark, AssemblyLoadContext assemblyLoadContext, RuntimeAssembly requestingAssembly, Boolean throwOnFileNotFound)
   at System.Reflection.Assembly.Load(AssemblyName assemblyRef)
   at Microsoft.VisualStudio.TestPlatform.Common.ExtensionFramework.TestPluginCache.CurrentDomainAssemblyResolve(Object sender, AssemblyResolveEventArgs args) in /_/src/Microsoft.TestPlatform.Common/ExtensionFramework/TestPluginCache.cs:line 513
   at System.Runtime.Loader.AssemblyLoadContext.GetFirstResolvedAssemblyFromResolvingEvent(AssemblyName assemblyName)
   at System.Runtime.Loader.AssemblyLoadContext.ResolveUsingEvent(AssemblyName assemblyName)
   at System.Runtime.Loader.AssemblyLoadContext.ResolveUsingResolvingEvent(IntPtr gchManagedAssemblyLoadContext, AssemblyName assemblyName)
TpTrace Warning: 0 : 29156, 1, 2024/05/29, 11:34:15.412, 4970076630570, vstest.console.dll, LoaderExceptions: System.IO.FileNotFoundException: Could not load file or assembly 'Microsoft.Bcl.AsyncInterfaces, Version=6.0.0.0, Culture=neutral, PublicKeyToken=cc7b13ffcd2ddd51'. The system cannot find the file specified.
File name: 'Microsoft.Bcl.AsyncInterfaces, Version=6.0.0.0, Culture=neutral, PublicKeyToken=cc7b13ffcd2ddd51'
 ---> System.IO.FileNotFoundException: Could not load file or assembly 'Microsoft.Bcl.AsyncInterfaces, Culture=neutral, PublicKeyToken=null'. The system cannot find the file specified.
File name: 'Microsoft.Bcl.AsyncInterfaces, Culture=neutral, PublicKeyToken=null'
   at System.Reflection.RuntimeAssembly.InternalLoad(AssemblyName assemblyName, StackCrawlMark& stackMark, AssemblyLoadContext assemblyLoadContext, RuntimeAssembly requestingAssembly, Boolean throwOnFileNotFound)
   at System.Reflection.Assembly.Load(AssemblyName assemblyRef)
   at Microsoft.VisualStudio.TestPlatform.Common.ExtensionFramework.TestPluginCache.CurrentDomainAssemblyResolve(Object sender, AssemblyResolveEventArgs args) in /_/src/Microsoft.TestPlatform.Common/ExtensionFramework/TestPluginCache.cs:line 513
   at System.Runtime.Loader.AssemblyLoadContext.GetFirstResolvedAssemblyFromResolvingEvent(AssemblyName assemblyName)
   at System.Runtime.Loader.AssemblyLoadContext.ResolveUsingEvent(AssemblyName assemblyName)
   at System.Runtime.Loader.AssemblyLoadContext.ResolveUsingResolvingEvent(IntPtr gchManagedAssemblyLoadContext, AssemblyName assemblyName)
TpTrace Verbose: 0 : 29156, 1, 2024/05/29, 11:34:15.412, 4970076631705, vstest.console.dll, MetadataReaderExtensionsHelper: Discovering extensions inside assembly 'Microsoft.TestPlatform.Extensions.BlameDataCollector, Version=15.0.0.0, Culture=neutral, PublicKeyToken=b03f5f7f11d50a3a' file path 'C:\Program Files\dotnet\sdk\8.0.202\Extensions\Microsoft.TestPlatform.Extensions.BlameDataCollector.dll'
TpTrace Information: 0 : 29156, 1, 2024/05/29, 11:34:15.413, 4970076640348, vstest.console.dll, GetTestExtensionFromType: Register extension with identifier data 'logger://Microsoft/TestPlatform/Extensions/Blame/v1' and type 'Microsoft.TestPlatform.Extensions.BlameDataCollector.BlameLogger, Microsoft.TestPlatform.Extensions.BlameDataCollector, Version=15.0.0.0, Culture=neutral, PublicKeyToken=b03f5f7f11d50a3a' inside file 'C:\Program Files\dotnet\sdk\8.0.202\Extensions\Microsoft.TestPlatform.Extensions.BlameDataCollector.dll'
TpTrace Verbose: 0 : 29156, 1, 2024/05/29, 11:34:15.413, 4970076641231, vstest.console.dll, MetadataReaderExtensionsHelper: Discovering extensions inside assembly 'Microsoft.TestPlatform.Extensions.EventLogCollector, Version=15.0.0.0, Culture=neutral, PublicKeyToken=b03f5f7f11d50a3a' file path 'C:\Program Files\dotnet\sdk\8.0.202\Extensions\Microsoft.TestPlatform.Extensions.EventLogCollector.dll'
TpTrace Verbose: 0 : 29156, 1, 2024/05/29, 11:34:15.414, 4970076644201, vstest.console.dll, MetadataReaderExtensionsHelper: Discovering extensions inside assembly 'Microsoft.TestPlatform.TestHostRuntimeProvider, Version=15.0.0.0, Culture=neutral, PublicKeyToken=b03f5f7f11d50a3a' file path 'C:\Program Files\dotnet\sdk\8.0.202\Extensions\Microsoft.TestPlatform.TestHostRuntimeProvider.dll'
TpTrace Verbose: 0 : 29156, 1, 2024/05/29, 11:34:15.414, 4970076646563, vstest.console.dll, MetadataReaderExtensionsHelper: Discovering extensions inside assembly 'Microsoft.VisualStudio.TestPlatform.Extensions.Html.TestLogger, Version=15.0.0.0, Culture=neutral, PublicKeyToken=b03f5f7f11d50a3a' file path 'C:\Program Files\dotnet\sdk\8.0.202\Extensions\Microsoft.VisualStudio.TestPlatform.Extensions.Html.TestLogger.dll'
TpTrace Information: 0 : 29156, 1, 2024/05/29, 11:34:15.414, 4970076652057, vstest.console.dll, GetTestExtensionFromType: Register extension with identifier data 'logger://Microsoft/TestPlatform/HtmlLogger/v1' and type 'Microsoft.VisualStudio.TestPlatform.Extensions.HtmlLogger.HtmlLogger, Microsoft.VisualStudio.TestPlatform.Extensions.Html.TestLogger, Version=15.0.0.0, Culture=neutral, PublicKeyToken=b03f5f7f11d50a3a' inside file 'C:\Program Files\dotnet\sdk\8.0.202\Extensions\Microsoft.VisualStudio.TestPlatform.Extensions.Html.TestLogger.dll'
TpTrace Verbose: 0 : 29156, 1, 2024/05/29, 11:34:15.415, 4970076653091, vstest.console.dll, MetadataReaderExtensionsHelper: Discovering extensions inside assembly 'Microsoft.VisualStudio.TestPlatform.Extensions.Trx.TestLogger, Version=15.0.0.0, Culture=neutral, PublicKeyToken=b03f5f7f11d50a3a' file path 'C:\Program Files\dotnet\sdk\8.0.202\Extensions\Microsoft.VisualStudio.TestPlatform.Extensions.Trx.TestLogger.dll'
TpTrace Information: 0 : 29156, 1, 2024/05/29, 11:34:15.415, 4970076658947, vstest.console.dll, GetTestExtensionFromType: Register extension with identifier data 'logger://Microsoft/TestPlatform/TrxLogger/v1' and type 'Microsoft.VisualStudio.TestPlatform.Extensions.TrxLogger.TrxLogger, Microsoft.VisualStudio.TestPlatform.Extensions.Trx.TestLogger, Version=15.0.0.0, Culture=neutral, PublicKeyToken=b03f5f7f11d50a3a' inside file 'C:\Program Files\dotnet\sdk\8.0.202\Extensions\Microsoft.VisualStudio.TestPlatform.Extensions.Trx.TestLogger.dll'
TpTrace Verbose: 0 : 29156, 1, 2024/05/29, 11:34:15.415, 4970076660328, vstest.console.dll, TestPluginCache: Discovered the extensions using extension path ''.
TpTrace Verbose: 0 : 29156, 1, 2024/05/29, 11:34:15.415, 4970076660724, vstest.console.dll, TestPluginCache: Discoverers are ''.
TpTrace Verbose: 0 : 29156, 1, 2024/05/29, 11:34:15.415, 4970076661030, vstest.console.dll, TestPluginCache: Executors are ''.
TpTrace Verbose: 0 : 29156, 1, 2024/05/29, 11:34:15.415, 4970076661384, vstest.console.dll, TestPluginCache: Executors2 are ''.
TpTrace Verbose: 0 : 29156, 1, 2024/05/29, 11:34:15.415, 4970076661757, vstest.console.dll, TestPluginCache: Setting providers are ''.
TpTrace Verbose: 0 : 29156, 1, 2024/05/29, 11:34:15.416, 4970076662968, vstest.console.dll, TestPluginCache: Loggers are 'logger://Microsoft/TestPlatform/Extensions/Blame/v1,logger://Microsoft/TestPlatform/HtmlLogger/v1,logger://Microsoft/TestPlatform/TrxLogger/v1'.
TpTrace Verbose: 0 : 29156, 1, 2024/05/29, 11:34:15.416, 4970076663768, vstest.console.dll, TestPluginCache: TestHosts are 'HostProvider://DefaultTestHost,HostProvider://DotnetTestHost'.
TpTrace Verbose: 0 : 29156, 1, 2024/05/29, 11:34:15.416, 4970076664328, vstest.console.dll, TestPluginCache: DataCollectors are ''.
TpTrace Information: 0 : 29156, 1, 2024/05/29, 11:34:15.417, 4970076676629, vstest.console.dll, TestPluginManager.CreateTestExtension: Attempting to load test extension: Microsoft.TestPlatform.Extensions.BlameDataCollector.BlameLogger
TpTrace Verbose: 0 : 29156, 1, 2024/05/29, 11:34:15.425, 4970076752902, vstest.console.dll, TestEngine: Initializing Parallel Execution as MaxCpuCount is set to: 1
TpTrace Information: 0 : 29156, 1, 2024/05/29, 11:34:15.427, 4970076776350, vstest.console.dll, TestPluginManager.CreateTestExtension: Attempting to load test extension: Microsoft.VisualStudio.TestPlatform.CrossPlatEngine.Hosting.DefaultTestHostManager
TpTrace Information: 0 : 29156, 1, 2024/05/29, 11:34:15.429, 4970076794333, vstest.console.dll, TestPluginManager.CreateTestExtension: Attempting to load test extension: Microsoft.VisualStudio.TestPlatform.CrossPlatEngine.Hosting.DotnetTestHostManager
TpTrace Information: 0 : 29156, 1, 2024/05/29, 11:34:15.430, 4970076804175, vstest.console.dll, InferRunSettingsHelper.IsTestSettingsEnabled: Unable to navigate to RunSettings/MSTest. Current node: RunSettings
TpTrace Verbose: 0 : 29156, 1, 2024/05/29, 11:34:15.431, 4970076816905, vstest.console.dll, ParallelOperationManager.ClearSlots: Clearing all slots. Slots should accept more work: True
TpTrace Verbose: 0 : 29156, 1, 2024/05/29, 11:34:15.432, 4970076825941, vstest.console.dll, ParallelOperationManager.SetOccupiedSlotCount: Setting slot counts AvailableSlotCount = 1, OccupiedSlotCount = 0.
TpTrace Verbose: 0 : 29156, 1, 2024/05/29, 11:34:15.432, 4970076830186, vstest.console.dll, Occupied slots:

TpTrace Verbose: 0 : 29156, 1, 2024/05/29, 11:34:15.438, 4970076891316, vstest.console.dll, TestEngine.GetExecutionManager: Chosen execution manager 'Microsoft.VisualStudio.TestPlatform.CrossPlatEngine.Client.Parallel.ParallelProxyExecutionManager, Microsoft.TestPlatform.CrossPlatEngine, Version=15.0.0.0, Culture=neutral, PublicKeyToken=b03f5f7f11d50a3a' ParallelLevel '1'.
TpTrace Verbose: 0 : 29156, 1, 2024/05/29, 11:34:15.439, 4970076893932, vstest.console.dll, TestRunRequest.ExecuteAsync: Creating test run request.
TpTrace Verbose: 0 : 29156, 1, 2024/05/29, 11:34:15.439, 4970076897320, vstest.console.dll, TestRunRequest.ExecuteAsync: Starting.
TpTrace Information: 0 : 29156, 1, 2024/05/29, 11:34:15.442, 4970076922242, vstest.console.dll, TestRunRequest.ExecuteAsync: Starting run with settings:TestRunCriteria:
   KeepAlive=False,FrequencyOfRunStatsChangeEvent=10,RunStatsChangeEventTimeout=00:00:01.5000000,TestCaseFilter=,TestExecutorLauncher=
   Settingsxml=<RunSettings>
  <RunConfiguration>
    <ResultsDirectory>C:\Users\VC\Desktop\Flight_Management_System\FlightManagementSystemSolution\FlightManagementUnitTests\bin\Debug\net8.0\fine-code-coverage\coverage-tool-output</ResultsDirectory>
    <TargetPlatform>X64</TargetPlatform>
    <TargetFrameworkVersion>.NETCoreApp,Version=v8.0</TargetFrameworkVersion>
    <DesignMode>False</DesignMode>
    <CollectSourceInformation>False</CollectSourceInformation>
  </RunConfiguration>
  <LoggerRunSettings>
    <Loggers>
      <Logger friendlyName="blame" enabled="True" />
      <Logger friendlyName="Console" uri="logger://microsoft/TestPlatform/ConsoleLogger/v1" assemblyQualifiedName="Microsoft.VisualStudio.TestPlatform.CommandLine.Internal.ConsoleLogger, vstest.console, Version=15.0.0.0, Culture=neutral, PublicKeyToken=b03f5f7f11d50a3a" codeBase="C:\Program Files\dotnet\sdk\8.0.202\vstest.console.dll" enabled="True" />
    </Loggers>
  </LoggerRunSettings>
  <DataCollectionRunSettings>
    <DataCollectors>
      <DataCollector friendlyName="blame" enabled="True">
        <Configuration>
          <ResultsDirectory>C:\Users\VC\Desktop\Flight_Management_System\FlightManagementSystemSolution\FlightManagementUnitTests\bin\Debug\net8.0\fine-code-coverage\coverage-tool-output</ResultsDirectory>
        </Configuration>
      </DataCollector>
    </DataCollectors>
  </DataCollectionRunSettings>
</RunSettings>

TpTrace Verbose: 0 : 29156, 1, 2024/05/29, 11:34:15.442, 4970076924166, vstest.console.dll, TestRunRequest.ExecuteAsync: Wait for the first run request is over.
TpTrace Verbose: 0 : 29156, 1, 2024/05/29, 11:34:15.442, 4970076929127, vstest.console.dll, MulticastDelegateUtilities.SafeInvoke: TestRun.TestRunStart: Invoking callbacks was skipped because there are no subscribers.
TpTrace Verbose: 0 : 29156, 4, 2024/05/29, 11:34:15.443, 4970076933033, vstest.console.dll, MulticastDelegateUtilities.SafeInvoke: InternalTestLoggerEvents.SendTestRunStart: Invoking callback 1/1 for Microsoft.VisualStudio.TestPlatform.CommandLine.Internal.ConsoleLogger., took 0 ms.
TpTrace Verbose: 0 : 29156, 1, 2024/05/29, 11:34:15.448, 4970076991261, vstest.console.dll, ParallelProxyExecutionManager: Start execution. Total sources: 1
TpTrace Verbose: 0 : 29156, 1, 2024/05/29, 11:34:15.449, 4970076999391, vstest.console.dll, ParallelOperationManager.StartWork: Starting adding 1 workloads.
TpTrace Verbose: 0 : 29156, 1, 2024/05/29, 11:34:15.449, 4970077001292, vstest.console.dll, ParallelOperationManager.ClearSlots: Clearing all slots. Slots should accept more work: True
TpTrace Verbose: 0 : 29156, 1, 2024/05/29, 11:34:15.450, 4970077006308, vstest.console.dll, ParallelOperationManager.SetOccupiedSlotCount: Setting slot counts AvailableSlotCount = 1, OccupiedSlotCount = 0.
TpTrace Verbose: 0 : 29156, 1, 2024/05/29, 11:34:15.450, 4970077007160, vstest.console.dll, Occupied slots:

TpTrace Verbose: 0 : 29156, 1, 2024/05/29, 11:34:15.453, 4970077034833, vstest.console.dll, TestRequestSender is acting as server.
TpTrace Verbose: 0 : 29156, 1, 2024/05/29, 11:34:15.456, 4970077062615, vstest.console.dll, ParallelOperationManager.RunWorkInParallel: Adding 1 workload to slot, remaining workloads 0.
TpTrace Verbose: 0 : 29156, 1, 2024/05/29, 11:34:15.456, 4970077064339, vstest.console.dll, ParallelOperationManager.SetOccupiedSlotCount: Setting slot counts AvailableSlotCount = 0, OccupiedSlotCount = 1.
TpTrace Verbose: 0 : 29156, 1, 2024/05/29, 11:34:15.456, 4970077066122, vstest.console.dll, Occupied slots:
0: C:\Users\VC\Desktop\Flight_Management_System\FlightManagementSystemSolution\FlightManagementUnitTests\bin\Debug\fine-code-coverage-net8.0\FlightManagementUnitTests.dll
TpTrace Verbose: 0 : 29156, 1, 2024/05/29, 11:34:15.457, 4970077080733, vstest.console.dll, ParallelOperationManager.RunWorkInParallel: Started host in slot number 0 for work (source): C:\Users\VC\Desktop\Flight_Management_System\FlightManagementSystemSolution\FlightManagementUnitTests\bin\Debug\fine-code-coverage-net8.0\FlightManagementUnitTests.dll.
TpTrace Verbose: 0 : 29156, 1, 2024/05/29, 11:34:15.459, 4970077093586, vstest.console.dll, ParallelOperationManager.RunWorkInParallel: We started 1 work items, which is the max parallel level. Won't start more work.
TpTrace Verbose: 0 : 29156, 1, 2024/05/29, 11:34:15.459, 4970077095009, vstest.console.dll, ParallelOperationManager.RunWorkInParallel: We started 1 work items in here, returning True.
TpTrace Information: 0 : 29156, 1, 2024/05/29, 11:34:15.459, 4970077095581, vstest.console.dll, TestRunRequest.ExecuteAsync: Started.
TpTrace Verbose: 0 : 29156, 5, 2024/05/29, 11:34:15.459, 4970077095104, vstest.console.dll, ParallelProxyExecutionManager.StartTestRunOnConcurrentManager: Initializing uninitialized client. Started clients: 0
TpTrace Verbose: 0 : 29156, 5, 2024/05/29, 11:34:15.459, 4970077098044, vstest.console.dll, DataCollectionRequestSender.InitializeCommunication : Initialize communication. 
TpTrace Verbose: 0 : 29156, 1, 2024/05/29, 11:34:15.460, 4970077102370, vstest.console.dll, TestRunRequest.WaitForCompletion: Waiting with timeout -1.
TpTrace Information: 0 : 29156, 5, 2024/05/29, 11:34:15.471, 4970077221134, vstest.console.dll, Listening on Endpoint : 127.0.0.1:64333
TpTrace Verbose: 0 : 29156, 5, 2024/05/29, 11:34:15.479, 4970077301416, vstest.console.dll, DotnetDataCollectionLauncher: Adding  --runtimeconfig "C:\Program Files\dotnet\sdk\8.0.202\datacollector.runtimeconfig.json" in args
TpTrace Verbose: 0 : 29156, 5, 2024/05/29, 11:34:15.480, 4970077303183, vstest.console.dll, DotnetDataCollectionLauncher: Adding  --depsfile "C:\Program Files\dotnet\sdk\8.0.202\datacollector.deps.json" in args
TpTrace Verbose: 0 : 29156, 5, 2024/05/29, 11:34:15.480, 4970077310570, vstest.console.dll, DotnetDataCollectionLauncher: Full path of dotnet.exe is C:\Program Files\dotnet\dotnet.exe
TpTrace Information: 0 : 29156, 5, 2024/05/29, 11:34:15.490, 4970077404380, vstest.console.dll, ProxyDataCollectionManager.Initialize: Launched datacollector processId: 45140 port: 64333
TpTrace Information: 0 : 29156, 5, 2024/05/29, 11:34:15.490, 4970077406613, vstest.console.dll, ProxyDataCollectionManager.Initialize: waiting for connection with timeout: 90 seconds
TpTrace Verbose: 0 : 29156, 5, 2024/05/29, 11:34:15.490, 4970077407307, vstest.console.dll, DataCollectionRequestSender.WaitForRequestHandlerConnection : Waiting for connection with timeout: 90000
TpTrace Information: 0 : 29156, 7, 2024/05/29, 11:34:15.851, 4970081020636, vstest.console.dll, Using the buffer size of 16384 bytes
TpTrace Verbose: 0 : 29156, 5, 2024/05/29, 11:34:15.851, 4970081020762, vstest.console.dll, SocketCommunicationManager.WaitForClientConnection took: 361 ms, with 90000 ms timeout, and finished with True.
TpTrace Information: 0 : 29156, 7, 2024/05/29, 11:34:15.852, 4970081022589, vstest.console.dll, Accepted Client request and set the flag
TpTrace Verbose: 0 : 29156, 5, 2024/05/29, 11:34:15.852, 4970081024013, vstest.console.dll, ProxyDataCollectionManager.InvokeDataCollectionServiceAction: Starting.
TpTrace Information: 0 : 29156, 5, 2024/05/29, 11:34:15.852, 4970081025007, vstest.console.dll, ProxyDataCollectionManager.BeforeTestRunStart: Get environment variable and port for datacollector processId: 45140 port: 64333
TpTrace Verbose: 0 : 29156, 5, 2024/05/29, 11:34:15.852, 4970081026618, vstest.console.dll, DataCollectionRequestSender.SendBeforeTestRunStartAndGetResult: Send BeforeTestRunStart message with settingsXml <RunSettings><RunConfiguration><ResultsDirectory>C:\Users\VC\Desktop\Flight_Management_System\FlightManagementSystemSolution\FlightManagementUnitTests\bin\Debug\net8.0\fine-code-coverage\coverage-tool-output</ResultsDirectory><TargetPlatform>X64</TargetPlatform><TargetFrameworkVersion>.NETCoreApp,Version=v8.0</TargetFrameworkVersion><DesignMode>False</DesignMode><CollectSourceInformation>False</CollectSourceInformation><TestAdaptersPaths>C:\Program Files\dotnet\sdk\8.0.202\Extensions</TestAdaptersPaths></RunConfiguration><LoggerRunSettings><Loggers><Logger friendlyName="blame" enabled="True" /><Logger friendlyName="Console" uri="logger://microsoft/TestPlatform/ConsoleLogger/v1" assemblyQualifiedName="Microsoft.VisualStudio.TestPlatform.CommandLine.Internal.ConsoleLogger, vstest.console, Version=15.0.0.0, Culture=neutral, PublicKeyToken=b03f5f7f11d50a3a" codeBase="C:\Program Files\dotnet\sdk\8.0.202\vstest.console.dll" enabled="True" /></Loggers></LoggerRunSettings><DataCollectionRunSettings><DataCollectors><DataCollector friendlyName="blame" enabled="True"><Configuration><ResultsDirectory>C:\Users\VC\Desktop\Flight_Management_System\FlightManagementSystemSolution\FlightManagementUnitTests\bin\Debug\net8.0\fine-code-coverage\coverage-tool-output</ResultsDirectory></Configuration></DataCollector></DataCollectors></DataCollectionRunSettings></RunSettings> and sources System.Collections.Generic.List`1[System.String]: 
TpTrace Verbose: 0 : 29156, 5, 2024/05/29, 11:34:15.951, 4970082019323, vstest.console.dll, DataCollectionRequestSender.SendBeforeTestRunStartAndGetResult: Received message: (DataCollection.SendMessage) -> {"MessageType":"DataCollection.SendMessage","Payload":{"FriendlyName":null,"Uri":null,"TestCaseId":"00000000-0000-0000-0000-000000000000","Message":"Logging DataCollector Diagnostics in file: C:\\Users\\VC\\Desktop\\Flight_Management_System\\FlightManagementSystemSolution\\FlightManagementUnitTests\\bin\\Debug\\net8.0\\fine-code-coverage\\coverage-tool-output\\diagnostics.datacollector.24-05-29_11-34-15_47963_5.log","Level":0}}
TpTrace Verbose: 0 : 29156, 5, 2024/05/29, 11:34:16.074, 4970083243354, vstest.console.dll, DataCollectionRequestSender.SendBeforeTestRunStartAndGetResult: Received message: (DataCollection.BeforeTestRunStartResult) -> {"MessageType":"DataCollection.BeforeTestRunStartResult","Payload":{"EnvironmentVariables":{},"DataCollectionEventsPort":64335}}
TpTrace Information: 0 : 29156, 5, 2024/05/29, 11:34:16.080, 4970083305980, vstest.console.dll, ProxyDataCollectionManager.BeforeTestRunStart: SendBeforeTestRunStartAndGetResult successful, env variable from datacollector:   and testhost port: 64335
TpTrace Information: 0 : 29156, 5, 2024/05/29, 11:34:16.080, 4970083308872, vstest.console.dll, ProxyDataCollectionManager.InvokeDataCollectionServiceAction: Completed.
TpTrace Verbose: 0 : 29156, 5, 2024/05/29, 11:34:16.080, 4970083309448, vstest.console.dll, ParallelProxyExecutionManager.StartTestRunOnConcurrentManager: Initializing test run. Started clients: 0
TpTrace Verbose: 0 : 29156, 5, 2024/05/29, 11:34:16.080, 4970083310726, vstest.console.dll, ProxyExecutionManager: Test host is always Lazy initialize.
TpTrace Verbose: 0 : 29156, 5, 2024/05/29, 11:34:16.081, 4970083313765, vstest.console.dll, TestRequestSender.InitializeCommunication: initialize communication. 
TpTrace Information: 0 : 29156, 5, 2024/05/29, 11:34:16.081, 4970083320901, vstest.console.dll, SocketServer.Start: Listening on endpoint : 127.0.0.1:64336
TpTrace Verbose: 0 : 29156, 5, 2024/05/29, 11:34:16.082, 4970083328964, vstest.console.dll, DotnetTestHostmanager.GetTestHostProcessStartInfo: Platform environment 'X64' target architecture 'X64' framework '.NETCoreApp,Version=v8.0' OS 'Windows'
TpTrace Verbose: 0 : 29156, 5, 2024/05/29, 11:34:16.082, 4970083331666, vstest.console.dll, DotnetTestHostmanager: Adding  --runtimeconfig "C:\Users\VC\Desktop\Flight_Management_System\FlightManagementSystemSolution\FlightManagementUnitTests\bin\Debug\fine-code-coverage-net8.0\FlightManagementUnitTests.runtimeconfig.json" in args
TpTrace Verbose: 0 : 29156, 5, 2024/05/29, 11:34:16.083, 4970083333633, vstest.console.dll, DotnetTestHostmanager: Adding  --depsfile "C:\Users\VC\Desktop\Flight_Management_System\FlightManagementSystemSolution\FlightManagementUnitTests\bin\Debug\fine-code-coverage-net8.0\FlightManagementUnitTests.deps.json" in args
TpTrace Verbose: 0 : 29156, 5, 2024/05/29, 11:34:16.083, 4970083337880, vstest.console.dll, DotnetTestHostmanager.IsWinOnArm: Current PROCESSOR_ARCHITECTURE from environment variable 'AMD64'
TpTrace Verbose: 0 : 29156, 5, 2024/05/29, 11:34:16.083, 4970083338874, vstest.console.dll, DotnetTestHostmanager.IsWinOnArm: Is Windows on ARM 'False'
TpTrace Verbose: 0 : 29156, 5, 2024/05/29, 11:34:16.083, 4970083340263, vstest.console.dll, DotnetTestHostManager: testhost.exe found at path: C:\Users\VC\Desktop\Flight_Management_System\FlightManagementSystemSolution\FlightManagementUnitTests\bin\Debug\fine-code-coverage-net8.0\testhost.exe
TpTrace Verbose: 0 : 29156, 5, 2024/05/29, 11:34:16.083, 4970083340710, vstest.console.dll, DotnetTestHostmanager: Full path of host exe is C:\Users\VC\Desktop\Flight_Management_System\FlightManagementSystemSolution\FlightManagementUnitTests\bin\Debug\fine-code-coverage-net8.0\testhost.exe
TpTrace Verbose: 0 : 29156, 5, 2024/05/29, 11:34:16.083, 4970083341874, vstest.console.dll, DotnetTestHostmanager.LaunchTestHostAsync: Found 'VSTEST_WINAPPHOST_DOTNET_ROOT' in env variables, value 'C:\Program Files\dotnet', forwarding to 'DOTNET_ROOT'
TpTrace Verbose: 0 : 29156, 5, 2024/05/29, 11:34:16.084, 4970083343285, vstest.console.dll, DotnetTestHostManager: Starting process 'C:\Users\VC\Desktop\Flight_Management_System\FlightManagementSystemSolution\FlightManagementUnitTests\bin\Debug\fine-code-coverage-net8.0\testhost.exe' with command line ' --runtimeconfig "C:\Users\VC\Desktop\Flight_Management_System\FlightManagementSystemSolution\FlightManagementUnitTests\bin\Debug\fine-code-coverage-net8.0\FlightManagementUnitTests.runtimeconfig.json" --depsfile "C:\Users\VC\Desktop\Flight_Management_System\FlightManagementSystemSolution\FlightManagementUnitTests\bin\Debug\fine-code-coverage-net8.0\FlightManagementUnitTests.deps.json" --port 64336 --endpoint 127.0.0.1:064336 --role client --parentprocessid 29156 --diag "C:\Users\VC\Desktop\Flight_Management_System\FlightManagementSystemSolution\FlightManagementUnitTests\bin\Debug\net8.0\fine-code-coverage\coverage-tool-output\diagnostics.host.24-05-29_11-34-16_08232_5.log" --tracelevel 4 --datacollectionport 64335 --telemetryoptedin false'
TpTrace Verbose: 0 : 29156, 5, 2024/05/29, 11:34:16.092, 4970083423975, vstest.console.dll, MulticastDelegateUtilities.SafeInvoke: HostProviderEvents.OnHostLaunched: Invoking callback 1/2 for Microsoft.VisualStudio.TestPlatform.CrossPlatEngine.Client.ProxyExecutionManagerWithDataCollection., took 1 ms.
TpTrace Verbose: 0 : 29156, 5, 2024/05/29, 11:34:16.092, 4970083427854, vstest.console.dll, Test Runtime launched
TpTrace Verbose: 0 : 29156, 5, 2024/05/29, 11:34:16.092, 4970083428948, vstest.console.dll, MulticastDelegateUtilities.SafeInvoke: HostProviderEvents.OnHostLaunched: Invoking callback 2/2 for Microsoft.VisualStudio.TestPlatform.CrossPlatEngine.Client.ProxyOperationManager., took 0 ms.
TpTrace Verbose: 0 : 29156, 5, 2024/05/29, 11:34:16.092, 4970083430706, vstest.console.dll, TestRequestSender.WaitForRequestHandlerConnection: waiting for connection with timeout: 90000.
TpTrace Verbose: 0 : 29156, 5, 2024/05/29, 11:34:16.390, 4970086402886, vstest.console.dll, TestRequestSender.WaitForRequestHandlerConnection: waiting took 297 ms, with timeout 90000 ms, and result 0, which is success.
TpTrace Verbose: 0 : 29156, 12, 2024/05/29, 11:34:16.390, 4970086402956, vstest.console.dll, MulticastDelegateUtilities.SafeInvoke: SocketServer: ClientConnected: Invoking callback 1/1 for Microsoft.VisualStudio.TestPlatform.CommunicationUtilities.TestRequestSender., took 0 ms.
TpTrace Verbose: 0 : 29156, 12, 2024/05/29, 11:34:16.390, 4970086405799, vstest.console.dll, SocketServer.OnClientConnected: Client connected for endPoint: 127.0.0.1:64336, starting MessageLoopAsync:
TpTrace Verbose: 0 : 29156, 12, 2024/05/29, 11:34:16.390, 4970086411045, vstest.console.dll, TcpClientExtensions.MessageLoopAsync: Polling on remoteEndPoint: 127.0.0.1:64337 localEndPoint: 127.0.0.1:64336 after 0 ms
TpTrace Verbose: 0 : 29156, 5, 2024/05/29, 11:34:16.391, 4970086419750, vstest.console.dll, TestRequestSender.CheckVersionWithTestHost: Sending check version message: {"MessageType":"ProtocolVersion","Payload":7}
TpTrace Verbose: 0 : 29156, 12, 2024/05/29, 11:34:16.578, 4970088283660, vstest.console.dll, TcpClientExtensions.MessageLoopAsync: NotifyDataAvailable remoteEndPoint: 127.0.0.1:64337 localEndPoint: 127.0.0.1:64336
TpTrace Verbose: 0 : 29156, 12, 2024/05/29, 11:34:16.578, 4970088288929, vstest.console.dll, TestRequestSender.CheckVersionWithTestHost: onMessageReceived received message: (ProtocolVersion) -> {"MessageType":"ProtocolVersion","Payload":7}
TpTrace Verbose: 0 : 29156, 12, 2024/05/29, 11:34:16.579, 4970088297899, vstest.console.dll, MulticastDelegateUtilities.SafeInvoke: LengthPrefixCommunicationChannel: MessageReceived: Invoking callback 1/1 for Microsoft.VisualStudio.TestPlatform.CommunicationUtilities.TestRequestSender+<>c__DisplayClass29_0., took 0 ms.
TpTrace Verbose: 0 : 29156, 5, 2024/05/29, 11:34:16.579, 4970088299381, vstest.console.dll, TestPluginCache.GetExtensionPaths: Filtered extension paths: 
TpTrace Verbose: 0 : 29156, 12, 2024/05/29, 11:34:16.579, 4970088299598, vstest.console.dll, TcpClientExtensions.MessageLoopAsync: Polling on remoteEndPoint: 127.0.0.1:64337 localEndPoint: 127.0.0.1:64336 after 188 ms
TpTrace Verbose: 0 : 29156, 5, 2024/05/29, 11:34:16.579, 4970088300157, vstest.console.dll, TestPluginCache.GetExtensionPaths: Added default extension paths: C:\Program Files\dotnet\sdk\8.0.202\Extensions\Microsoft.Diagnostics.NETCore.Client.dll
C:\Program Files\dotnet\sdk\8.0.202\Extensions\Microsoft.TestPlatform.Extensions.BlameDataCollector.dll
C:\Program Files\dotnet\sdk\8.0.202\Extensions\Microsoft.TestPlatform.Extensions.EventLogCollector.dll
C:\Program Files\dotnet\sdk\8.0.202\Extensions\Microsoft.TestPlatform.TestHostRuntimeProvider.dll
C:\Program Files\dotnet\sdk\8.0.202\Extensions\Microsoft.VisualStudio.TestPlatform.Extensions.Html.TestLogger.dll
C:\Program Files\dotnet\sdk\8.0.202\Extensions\Microsoft.VisualStudio.TestPlatform.Extensions.Trx.TestLogger.dll
TpTrace Verbose: 0 : 29156, 5, 2024/05/29, 11:34:16.579, 4970088301100, vstest.console.dll, TestPluginCache.GetExtensionPaths: Added unfilterableExtensionPaths: 
TpTrace Verbose: 0 : 29156, 5, 2024/05/29, 11:34:16.584, 4970088345903, vstest.console.dll, TestRequestSender.InitializeExecution: Sending initialize execution with message: {"Version":7,"MessageType":"TestExecution.Initialize","Payload":["C:\\Users\\VC\\Desktop\\Flight_Management_System\\FlightManagementSystemSolution\\FlightManagementUnitTests\\bin\\Debug\\fine-code-coverage-net8.0\\NUnit3.TestAdapter.dll"]}
TpTrace Verbose: 0 : 29156, 5, 2024/05/29, 11:34:16.584, 4970088351153, vstest.console.dll, ParallelProxyExecutionManager.StartTestRunOnConcurrentManager: Execution starting. Started clients: 1
TpTrace Verbose: 0 : 29156, 5, 2024/05/29, 11:34:16.586, 4970088365398, vstest.console.dll, TestRunRequest:SendTestRunMessage: Starting.
TpTrace Verbose: 0 : 29156, 5, 2024/05/29, 11:34:16.587, 4970088374261, vstest.console.dll, MulticastDelegateUtilities.SafeInvoke: TestRun.LogMessages: Invoking callback 1/1 for Microsoft.VisualStudio.TestPlatform.CommandLine.TestRunResultAggregator., took 0 ms.
TpTrace Verbose: 0 : 29156, 4, 2024/05/29, 11:34:16.587, 4970088374261, vstest.console.dll, MulticastDelegateUtilities.SafeInvoke: InternalTestLoggerEvents.SendTestRunMessage: Invoking callback 1/1 for Microsoft.VisualStudio.TestPlatform.CommandLine.Internal.ConsoleLogger., took 0 ms.
TpTrace Information: 0 : 29156, 5, 2024/05/29, 11:34:16.587, 4970088375568, vstest.console.dll, TestRunRequest:SendTestRunMessage: Completed.
TpTrace Warning: 0 : 29156, 5, 2024/05/29, 11:34:16.588, 4970088388182, vstest.console.dll, InferRunSettingsHelper.MakeRunsettingsCompatible: Removing the following settings: TargetPlatform from RunSettings file. To use those settings please move to latest version of Microsoft.NET.Test.Sdk
TpTrace Verbose: 0 : 29156, 12, 2024/05/29, 11:34:16.592, 4970088422253, vstest.console.dll, TcpClientExtensions.MessageLoopAsync: NotifyDataAvailable remoteEndPoint: 127.0.0.1:64337 localEndPoint: 127.0.0.1:64336
TpTrace Verbose: 0 : 29156, 12, 2024/05/29, 11:34:16.592, 4970088430089, vstest.console.dll, TestRequestSender.OnExecutionMessageReceived: Received message: {"Version":7,"MessageType":"TestSession.Message","Payload":{"MessageLevel":0,"Message":"Logging TestHost Diagnostics in file: C:\\Users\\VC\\Desktop\\Flight_Management_System\\FlightManagementSystemSolution\\FlightManagementUnitTests\\bin\\Debug\\net8.0\\fine-code-coverage\\coverage-tool-output\\diagnostics.host.24-05-29_11-34-16_08232_5.log"}}
TpTrace Verbose: 0 : 29156, 12, 2024/05/29, 11:34:16.596, 4970088466447, vstest.console.dll, TestRunRequest:SendTestRunMessage: Starting.
TpTrace Verbose: 0 : 29156, 12, 2024/05/29, 11:34:16.597, 4970088472293, vstest.console.dll, MulticastDelegateUtilities.SafeInvoke: TestRun.LogMessages: Invoking callback 1/1 for Microsoft.VisualStudio.TestPlatform.CommandLine.TestRunResultAggregator., took 0 ms.
TpTrace Verbose: 0 : 29156, 4, 2024/05/29, 11:34:16.597, 4970088472535, vstest.console.dll, MulticastDelegateUtilities.SafeInvoke: InternalTestLoggerEvents.SendTestRunMessage: Invoking callback 1/1 for Microsoft.VisualStudio.TestPlatform.CommandLine.Internal.ConsoleLogger., took 0 ms.
TpTrace Information: 0 : 29156, 12, 2024/05/29, 11:34:16.597, 4970088473409, vstest.console.dll, TestRunRequest:SendTestRunMessage: Completed.
TpTrace Verbose: 0 : 29156, 12, 2024/05/29, 11:34:16.597, 4970088476584, vstest.console.dll, MulticastDelegateUtilities.SafeInvoke: LengthPrefixCommunicationChannel: MessageReceived: Invoking callback 1/1 for Microsoft.VisualStudio.TestPlatform.CommunicationUtilities.TestRequestSender+<>c__DisplayClass34_0., took 4 ms.
TpTrace Verbose: 0 : 29156, 12, 2024/05/29, 11:34:16.597, 4970088477296, vstest.console.dll, TcpClientExtensions.MessageLoopAsync: Polling on remoteEndPoint: 127.0.0.1:64337 localEndPoint: 127.0.0.1:64336 after 17 ms
TpTrace Verbose: 0 : 29156, 5, 2024/05/29, 11:34:16.607, 4970088581496, vstest.console.dll, TestRequestSender.StartTestRun: Sending test run with message: {"Version":7,"MessageType":"TestExecution.StartWithSources","Payload":{"AdapterSourceMap":{"_none_":["C:\\Users\\VC\\Desktop\\Flight_Management_System\\FlightManagementSystemSolution\\FlightManagementUnitTests\\bin\\Debug\\fine-code-coverage-net8.0\\FlightManagementUnitTests.dll"]},"RunSettings":"<RunSettings>\r\n  <RunConfiguration>\r\n    <ResultsDirectory>C:\\Users\\VC\\Desktop\\Flight_Management_System\\FlightManagementSystemSolution\\FlightManagementUnitTests\\bin\\Debug\\net8.0\\fine-code-coverage\\coverage-tool-output</ResultsDirectory>\r\n    <TargetFrameworkVersion>.NETCoreApp,Version=v8.0</TargetFrameworkVersion>\r\n    <DesignMode>False</DesignMode>\r\n    <CollectSourceInformation>False</CollectSourceInformation>\r\n  </RunConfiguration>\r\n  <LoggerRunSettings>\r\n    <Loggers>\r\n      <Logger friendlyName=\"blame\" enabled=\"True\" />\r\n      <Logger friendlyName=\"Console\" uri=\"logger://microsoft/TestPlatform/ConsoleLogger/v1\" assemblyQualifiedName=\"Microsoft.VisualStudio.TestPlatform.CommandLine.Internal.ConsoleLogger, vstest.console, Version=15.0.0.0, Culture=neutral, PublicKeyToken=b03f5f7f11d50a3a\" codeBase=\"C:\\Program Files\\dotnet\\sdk\\8.0.202\\vstest.console.dll\" enabled=\"True\" />\r\n    </Loggers>\r\n  </LoggerRunSettings>\r\n  <DataCollectionRunSettings>\r\n    <DataCollectors>\r\n      <DataCollector friendlyName=\"blame\" enabled=\"True\">\r\n        <Configuration>\r\n          <ResultsDirectory>C:\\Users\\VC\\Desktop\\Flight_Management_System\\FlightManagementSystemSolution\\FlightManagementUnitTests\\bin\\Debug\\net8.0\\fine-code-coverage\\coverage-tool-output</ResultsDirectory>\r\n        </Configuration>\r\n      </DataCollector>\r\n    </DataCollectors>\r\n  </DataCollectionRunSettings>\r\n</RunSettings>","TestExecutionContext":{"FrequencyOfRunStatsChangeEvent":10,"RunStatsChangeEventTimeout":"00:00:01.5000000","InIsolation":false,"KeepAlive":false,"AreTestCaseLevelEventsRequired":false,"IsDebug":false,"TestCaseFilter":null,"FilterOptions":null},"Package":null}}
TpTrace Verbose: 0 : 29156, 5, 2024/05/29, 11:34:16.608, 4970088584015, vstest.console.dll, ParallelProxyExecutionManager.StartTestRunOnConcurrentManager: Execution started. Started clients: 1
TpTrace Verbose: 0 : 29156, 12, 2024/05/29, 11:34:16.767, 4970090181747, vstest.console.dll, TcpClientExtensions.MessageLoopAsync: NotifyDataAvailable remoteEndPoint: 127.0.0.1:64337 localEndPoint: 127.0.0.1:64336
TpTrace Verbose: 0 : 29156, 12, 2024/05/29, 11:34:16.768, 4970090183672, vstest.console.dll, TestRequestSender.OnExecutionMessageReceived: Received message: {"Version":7,"MessageType":"TestSession.Message","Payload":{"MessageLevel":0,"Message":"NUnit Adapter 4.5.0.0: Test execution started"}}
TpTrace Verbose: 0 : 29156, 12, 2024/05/29, 11:34:16.768, 4970090185436, vstest.console.dll, TestRunRequest:SendTestRunMessage: Starting.
TpTrace Verbose: 0 : 29156, 12, 2024/05/29, 11:34:16.768, 4970090186123, vstest.console.dll, MulticastDelegateUtilities.SafeInvoke: TestRun.LogMessages: Invoking callback 1/1 for Microsoft.VisualStudio.TestPlatform.CommandLine.TestRunResultAggregator., took 0 ms.
TpTrace Verbose: 0 : 29156, 4, 2024/05/29, 11:34:16.768, 4970090186303, vstest.console.dll, MulticastDelegateUtilities.SafeInvoke: InternalTestLoggerEvents.SendTestRunMessage: Invoking callback 1/1 for Microsoft.VisualStudio.TestPlatform.CommandLine.Internal.ConsoleLogger., took 0 ms.
TpTrace Information: 0 : 29156, 12, 2024/05/29, 11:34:16.768, 4970090186633, vstest.console.dll, TestRunRequest:SendTestRunMessage: Completed.
TpTrace Verbose: 0 : 29156, 12, 2024/05/29, 11:34:16.768, 4970090187543, vstest.console.dll, MulticastDelegateUtilities.SafeInvoke: LengthPrefixCommunicationChannel: MessageReceived: Invoking callback 1/1 for Microsoft.VisualStudio.TestPlatform.CommunicationUtilities.TestRequestSender+<>c__DisplayClass34_0., took 0 ms.
TpTrace Verbose: 0 : 29156, 12, 2024/05/29, 11:34:16.768, 4970090187874, vstest.console.dll, TcpClientExtensions.MessageLoopAsync: Polling on remoteEndPoint: 127.0.0.1:64337 localEndPoint: 127.0.0.1:64336 after 170 ms
TpTrace Verbose: 0 : 29156, 12, 2024/05/29, 11:34:16.793, 4970090434393, vstest.console.dll, TcpClientExtensions.MessageLoopAsync: NotifyDataAvailable remoteEndPoint: 127.0.0.1:64337 localEndPoint: 127.0.0.1:64336
TpTrace Verbose: 0 : 29156, 12, 2024/05/29, 11:34:16.793, 4970090436316, vstest.console.dll, TestRequestSender.OnExecutionMessageReceived: Received message: {"Version":7,"MessageType":"TestSession.Message","Payload":{"MessageLevel":0,"Message":"Running all tests in C:\\Users\\VC\\Desktop\\Flight_Management_System\\FlightManagementSystemSolution\\FlightManagementUnitTests\\bin\\Debug\\fine-code-coverage-net8.0\\FlightManagementUnitTests.dll"}}
TpTrace Verbose: 0 : 29156, 12, 2024/05/29, 11:34:16.793, 4970090438977, vstest.console.dll, TestRunRequest:SendTestRunMessage: Starting.
TpTrace Verbose: 0 : 29156, 12, 2024/05/29, 11:34:16.793, 4970090440731, vstest.console.dll, MulticastDelegateUtilities.SafeInvoke: TestRun.LogMessages: Invoking callback 1/1 for Microsoft.VisualStudio.TestPlatform.CommandLine.TestRunResultAggregator., took 0 ms.
TpTrace Verbose: 0 : 29156, 4, 2024/05/29, 11:34:16.793, 4970090440731, vstest.console.dll, MulticastDelegateUtilities.SafeInvoke: InternalTestLoggerEvents.SendTestRunMessage: Invoking callback 1/1 for Microsoft.VisualStudio.TestPlatform.CommandLine.Internal.ConsoleLogger., took 0 ms.
TpTrace Information: 0 : 29156, 12, 2024/05/29, 11:34:16.793, 4970090441395, vstest.console.dll, TestRunRequest:SendTestRunMessage: Completed.
TpTrace Verbose: 0 : 29156, 12, 2024/05/29, 11:34:16.794, 4970090442344, vstest.console.dll, MulticastDelegateUtilities.SafeInvoke: LengthPrefixCommunicationChannel: MessageReceived: Invoking callback 1/1 for Microsoft.VisualStudio.TestPlatform.CommunicationUtilities.TestRequestSender+<>c__DisplayClass34_0., took 0 ms.
TpTrace Verbose: 0 : 29156, 12, 2024/05/29, 11:34:16.794, 4970090442865, vstest.console.dll, TcpClientExtensions.MessageLoopAsync: Polling on remoteEndPoint: 127.0.0.1:64337 localEndPoint: 127.0.0.1:64336 after 25 ms
TpTrace Verbose: 0 : 29156, 12, 2024/05/29, 11:34:16.936, 4970091870767, vstest.console.dll, TcpClientExtensions.MessageLoopAsync: NotifyDataAvailable remoteEndPoint: 127.0.0.1:64337 localEndPoint: 127.0.0.1:64336
TpTrace Verbose: 0 : 29156, 12, 2024/05/29, 11:34:16.937, 4970091873205, vstest.console.dll, TestRequestSender.OnExecutionMessageReceived: Received message: {"Version":7,"MessageType":"TestSession.Message","Payload":{"MessageLevel":0,"Message":"   NUnit3TestExecutor discovered 9 of 9 NUnit test cases using Current Discovery mode, Non-Explicit run"}}
TpTrace Verbose: 0 : 29156, 12, 2024/05/29, 11:34:16.937, 4970091874932, vstest.console.dll, TestRunRequest:SendTestRunMessage: Starting.
TpTrace Verbose: 0 : 29156, 12, 2024/05/29, 11:34:16.937, 4970091875832, vstest.console.dll, MulticastDelegateUtilities.SafeInvoke: TestRun.LogMessages: Invoking callback 1/1 for Microsoft.VisualStudio.TestPlatform.CommandLine.TestRunResultAggregator., took 0 ms.
TpTrace Verbose: 0 : 29156, 4, 2024/05/29, 11:34:16.937, 4970091875946, vstest.console.dll, MulticastDelegateUtilities.SafeInvoke: InternalTestLoggerEvents.SendTestRunMessage: Invoking callback 1/1 for Microsoft.VisualStudio.TestPlatform.CommandLine.Internal.ConsoleLogger., took 0 ms.
TpTrace Information: 0 : 29156, 12, 2024/05/29, 11:34:16.937, 4970091876341, vstest.console.dll, TestRunRequest:SendTestRunMessage: Completed.
TpTrace Verbose: 0 : 29156, 12, 2024/05/29, 11:34:16.937, 4970091877156, vstest.console.dll, MulticastDelegateUtilities.SafeInvoke: LengthPrefixCommunicationChannel: MessageReceived: Invoking callback 1/1 for Microsoft.VisualStudio.TestPlatform.CommunicationUtilities.TestRequestSender+<>c__DisplayClass34_0., took 0 ms.
TpTrace Verbose: 0 : 29156, 12, 2024/05/29, 11:34:16.937, 4970091877510, vstest.console.dll, TcpClientExtensions.MessageLoopAsync: Polling on remoteEndPoint: 127.0.0.1:64337 localEndPoint: 127.0.0.1:64336 after 143 ms
TpTrace Verbose: 0 : 29156, 12, 2024/05/29, 11:34:17.941, 4970101916798, vstest.console.dll, TcpClientExtensions.MessageLoopAsync: Polling on remoteEndPoint: 127.0.0.1:64337 localEndPoint: 127.0.0.1:64336 after 1003 ms
TpTrace Verbose: 0 : 29156, 12, 2024/05/29, 11:34:18.294, 4970105446119, vstest.console.dll, TcpClientExtensions.MessageLoopAsync: NotifyDataAvailable remoteEndPoint: 127.0.0.1:64337 localEndPoint: 127.0.0.1:64336
TpTrace Verbose: 0 : 29156, 12, 2024/05/29, 11:34:18.294, 4970105450454, vstest.console.dll, TestRequestSender.OnExecutionMessageReceived: Received message: {"Version":7,"MessageType":"TestExecution.StatsChange","Payload":{"NewTestResults":[{"TestCase":{"Id":"e97be113-3c0f-e470-4adc-cecd1bcc844d","FullyQualifiedName":"FlightBookingSystemTest.RepositoryTests.FlightRepositoryTests.Add_Failure_Exception","DisplayName":"Add_Failure_Exception","ExecutorUri":"executor://NUnit3TestExecutor","Source":"C:\\Users\\VC\\Desktop\\Flight_Management_System\\FlightManagementSystemSolution\\FlightManagementUnitTests\\bin\\Debug\\fine-code-coverage-net8.0\\FlightManagementUnitTests.dll","CodeFilePath":null,"LineNumber":0,"Properties":[{"Key":{"Id":"NUnit.Seed","Label":"Seed","Category":"","Description":"","Attributes":0,"ValueType":"System.String"},"Value":"1431593331"}]},"Attachments":[],"Outcome":1,"ErrorMessage":null,"ErrorStackTrace":null,"DisplayName":"Add_Failure_Exception","Messages":[],"ComputerName":"H0RBBX3","Duration":"00:00:00.8226830","StartTime":"2024-05-29T06:04:16.9691287+00:00","EndTime":"2024-05-29T06:04:17.7917268+00:00","Properties":[{"Key":{"Id":"NUnit.Seed","Label":"Seed","Category":"","Description":"","Attributes":0,"ValueType":"System.String"},"Value":"1431593331"}]},{"TestCase":{"Id":"de0564bd-b006-f5a3-7d3e-f145f940a7aa","FullyQualifiedName":"FlightBookingSystemTest.RepositoryTests.FlightRepositoryTests.DeleteByKey_Failure_FlightNotFound","DisplayName":"DeleteByKey_Failure_FlightNotFound","ExecutorUri":"executor://NUnit3TestExecutor","Source":"C:\\Users\\VC\\Desktop\\Flight_Management_System\\FlightManagementSystemSolution\\FlightManagementUnitTests\\bin\\Debug\\fine-code-coverage-net8.0\\FlightManagementUnitTests.dll","CodeFilePath":null,"LineNumber":0,"Properties":[{"Key":{"Id":"NUnit.Seed","Label":"Seed","Category":"","Description":"","Attributes":0,"ValueType":"System.String"},"Value":"1167247036"}]},"Attachments":[],"Outcome":1,"ErrorMessage":null,"ErrorStackTrace":null,"DisplayName":"DeleteByKey_Failure_FlightNotFound","Messages":[],"ComputerName":"H0RBBX3","Duration":"00:00:00.2477490","StartTime":"2024-05-29T06:04:17.8004217+00:00","EndTime":"2024-05-29T06:04:18.0481711+00:00","Properties":[{"Key":{"Id":"NUnit.Seed","Label":"Seed","Category":"","Description":"","Attributes":0,"ValueType":"System.String"},"Value":"1167247036"}]},{"TestCase":{"Id":"b9285462-3365-6287-5a74-711d9898cfcb","FullyQualifiedName":"FlightBookingSystemTest.RepositoryTests.FlightRepositoryTests.DeleteByKey_Success","DisplayName":"DeleteByKey_Success","ExecutorUri":"executor://NUnit3TestExecutor","Source":"C:\\Users\\VC\\Desktop\\Flight_Management_System\\FlightManagementSystemSolution\\FlightManagementUnitTests\\bin\\Debug\\fine-code-coverage-net8.0\\FlightManagementUnitTests.dll","CodeFilePath":null,"LineNumber":0,"Properties":[{"Key":{"Id":"NUnit.Seed","Label":"Seed","Category":"","Description":"","Attributes":0,"ValueType":"System.String"},"Value":"685036531"}]},"Attachments":[],"Outcome":1,"ErrorMessage":null,"ErrorStackTrace":null,"DisplayName":"DeleteByKey_Success","Messages":[],"ComputerName":"H0RBBX3","Duration":"00:00:00.0755360","StartTime":"2024-05-29T06:04:18.0929705+00:00","EndTime":"2024-05-29T06:04:18.1685063+00:00","Properties":[{"Key":{"Id":"NUnit.Seed","Label":"Seed","Category":"","Description":"","Attributes":0,"ValueType":"System.String"},"Value":"685036531"}]},{"TestCase":{"Id":"6e3a8631-50ba-2d67-c6fa-36d9ecd23ba0","FullyQualifiedName":"FlightBookingSystemTest.RepositoryTests.FlightRepositoryTests.GetAll_Failure_NoFlightsPresent","DisplayName":"GetAll_Failure_NoFlightsPresent","ExecutorUri":"executor://NUnit3TestExecutor","Source":"C:\\Users\\VC\\Desktop\\Flight_Management_System\\FlightManagementSystemSolution\\FlightManagementUnitTests\\bin\\Debug\\fine-code-coverage-net8.0\\FlightManagementUnitTests.dll","CodeFilePath":null,"LineNumber":0,"Properties":[{"Key":{"Id":"NUnit.Seed","Label":"Seed","Category":"","Description":"","Attributes":0,"ValueType":"System.String"},"Value":"135349534"}]},"Attachments":[],"Outcome":1,"ErrorMessage":null,"ErrorStackTrace":null,"DisplayName":"GetAll_Failure_NoFlightsPresent","Messages":[],"ComputerName":"H0RBBX3","Duration":"00:00:00.0282660","StartTime":"2024-05-29T06:04:18.1987534+00:00","EndTime":"2024-05-29T06:04:18.2270199+00:00","Properties":[{"Key":{"Id":"NUnit.Seed","Label":"Seed","Category":"","Description":"","Attributes":0,"ValueType":"System.String"},"Value":"135349534"}]}],"TestRunStatistics":{"ExecutedTests":4,"Stats":{"Passed":4}},"ActiveTests":[{"Id":"b02e7808-d7ce-301c-c882-efc31469822b","FullyQualifiedName":"FlightBookingSystemTest.RepositoryTests.FlightRepositoryTests.GetAll_Success","DisplayName":"GetAll_Success","ExecutorUri":"executor://NUnit3TestExecutor","Source":"C:\\Users\\VC\\Desktop\\Flight_Management_System\\FlightManagementSystemSolution\\FlightManagementUnitTests\\bin\\Debug\\fine-code-coverage-net8.0\\FlightManagementUnitTests.dll","CodeFilePath":null,"LineNumber":0,"Properties":[{"Key":{"Id":"NUnit.Seed","Label":"Seed","Category":"","Description":"","Attributes":0,"ValueType":"System.String"},"Value":"1141500242"}]}]}}
TpTrace Verbose: 0 : 29156, 12, 2024/05/29, 11:34:18.334, 4970105845272, vstest.console.dll, TestRunRequest:SendTestRunStatsChange: Starting.
TpTrace Verbose: 0 : 29156, 12, 2024/05/29, 11:34:18.335, 4970105852432, vstest.console.dll, InProgress is GetAll_Success
TpTrace Verbose: 0 : 29156, 12, 2024/05/29, 11:34:18.335, 4970105859067, vstest.console.dll, MulticastDelegateUtilities.SafeInvoke: TestRun.RunStatsChanged: Invoking callbacks was skipped because there are no subscribers.
TpTrace Information: 0 : 29156, 12, 2024/05/29, 11:34:18.335, 4970105860149, vstest.console.dll, TestRunRequest:SendTestRunStatsChange: Completed.
TpTrace Verbose: 0 : 29156, 12, 2024/05/29, 11:34:18.335, 4970105860831, vstest.console.dll, MulticastDelegateUtilities.SafeInvoke: LengthPrefixCommunicationChannel: MessageReceived: Invoking callback 1/1 for Microsoft.VisualStudio.TestPlatform.CommunicationUtilities.TestRequestSender+<>c__DisplayClass34_0., took 41 ms.
TpTrace Verbose: 0 : 29156, 12, 2024/05/29, 11:34:18.335, 4970105861375, vstest.console.dll, TcpClientExtensions.MessageLoopAsync: Polling on remoteEndPoint: 127.0.0.1:64337 localEndPoint: 127.0.0.1:64336 after 394 ms
TpTrace Verbose: 0 : 29156, 4, 2024/05/29, 11:34:18.338, 4970105888555, vstest.console.dll, MulticastDelegateUtilities.SafeInvoke: InternalTestLoggerEvents.SendTestResult: Invoking callback 1/1 for Microsoft.VisualStudio.TestPlatform.CommandLine.Internal.ConsoleLogger., took 2 ms.
TpTrace Verbose: 0 : 29156, 4, 2024/05/29, 11:34:18.339, 4970105894245, vstest.console.dll, MulticastDelegateUtilities.SafeInvoke: InternalTestLoggerEvents.SendTestResult: Invoking callback 1/1 for Microsoft.VisualStudio.TestPlatform.CommandLine.Internal.ConsoleLogger., took 0 ms.
TpTrace Verbose: 0 : 29156, 4, 2024/05/29, 11:34:18.339, 4970105895635, vstest.console.dll, MulticastDelegateUtilities.SafeInvoke: InternalTestLoggerEvents.SendTestResult: Invoking callback 1/1 for Microsoft.VisualStudio.TestPlatform.CommandLine.Internal.ConsoleLogger., took 0 ms.
TpTrace Verbose: 0 : 29156, 4, 2024/05/29, 11:34:18.339, 4970105896323, vstest.console.dll, MulticastDelegateUtilities.SafeInvoke: InternalTestLoggerEvents.SendTestResult: Invoking callback 1/1 for Microsoft.VisualStudio.TestPlatform.CommandLine.Internal.ConsoleLogger., took 0 ms.
TpTrace Verbose: 0 : 29156, 12, 2024/05/29, 11:34:18.603, 4970108532293, vstest.console.dll, TcpClientExtensions.MessageLoopAsync: NotifyDataAvailable remoteEndPoint: 127.0.0.1:64337 localEndPoint: 127.0.0.1:64336
TpTrace Verbose: 0 : 29156, 12, 2024/05/29, 11:34:18.603, 4970108534243, vstest.console.dll, TestRequestSender.OnExecutionMessageReceived: Received message: {"Version":7,"MessageType":"TestSession.Message","Payload":{"MessageLevel":0,"Message":"NUnit Adapter 4.5.0.0: Test execution complete"}}
TpTrace Verbose: 0 : 29156, 12, 2024/05/29, 11:34:18.603, 4970108536100, vstest.console.dll, TestRunRequest:SendTestRunMessage: Starting.
TpTrace Verbose: 0 : 29156, 12, 2024/05/29, 11:34:18.603, 4970108537082, vstest.console.dll, MulticastDelegateUtilities.SafeInvoke: TestRun.LogMessages: Invoking callback 1/1 for Microsoft.VisualStudio.TestPlatform.CommandLine.TestRunResultAggregator., took 0 ms.
TpTrace Information: 0 : 29156, 12, 2024/05/29, 11:34:18.603, 4970108537510, vstest.console.dll, TestRunRequest:SendTestRunMessage: Completed.
TpTrace Verbose: 0 : 29156, 4, 2024/05/29, 11:34:18.603, 4970108537437, vstest.console.dll, MulticastDelegateUtilities.SafeInvoke: InternalTestLoggerEvents.SendTestRunMessage: Invoking callback 1/1 for Microsoft.VisualStudio.TestPlatform.CommandLine.Internal.ConsoleLogger., took 0 ms.
TpTrace Verbose: 0 : 29156, 12, 2024/05/29, 11:34:18.603, 4970108537946, vstest.console.dll, MulticastDelegateUtilities.SafeInvoke: LengthPrefixCommunicationChannel: MessageReceived: Invoking callback 1/1 for Microsoft.VisualStudio.TestPlatform.CommunicationUtilities.TestRequestSender+<>c__DisplayClass34_0., took 0 ms.
TpTrace Verbose: 0 : 29156, 12, 2024/05/29, 11:34:18.603, 4970108539822, vstest.console.dll, TcpClientExtensions.MessageLoopAsync: Polling on remoteEndPoint: 127.0.0.1:64337 localEndPoint: 127.0.0.1:64336 after 267 ms
TpTrace Verbose: 0 : 29156, 12, 2024/05/29, 11:34:18.632, 4970108828393, vstest.console.dll, TcpClientExtensions.MessageLoopAsync: NotifyDataAvailable remoteEndPoint: 127.0.0.1:64337 localEndPoint: 127.0.0.1:64336
TpTrace Verbose: 0 : 29156, 12, 2024/05/29, 11:34:18.632, 4970108831926, vstest.console.dll, TestRequestSender.OnExecutionMessageReceived: Received message: {"Version":7,"MessageType":"TestExecution.Completed","Payload":{"TestRunCompleteArgs":{"TestRunStatistics":{"ExecutedTests":9,"Stats":{"Passed":9}},"IsCanceled":false,"IsAborted":false,"Error":null,"AttachmentSets":[],"InvokedDataCollectors":[],"ElapsedTimeInRunningTests":"00:00:01.8676429","Metrics":{},"DiscoveredExtensions":{"TestDiscoverers":["NUnit.VisualStudio.TestAdapter.NUnit3TestDiscoverer, NUnit3.TestAdapter, Version=4.5.0.0, Culture=neutral, PublicKeyToken=4cb40d35494691ac"],"TestExecutors":["executor://NUnit3TestExecutor"],"TestExecutors2":[],"TestSettingsProviders":[]}},"LastRunTests":{"NewTestResults":[{"TestCase":{"Id":"b02e7808-d7ce-301c-c882-efc31469822b","FullyQualifiedName":"FlightBookingSystemTest.RepositoryTests.FlightRepositoryTests.GetAll_Success","DisplayName":"GetAll_Success","ExecutorUri":"executor://NUnit3TestExecutor","Source":"C:\\Users\\VC\\Desktop\\Flight_Management_System\\FlightManagementSystemSolution\\FlightManagementUnitTests\\bin\\Debug\\fine-code-coverage-net8.0\\FlightManagementUnitTests.dll","CodeFilePath":null,"LineNumber":0,"Properties":[{"Key":{"Id":"NUnit.Seed","Label":"Seed","Category":"","Description":"","Attributes":0,"ValueType":"System.String"},"Value":"1141500242"}]},"Attachments":[],"Outcome":1,"ErrorMessage":null,"ErrorStackTrace":null,"DisplayName":"GetAll_Success","Messages":[],"ComputerName":"H0RBBX3","Duration":"00:00:00.0086500","StartTime":"2024-05-29T06:04:18.2872133+00:00","EndTime":"2024-05-29T06:04:18.2958646+00:00","Properties":[{"Key":{"Id":"NUnit.Seed","Label":"Seed","Category":"","Description":"","Attributes":0,"ValueType":"System.String"},"Value":"1141500242"}]},{"TestCase":{"Id":"1199a4ef-d847-cc6f-b818-20e0a2b8a1f1","FullyQualifiedName":"FlightBookingSystemTest.RepositoryTests.FlightRepositoryTests.GetByKey_Failure_NotFoundException","DisplayName":"GetByKey_Failure_NotFoundException","ExecutorUri":"executor://NUnit3TestExecutor","Source":"C:\\Users\\VC\\Desktop\\Flight_Management_System\\FlightManagementSystemSolution\\FlightManagementUnitTests\\bin\\Debug\\fine-code-coverage-net8.0\\FlightManagementUnitTests.dll","CodeFilePath":null,"LineNumber":0,"Properties":[{"Key":{"Id":"NUnit.Seed","Label":"Seed","Category":"","Description":"","Attributes":0,"ValueType":"System.String"},"Value":"1807258516"}]},"Attachments":[],"Outcome":1,"ErrorMessage":null,"ErrorStackTrace":null,"DisplayName":"GetByKey_Failure_NotFoundException","Messages":[],"ComputerName":"H0RBBX3","Duration":"00:00:00.0133460","StartTime":"2024-05-29T06:04:18.3805753+00:00","EndTime":"2024-05-29T06:04:18.3939213+00:00","Properties":[{"Key":{"Id":"NUnit.Seed","Label":"Seed","Category":"","Description":"","Attributes":0,"ValueType":"System.String"},"Value":"1807258516"}]},{"TestCase":{"Id":"7dbcf7f8-c7e2-78a3-ae9e-09a34ea27dc0","FullyQualifiedName":"FlightBookingSystemTest.RepositoryTests.FlightRepositoryTests.GetByKey_Success","DisplayName":"GetByKey_Success","ExecutorUri":"executor://NUnit3TestExecutor","Source":"C:\\Users\\VC\\Desktop\\Flight_Management_System\\FlightManagementSystemSolution\\FlightManagementUnitTests\\bin\\Debug\\fine-code-coverage-net8.0\\FlightManagementUnitTests.dll","CodeFilePath":null,"LineNumber":0,"Properties":[{"Key":{"Id":"NUnit.Seed","Label":"Seed","Category":"","Description":"","Attributes":0,"ValueType":"System.String"},"Value":"2086723896"}]},"Attachments":[],"Outcome":1,"ErrorMessage":null,"ErrorStackTrace":null,"DisplayName":"GetByKey_Success","Messages":[],"ComputerName":"H0RBBX3","Duration":"00:00:00.0029600","StartTime":"2024-05-29T06:04:18.4644813+00:00","EndTime":"2024-05-29T06:04:18.4674424+00:00","Properties":[{"Key":{"Id":"NUnit.Seed","Label":"Seed","Category":"","Description":"","Attributes":0,"ValueType":"System.String"},"Value":"2086723896"}]},{"TestCase":{"Id":"1eb45260-a9ad-a32b-b849-4dee8749e0f5","FullyQualifiedName":"FlightBookingSystemTest.RepositoryTests.FlightRepositoryTests.Update_Failure_FlightNotFound","DisplayName":"Update_Failure_FlightNotFound","ExecutorUri":"executor://NUnit3TestExecutor","Source":"C:\\Users\\VC\\Desktop\\Flight_Management_System\\FlightManagementSystemSolution\\FlightManagementUnitTests\\bin\\Debug\\fine-code-coverage-net8.0\\FlightManagementUnitTests.dll","CodeFilePath":null,"LineNumber":0,"Properties":[{"Key":{"Id":"NUnit.Seed","Label":"Seed","Category":"","Description":"","Attributes":0,"ValueType":"System.String"},"Value":"505464435"}]},"Attachments":[],"Outcome":1,"ErrorMessage":null,"ErrorStackTrace":null,"DisplayName":"Update_Failure_FlightNotFound","Messages":[],"ComputerName":"H0RBBX3","Duration":"00:00:00.0066430","StartTime":"2024-05-29T06:04:18.4816022+00:00","EndTime":"2024-05-29T06:04:18.488246+00:00","Properties":[{"Key":{"Id":"NUnit.Seed","Label":"Seed","Category":"","Description":"","Attributes":0,"ValueType":"System.String"},"Value":"505464435"}]},{"TestCase":{"Id":"4217b994-d172-f575-5d01-460c756364d1","FullyQualifiedName":"FlightBookingSystemTest.RepositoryTests.FlightRepositoryTests.Update_Success","DisplayName":"Update_Success","ExecutorUri":"executor://NUnit3TestExecutor","Source":"C:\\Users\\VC\\Desktop\\Flight_Management_System\\FlightManagementSystemSolution\\FlightManagementUnitTests\\bin\\Debug\\fine-code-coverage-net8.0\\FlightManagementUnitTests.dll","CodeFilePath":null,"LineNumber":0,"Properties":[{"Key":{"Id":"NUnit.Seed","Label":"Seed","Category":"","Description":"","Attributes":0,"ValueType":"System.String"},"Value":"1226007980"}]},"Attachments":[],"Outcome":1,"ErrorMessage":null,"ErrorStackTrace":null,"DisplayName":"Update_Success","Messages":[],"ComputerName":"H0RBBX3","Duration":"00:00:00.0355920","StartTime":"2024-05-29T06:04:18.5056961+00:00","EndTime":"2024-05-29T06:04:18.5412964+00:00","Properties":[{"Key":{"Id":"NUnit.Seed","Label":"Seed","Category":"","Description":"","Attributes":0,"ValueType":"System.String"},"Value":"1226007980"}]}],"TestRunStatistics":{"ExecutedTests":9,"Stats":{"Passed":9}},"ActiveTests":[]},"RunAttachments":[],"ExecutorUris":["executor://nunit3testexecutor/"]}}
TpTrace Verbose: 0 : 29156, 12, 2024/05/29, 11:34:18.633, 4970108834047, vstest.console.dll, TestRequestSender.EndSession: Sending end session.
TpTrace Verbose: 0 : 29156, 12, 2024/05/29, 11:34:18.633, 4970108836234, vstest.console.dll, ProxyOperationManager.Close: waiting for test host to exit for 100 ms
TpTrace Verbose: 0 : 29156, 7, 2024/05/29, 11:34:18.668, 4970109182870, vstest.console.dll, TestHostManagerCallbacks.ctor: Experimental forwarding output is disabled.
TpTrace Warning: 0 : 29156, 7, 2024/05/29, 11:34:18.668, 4970109184552, vstest.console.dll, TestHostManagerCallbacks.ErrorReceivedCallback Test host standard error line: 
TpTrace Verbose: 0 : 29156, 7, 2024/05/29, 11:34:18.692, 4970109423330, vstest.console.dll, TestHostProvider.ExitCallBack: Host exited starting callback.
TpTrace Information: 0 : 29156, 7, 2024/05/29, 11:34:18.692, 4970109425727, vstest.console.dll, TestHostManagerCallbacks.ExitCallBack: Testhost processId: 42804 exited with exitcode: 0 error: ''
TpTrace Verbose: 0 : 29156, 7, 2024/05/29, 11:34:18.692, 4970109426349, vstest.console.dll, DotnetTestHostManager.OnHostExited: invoking OnHostExited callback
TpTrace Verbose: 0 : 29156, 7, 2024/05/29, 11:34:18.692, 4970109427496, vstest.console.dll, CrossPlatEngine.TestHostManagerHostExited: calling on client process exit callback.
TpTrace Information: 0 : 29156, 7, 2024/05/29, 11:34:18.692, 4970109428232, vstest.console.dll, TestRequestSender.OnClientProcessExit: Test host process exited. Standard error: 
TpTrace Information: 0 : 29156, 7, 2024/05/29, 11:34:18.692, 4970109428727, vstest.console.dll, SocketServer.Stop: Stop server endPoint: 127.0.0.1:64336
TpTrace Information: 0 : 29156, 12, 2024/05/29, 11:34:18.692, 4970109428773, vstest.console.dll, SocketServer.Stop: Stop server endPoint: 127.0.0.1:64336
TpTrace Information: 0 : 29156, 7, 2024/05/29, 11:34:18.692, 4970109429141, vstest.console.dll, SocketServer.Stop: Cancellation requested. Stopping message loop.
TpTrace Information: 0 : 29156, 12, 2024/05/29, 11:34:18.692, 4970109430169, vstest.console.dll, SocketServer.Stop: Cancellation requested. Stopping message loop.
TpTrace Information: 0 : 29156, 12, 2024/05/29, 11:34:18.692, 4970109431736, vstest.console.dll, Closing the connection
TpTrace Verbose: 0 : 29156, 7, 2024/05/29, 11:34:18.693, 4970109432244, vstest.console.dll, MulticastDelegateUtilities.SafeInvoke: HostProviderEvents.OnHostExited: Invoking callback 1/1 for Microsoft.VisualStudio.TestPlatform.CrossPlatEngine.Client.ProxyOperationManager., took 0 ms.
TpTrace Verbose: 0 : 29156, 12, 2024/05/29, 11:34:18.693, 4970109435196, vstest.console.dll, ProxyDataCollectionManager.InvokeDataCollectionServiceAction: Starting.
TpTrace Information: 0 : 29156, 12, 2024/05/29, 11:34:18.693, 4970109435956, vstest.console.dll, ProxyDataCollectionManager.AfterTestRunEnd: Get attachment set and invoked data collectors processId: 45140 port: 64333
TpTrace Verbose: 0 : 29156, 12, 2024/05/29, 11:34:18.693, 4970109436689, vstest.console.dll, DataCollectionRequestSender.SendAfterTestRunStartAndGetResult: Send AfterTestRunEnd message with isCancelled: False
TpTrace Verbose: 0 : 29156, 12, 2024/05/29, 11:34:18.702, 4970109531604, vstest.console.dll, DataCollectionRequestSender.SendAfterTestRunStartAndGetResult: Received message: (DataCollection.AfterTestRunEndResult) -> {"MessageType":"DataCollection.AfterTestRunEndResult","Payload":{"AttachmentSets":[],"InvokedDataCollectors":[{"Uri":"datacollector://Microsoft/TestPlatform/Extensions/Blame/v1","FriendlyName":"Blame","AssemblyQualifiedName":"Microsoft.TestPlatform.Extensions.BlameDataCollector.BlameCollector, Microsoft.TestPlatform.Extensions.BlameDataCollector, Version=15.0.0.0, Culture=neutral, PublicKeyToken=b03f5f7f11d50a3a","FilePath":"C:\\Program Files\\dotnet\\sdk\\8.0.202\\Extensions\\Microsoft.TestPlatform.Extensions.BlameDataCollector.dll","HasAttachmentProcessor":false}],"Metrics":{}}}
TpTrace Information: 0 : 29156, 12, 2024/05/29, 11:34:18.709, 4970109600634, vstest.console.dll, ProxyDataCollectionManager.InvokeDataCollectionServiceAction: Completed.
TpTrace Warning: 0 : 29156, 10, 2024/05/29, 11:34:18.734, 4970109849502, vstest.console.dll, DataCollectionLauncher.ErrorReceivedCallback datacollector standard error line: 
TpTrace Information: 0 : 29156, 10, 2024/05/29, 11:34:18.750, 4970110007663, vstest.console.dll, DataCollectionLauncher.ExitCallBack: Data collector exited with exitcode: 0 error: ''
TpTrace Verbose: 0 : 29156, 12, 2024/05/29, 11:34:18.759, 4970110101883, vstest.console.dll, TestRunRequest:SendTestRunStatsChange: Starting.
TpTrace Verbose: 0 : 29156, 12, 2024/05/29, 11:34:18.760, 4970110104502, vstest.console.dll, MulticastDelegateUtilities.SafeInvoke: TestRun.RunStatsChanged: Invoking callbacks was skipped because there are no subscribers.
TpTrace Information: 0 : 29156, 12, 2024/05/29, 11:34:18.760, 4970110105056, vstest.console.dll, TestRunRequest:SendTestRunStatsChange: Completed.
TpTrace Verbose: 0 : 29156, 4, 2024/05/29, 11:34:18.760, 4970110105331, vstest.console.dll, MulticastDelegateUtilities.SafeInvoke: InternalTestLoggerEvents.SendTestResult: Invoking callback 1/1 for Microsoft.VisualStudio.TestPlatform.CommandLine.Internal.ConsoleLogger., took 0 ms.
TpTrace Verbose: 0 : 29156, 4, 2024/05/29, 11:34:18.760, 4970110106339, vstest.console.dll, MulticastDelegateUtilities.SafeInvoke: InternalTestLoggerEvents.SendTestResult: Invoking callback 1/1 for Microsoft.VisualStudio.TestPlatform.CommandLine.Internal.ConsoleLogger., took 0 ms.
TpTrace Verbose: 0 : 29156, 4, 2024/05/29, 11:34:18.760, 4970110106913, vstest.console.dll, MulticastDelegateUtilities.SafeInvoke: InternalTestLoggerEvents.SendTestResult: Invoking callback 1/1 for Microsoft.VisualStudio.TestPlatform.CommandLine.Internal.ConsoleLogger., took 0 ms.
TpTrace Verbose: 0 : 29156, 4, 2024/05/29, 11:34:18.760, 4970110107536, vstest.console.dll, MulticastDelegateUtilities.SafeInvoke: InternalTestLoggerEvents.SendTestResult: Invoking callback 1/1 for Microsoft.VisualStudio.TestPlatform.CommandLine.Internal.ConsoleLogger., took 0 ms.
TpTrace Verbose: 0 : 29156, 4, 2024/05/29, 11:34:18.760, 4970110108097, vstest.console.dll, MulticastDelegateUtilities.SafeInvoke: InternalTestLoggerEvents.SendTestResult: Invoking callback 1/1 for Microsoft.VisualStudio.TestPlatform.CommandLine.Internal.ConsoleLogger., took 0 ms.
TpTrace Verbose: 0 : 29156, 12, 2024/05/29, 11:34:18.760, 4970110110664, vstest.console.dll, ParallelProxyExecutionManager: HandlePartialRunComplete: Total workloads = 1, Total started clients = 1 Total completed clients = 1, Run complete = True, Run canceled: False.
TpTrace Verbose: 0 : 29156, 12, 2024/05/29, 11:34:18.760, 4970110111635, vstest.console.dll, ParallelProxyExecutionManager: HandlePartialRunComplete: All runs completed stopping all managers.
TpTrace Verbose: 0 : 29156, 12, 2024/05/29, 11:34:18.760, 4970110112174, vstest.console.dll, ParallelOperationManager.StopAllManagers: Stopping all managers.
TpTrace Verbose: 0 : 29156, 12, 2024/05/29, 11:34:18.761, 4970110112620, vstest.console.dll, ParallelOperationManager.ClearSlots: Clearing all slots. Slots should accept more work: False
TpTrace Verbose: 0 : 29156, 12, 2024/05/29, 11:34:18.761, 4970110113316, vstest.console.dll, ParallelOperationManager.SetOccupiedSlotCount: Setting slot counts AvailableSlotCount = 1, OccupiedSlotCount = 0.
TpTrace Verbose: 0 : 29156, 12, 2024/05/29, 11:34:18.761, 4970110114124, vstest.console.dll, Occupied slots:

TpTrace Verbose: 0 : 29156, 4, 2024/05/29, 11:34:18.779, 4970110300646, vstest.console.dll, MulticastDelegateUtilities.SafeInvoke: InternalTestLoggerEvents.SendTestRunComplete: Invoking callback 1/2 for Microsoft.TestPlatform.Extensions.BlameDataCollector.BlameLogger., took 0 ms.
TpTrace Verbose: 0 : 29156, 4, 2024/05/29, 11:34:18.788, 4970110382853, vstest.console.dll, MulticastDelegateUtilities.SafeInvoke: InternalTestLoggerEvents.SendTestRunComplete: Invoking callback 2/2 for Microsoft.VisualStudio.TestPlatform.CommandLine.Internal.ConsoleLogger., took 7 ms.
TpTrace Verbose: 0 : 29156, 12, 2024/05/29, 11:34:18.788, 4970110386656, vstest.console.dll, TestRunRequest:TestRunComplete: Starting. IsAborted:False IsCanceled:False.
TpTrace Verbose: 0 : 29156, 12, 2024/05/29, 11:34:18.788, 4970110389834, vstest.console.dll, ParallelOperationManager.DoActionOnAllManagers: Calling an action on all managers.
TpTrace Verbose: 0 : 29156, 12, 2024/05/29, 11:34:18.790, 4970110402757, vstest.console.dll, TestLoggerManager.HandleTestRunComplete: Ignoring as the object is disposed.
TpTrace Verbose: 0 : 29156, 12, 2024/05/29, 11:34:18.790, 4970110406503, vstest.console.dll, MulticastDelegateUtilities.SafeInvoke: TestRun.TestRunComplete: Invoking callback 1/2 for Microsoft.VisualStudio.TestPlatform.CommandLine.TestRunResultAggregator., took 0 ms.
TpTrace Verbose: 0 : 29156, 12, 2024/05/29, 11:34:18.790, 4970110408339, vstest.console.dll, MulticastDelegateUtilities.SafeInvoke: TestRun.TestRunComplete: Invoking callback 2/2 for Microsoft.VisualStudio.TestPlatform.CommandLine.Processors.RunTestsArgumentExecutor+TestRunRequestEventsRegistrar., took 0 ms.
TpTrace Information: 0 : 29156, 12, 2024/05/29, 11:34:18.790, 4970110409812, vstest.console.dll, TestRunRequest:TestRunComplete: Completed.
TpTrace Verbose: 0 : 29156, 1, 2024/05/29, 11:34:18.790, 4970110409970, vstest.console.dll, TestRunRequest.Dispose: Starting.
TpTrace Verbose: 0 : 29156, 12, 2024/05/29, 11:34:18.790, 4970110411174, vstest.console.dll, TestRequestSender.SetOperationComplete: Setting operation complete.
TpTrace Information: 0 : 29156, 1, 2024/05/29, 11:34:18.790, 4970110411359, vstest.console.dll, TestRunRequest.Dispose: Completed.
TpTrace Information: 0 : 29156, 12, 2024/05/29, 11:34:18.790, 4970110411986, vstest.console.dll, SocketServer.Stop: Stop server endPoint: 127.0.0.1:64336
TpTrace Information: 0 : 29156, 1, 2024/05/29, 11:34:18.791, 4970110412657, vstest.console.dll, TestRequestManager.RunTests: run tests completed.
TpTrace Information: 0 : 29156, 12, 2024/05/29, 11:34:18.791, 4970110413018, vstest.console.dll, SocketServer.Stop: Cancellation requested. Stopping message loop.
TpTrace Verbose: 0 : 29156, 12, 2024/05/29, 11:34:18.791, 4970110414115, vstest.console.dll, MulticastDelegateUtilities.SafeInvoke: LengthPrefixCommunicationChannel: MessageReceived: Invoking callback 1/1 for Microsoft.VisualStudio.TestPlatform.CommunicationUtilities.TestRequestSender+<>c__DisplayClass34_0., took 158 ms.
TpTrace Information: 0 : 29156, 1, 2024/05/29, 11:34:18.791, 4970110414236, vstest.console.dll, RunTestsArgumentProcessor:Execute: Test run is completed.
TpTrace Information: 0 : 29156, 12, 2024/05/29, 11:34:18.791, 4970110414752, vstest.console.dll, SocketServer.PrivateStop: Stopping server endPoint: 127.0.0.1:64336 error: 
TpTrace Verbose: 0 : 29156, 1, 2024/05/29, 11:34:18.792, 4970110423434, vstest.console.dll, Executor.Execute: Exiting with exit code of 0
TpTrace Verbose: 0 : 29156, 12, 2024/05/29, 11:34:18.792, 4970110424907, vstest.console.dll, LengthPrefixCommunicationChannel.Dispose: Dispose reader and writer.
TpTrace Information: 0 : 29156, 12, 2024/05/29, 11:34:18.792, 4970110426398, vstest.console.dll, SocketServer.Stop: Raise disconnected event endPoint: 127.0.0.1:64336 error: 
TpTrace Verbose: 0 : 29156, 12, 2024/05/29, 11:34:18.792, 4970110427512, vstest.console.dll, TestRequestSender: OnTestRunAbort: Operation is already complete. Skip error message.
TpTrace Verbose: 0 : 29156, 12, 2024/05/29, 11:34:18.792, 4970110428118, vstest.console.dll, MulticastDelegateUtilities.SafeInvoke: SocketServer: ClientDisconnected: Invoking callback 1/1 for Microsoft.VisualStudio.TestPlatform.CommunicationUtilities.TestRequestSender., took 0 ms.
TpTrace Verbose: 0 : 29156, 12, 2024/05/29, 11:34:18.792, 4970110428602, vstest.console.dll, TcpClientExtensions.MessageLoopAsync: exiting MessageLoopAsync remoteEndPoint: 127.0.0.1:64337 localEndPoint: 127.0.0.1:64336
