TpTrace Verbose: 0 : 19068, 1, 2024/05/29, 17:28:46.017, 5182782680631, testhost.dll, Version: 17.8.0 Current process architecture: X64
TpTrace Verbose: 0 : 19068, 1, 2024/05/29, 17:28:46.021, 5182782715591, testhost.dll, Runtime location: C:\Program Files\dotnet\shared\Microsoft.NETCore.App\8.0.3
TpTrace Information: 0 : 19068, 1, 2024/05/29, 17:28:46.023, 5182782734914, testhost.dll, DefaultEngineInvoker.Invoke: Testhost process started with args :[--port, 57020],[--endpoint, 127.0.0.1:057020],[--role, client],[--parentprocessid, 10884],[--diag, C:\Users\VC\Desktop\Flight_Management_System\FlightManagementSystemSolution\FlightManagementUnitTests\bin\Debug\net8.0\fine-code-coverage\coverage-tool-output\diagnostics.host.24-05-29_17-28-45_81758_5.log],[--tracelevel, 4],[--datacollectionport, 57019],[--telemetryoptedin, false]
TpTrace Information: 0 : 19068, 1, 2024/05/29, 17:28:46.023, 5182782742979, testhost.dll, Setting up debug trace listener.
TpTrace Verbose: 0 : 19068, 1, 2024/05/29, 17:28:46.024, 5182782744403, testhost.dll, TestPlatformTraceListener.Setup: Replacing listener System.Diagnostics.DefaultTraceListener with TestHostTraceListener.
TpTrace Verbose: 0 : 19068, 1, 2024/05/29, 17:28:46.024, 5182782745204, testhost.dll, TestPlatformTraceListener.Setup: Added test platform trace listener.
TpTrace Information: 0 : 19068, 1, 2024/05/29, 17:28:46.024, 5182782747362, testhost.dll, DefaultEngineInvoker.SetParentProcessExitCallback: Monitoring parent process with id: '10884'
TpTrace Information: 0 : 19068, 1, 2024/05/29, 17:28:46.027, 5182782781168, testhost.dll, DefaultEngineInvoker.GetConnectionInfo: Initialize communication on endpoint address: '127.0.0.1:057020'
TpTrace Information: 0 : 19068, 1, 2024/05/29, 17:28:46.040, 5182782908187, testhost.dll, SocketClient.Start: connecting to server endpoint: 127.0.0.1:057020
TpTrace Information: 0 : 19068, 9, 2024/05/29, 17:28:46.047, 5182782982774, testhost.dll, SocketClient.OnServerConnected: connected to server endpoint: 127.0.0.1:057020
TpTrace Verbose: 0 : 19068, 9, 2024/05/29, 17:28:46.050, 5182783007545, testhost.dll, MulticastDelegateUtilities.SafeInvoke: SocketClient: ServerConnected: Invoking callback 1/1 for Microsoft.VisualStudio.TestPlatform.CommunicationUtilities.TestRequestHandler., took 0 ms.
TpTrace Verbose: 0 : 19068, 9, 2024/05/29, 17:28:46.050, 5182783008350, testhost.dll, Connected to server, and starting MessageLoopAsync
TpTrace Information: 0 : 19068, 1, 2024/05/29, 17:28:46.050, 5182783011075, testhost.dll, DefaultEngineInvoker.ConnectToDatacollector: Connecting to datacollector, port: 57019
TpTrace Information: 0 : 19068, 1, 2024/05/29, 17:28:46.051, 5182783018681, testhost.dll, Trying to connect to server on socket : 127.0.0.1:57019 
TpTrace Verbose: 0 : 19068, 1, 2024/05/29, 17:28:46.051, 5182783020760, testhost.dll, SocketCommunicationManager : SetupClientAsync : Attempting to connect to the server.
TpTrace Information: 0 : 19068, 11, 2024/05/29, 17:28:46.053, 5182783036845, testhost.dll, Connected to the server successfully 
TpTrace Information: 0 : 19068, 11, 2024/05/29, 17:28:46.053, 5182783037809, testhost.dll, Using the buffer size of 16384 bytes
TpTrace Verbose: 0 : 19068, 1, 2024/05/29, 17:28:46.053, 5182783038483, testhost.dll, SocketCommunicationManager.WaitForServerConnection took: 0 ms, with 90000 ms timeout, and finished with True.
TpTrace Information: 0 : 19068, 1, 2024/05/29, 17:28:46.053, 5182783040719, testhost.dll, DefaultEngineInvoker.Invoke: Start Request Processing.
TpTrace Information: 0 : 19068, 12, 2024/05/29, 17:28:46.054, 5182783050275, testhost.dll, DefaultEngineInvoker.StartProcessingAsync: Connected to vstest.console, Starting process requests.
TpTrace Verbose: 0 : 19068, 9, 2024/05/29, 17:28:46.056, 5182783072655, testhost.dll, TcpClientExtensions.MessageLoopAsync: Polling on remoteEndPoint: [::ffff:127.0.0.1]:57020 localEndPoint: [::ffff:127.0.0.1]:57021
TpTrace Verbose: 0 : 19068, 9, 2024/05/29, 17:28:46.057, 5182783073488, testhost.dll, TcpClientExtensions.MessageLoopAsync: NotifyDataAvailable remoteEndPoint: [::ffff:127.0.0.1]:57020 localEndPoint: [::ffff:127.0.0.1]:57021
TpTrace Information: 0 : 19068, 9, 2024/05/29, 17:28:46.059, 5182783099267, testhost.dll, TestRequestHandler.OnMessageReceived: received message: (ProtocolVersion) -> {"MessageType":"ProtocolVersion","Payload":7}
TpTrace Verbose: 0 : 19068, 9, 2024/05/29, 17:28:46.137, 5182783875461, testhost.dll, TestRequestHandler.SendData: sending data from testhost: {"Version":7,"MessageType":"TestSession.Message","Payload":{"MessageLevel":0,"Message":"Logging TestHost Diagnostics in file: C:\\Users\\VC\\Desktop\\Flight_Management_System\\FlightManagementSystemSolution\\FlightManagementUnitTests\\bin\\Debug\\net8.0\\fine-code-coverage\\coverage-tool-output\\diagnostics.host.24-05-29_17-28-45_81758_5.log"}}
TpTrace Verbose: 0 : 19068, 9, 2024/05/29, 17:28:46.137, 5182783877370, testhost.dll, MulticastDelegateUtilities.SafeInvoke: LengthPrefixCommunicationChannel: MessageReceived: Invoking callback 1/1 for Microsoft.VisualStudio.TestPlatform.CommunicationUtilities.TestRequestHandler., took 79 ms.
TpTrace Verbose: 0 : 19068, 9, 2024/05/29, 17:28:46.137, 5182783877725, testhost.dll, TcpClientExtensions.MessageLoopAsync: Polling on remoteEndPoint: [::ffff:127.0.0.1]:57020 localEndPoint: [::ffff:127.0.0.1]:57021
TpTrace Verbose: 0 : 19068, 9, 2024/05/29, 17:28:46.137, 5182783878044, testhost.dll, TcpClientExtensions.MessageLoopAsync: NotifyDataAvailable remoteEndPoint: [::ffff:127.0.0.1]:57020 localEndPoint: [::ffff:127.0.0.1]:57021
TpTrace Information: 0 : 19068, 9, 2024/05/29, 17:28:46.137, 5182783880124, testhost.dll, TestRequestHandler.OnMessageReceived: received message: (TestExecution.Initialize) -> {"Version":7,"MessageType":"TestExecution.Initialize","Payload":["C:\\Users\\VC\\Desktop\\Flight_Management_System\\FlightManagementSystemSolution\\FlightManagementUnitTests\\bin\\Debug\\fine-code-coverage-net8.0\\NUnit3.TestAdapter.dll"]}
TpTrace Verbose: 0 : 19068, 9, 2024/05/29, 17:28:46.145, 5182783955360, testhost.dll, MulticastDelegateUtilities.SafeInvoke: LengthPrefixCommunicationChannel: MessageReceived: Invoking callback 1/1 for Microsoft.VisualStudio.TestPlatform.CommunicationUtilities.TestRequestHandler., took 7 ms.
TpTrace Verbose: 0 : 19068, 9, 2024/05/29, 17:28:46.145, 5182783956447, testhost.dll, TcpClientExtensions.MessageLoopAsync: Polling on remoteEndPoint: [::ffff:127.0.0.1]:57020 localEndPoint: [::ffff:127.0.0.1]:57021
TpTrace Verbose: 0 : 19068, 9, 2024/05/29, 17:28:46.145, 5182783956983, testhost.dll, TcpClientExtensions.MessageLoopAsync: NotifyDataAvailable remoteEndPoint: [::ffff:127.0.0.1]:57020 localEndPoint: [::ffff:127.0.0.1]:57021
TpTrace Information: 0 : 19068, 9, 2024/05/29, 17:28:46.145, 5182783958319, testhost.dll, TestRequestHandler.OnMessageReceived: received message: (TestExecution.StartWithSources) -> {"Version":7,"MessageType":"TestExecution.StartWithSources","Payload":{"AdapterSourceMap":{"_none_":["C:\\Users\\VC\\Desktop\\Flight_Management_System\\FlightManagementSystemSolution\\FlightManagementUnitTests\\bin\\Debug\\fine-code-coverage-net8.0\\FlightManagementUnitTests.dll"]},"RunSettings":"<RunSettings>\r\n  <RunConfiguration>\r\n    <ResultsDirectory>C:\\Users\\VC\\Desktop\\Flight_Management_System\\FlightManagementSystemSolution\\FlightManagementUnitTests\\bin\\Debug\\net8.0\\fine-code-coverage\\coverage-tool-output</ResultsDirectory>\r\n    <TargetFrameworkVersion>.NETCoreApp,Version=v8.0</TargetFrameworkVersion>\r\n    <DesignMode>False</DesignMode>\r\n    <CollectSourceInformation>False</CollectSourceInformation>\r\n  </RunConfiguration>\r\n  <LoggerRunSettings>\r\n    <Loggers>\r\n      <Logger friendlyName=\"blame\" enabled=\"True\" />\r\n      <Logger friendlyName=\"Console\" uri=\"logger://microsoft/TestPlatform/ConsoleLogger/v1\" assemblyQualifiedName=\"Microsoft.VisualStudio.TestPlatform.CommandLine.Internal.ConsoleLogger, vstest.console, Version=15.0.0.0, Culture=neutral, PublicKeyToken=b03f5f7f11d50a3a\" codeBase=\"C:\\Program Files\\dotnet\\sdk\\8.0.202\\vstest.console.dll\" enabled=\"True\" />\r\n    </Loggers>\r\n  </LoggerRunSettings>\r\n  <DataCollectionRunSettings>\r\n    <DataCollectors>\r\n      <DataCollector friendlyName=\"blame\" enabled=\"True\">\r\n        <Configuration>\r\n          <ResultsDirectory>C:\\Users\\VC\\Desktop\\Flight_Management_System\\FlightManagementSystemSolution\\FlightManagementUnitTests\\bin\\Debug\\net8.0\\fine-code-coverage\\coverage-tool-output</ResultsDirectory>\r\n        </Configuration>\r\n      </DataCollector>\r\n    </DataCollectors>\r\n  </DataCollectionRunSettings>\r\n</RunSettings>","TestExecutionContext":{"FrequencyOfRunStatsChangeEvent":10,"RunStatsChangeEventTimeout":"00:00:01.5000000","InIsolation":false,"KeepAlive":false,"AreTestCaseLevelEventsRequired":false,"IsDebug":false,"TestCaseFilter":null,"FilterOptions":null},"Package":null}}
TpTrace Information: 0 : 19068, 4, 2024/05/29, 17:28:46.145, 5182783959379, testhost.dll, TestRequestHandler.OnMessageReceived: Running job 'TestExecution.Initialize'.
TpTrace Verbose: 0 : 19068, 4, 2024/05/29, 17:28:46.147, 5182783974560, testhost.dll, TestExecutorService: Loading the extensions
TpTrace Verbose: 0 : 19068, 4, 2024/05/29, 17:28:46.148, 5182783983256, testhost.dll, TestPluginCache.DiscoverTestExtensions: finding test extensions in assemblies ends with: TestAdapter.dll TPluginInfo: Microsoft.VisualStudio.TestPlatform.Common.ExtensionFramework.Utilities.TestExecutorPluginInformation TExtension: Microsoft.VisualStudio.TestPlatform.ObjectModel.Adapter.ITestExecutor
TpTrace Verbose: 0 : 19068, 4, 2024/05/29, 17:28:46.148, 5182783990496, testhost.dll, TestPluginCache.GetExtensionPaths: Filtered extension paths: 
TpTrace Verbose: 0 : 19068, 4, 2024/05/29, 17:28:46.148, 5182783992783, testhost.dll, TestPluginCache.GetExtensionPaths: Added default extension paths: C:\Users\VC\Desktop\Flight_Management_System\FlightManagementSystemSolution\FlightManagementUnitTests\bin\Debug\fine-code-coverage-net8.0\NUnit3.TestAdapter.dll
TpTrace Verbose: 0 : 19068, 4, 2024/05/29, 17:28:46.149, 5182783993109, testhost.dll, TestPluginCache.GetExtensionPaths: Added unfilterableExtensionPaths: 
TpTrace Information: 0 : 19068, 4, 2024/05/29, 17:28:46.149, 5182784001893, testhost.dll, AssemblyResolver.ctor: Creating AssemblyResolver with searchDirectories C:\Users\VC\Desktop\Flight_Management_System\FlightManagementSystemSolution\FlightManagementUnitTests\bin\Debug\fine-code-coverage-net8.0
TpTrace Verbose: 0 : 19068, 4, 2024/05/29, 17:28:46.150, 5182784009798, testhost.dll, TestPluginCache.DiscoverTestExtensions: Discovering the extensions using extension path.
TpTrace Verbose: 0 : 19068, 4, 2024/05/29, 17:28:46.150, 5182784010580, testhost.dll, TestPluginCache.GetExtensionPaths: Filtered extension paths: 
TpTrace Verbose: 0 : 19068, 4, 2024/05/29, 17:28:46.150, 5182784010837, testhost.dll, TestPluginCache.GetExtensionPaths: Added default extension paths: C:\Users\VC\Desktop\Flight_Management_System\FlightManagementSystemSolution\FlightManagementUnitTests\bin\Debug\fine-code-coverage-net8.0\NUnit3.TestAdapter.dll
TpTrace Verbose: 0 : 19068, 4, 2024/05/29, 17:28:46.150, 5182784011107, testhost.dll, TestPluginCache.GetExtensionPaths: Added unfilterableExtensionPaths: 
TpTrace Verbose: 0 : 19068, 4, 2024/05/29, 17:28:46.150, 5182784011514, testhost.dll, TestPluginCache.DiscoverTestExtensions: Discovering the extensions using allExtensionPaths: C:\Users\VC\Desktop\Flight_Management_System\FlightManagementSystemSolution\FlightManagementUnitTests\bin\Debug\fine-code-coverage-net8.0\NUnit3.TestAdapter.dll
TpTrace Information: 0 : 19068, 4, 2024/05/29, 17:28:46.151, 5182784015093, testhost.dll, AssemblyResolver.AddSearchDirectories: Adding more searchDirectories C:\Users\VC\Desktop\Flight_Management_System\FlightManagementSystemSolution\FlightManagementUnitTests\bin\Debug\fine-code-coverage-net8.0
TpTrace Information: 0 : 19068, 4, 2024/05/29, 17:28:46.152, 5182784028644, testhost.dll, AssemblyResolver.OnResolve: NUnit3.TestAdapter: Resolving assembly.
TpTrace Information: 0 : 19068, 4, 2024/05/29, 17:28:46.152, 5182784029210, testhost.dll, AssemblyResolver.OnResolve: NUnit3.TestAdapter: Searching in: 'C:\Users\VC\Desktop\Flight_Management_System\FlightManagementSystemSolution\FlightManagementUnitTests\bin\Debug\fine-code-coverage-net8.0'.
TpTrace Information: 0 : 19068, 4, 2024/05/29, 17:28:46.160, 5182784104952, testhost.dll, AssemblyResolver.OnResolve: NUnit3.TestAdapter: Loading assembly 'C:\Users\VC\Desktop\Flight_Management_System\FlightManagementSystemSolution\FlightManagementUnitTests\bin\Debug\fine-code-coverage-net8.0\NUnit3.TestAdapter.dll'.
TpTrace Information: 0 : 19068, 4, 2024/05/29, 17:28:46.160, 5182784112228, testhost.dll, AssemblyResolver.OnResolve: Resolved assembly: NUnit3.TestAdapter, from path: C:\Users\VC\Desktop\Flight_Management_System\FlightManagementSystemSolution\FlightManagementUnitTests\bin\Debug\fine-code-coverage-net8.0\NUnit3.TestAdapter.dll
TpTrace Verbose: 0 : 19068, 9, 2024/05/29, 17:28:46.163, 5182784139235, testhost.dll, MulticastDelegateUtilities.SafeInvoke: LengthPrefixCommunicationChannel: MessageReceived: Invoking callback 1/1 for Microsoft.VisualStudio.TestPlatform.CommunicationUtilities.TestRequestHandler., took 18 ms.
TpTrace Verbose: 0 : 19068, 9, 2024/05/29, 17:28:46.163, 5182784139918, testhost.dll, TcpClientExtensions.MessageLoopAsync: Polling on remoteEndPoint: [::ffff:127.0.0.1]:57020 localEndPoint: [::ffff:127.0.0.1]:57021
TpTrace Verbose: 0 : 19068, 4, 2024/05/29, 17:28:46.171, 5182784221215, testhost.dll, MetadataReaderExtensionsHelper: Discovering extensions inside assembly 'NUnit3.TestAdapter, Version=4.5.0.0, Culture=neutral, PublicKeyToken=4cb40d35494691ac' file path 'C:\Users\VC\Desktop\Flight_Management_System\FlightManagementSystemSolution\FlightManagementUnitTests\bin\Debug\fine-code-coverage-net8.0\NUnit3.TestAdapter.dll'
TpTrace Information: 0 : 19068, 4, 2024/05/29, 17:28:46.175, 5182784260182, testhost.dll, AssemblyResolver.OnResolve: nunit.engine.api: Resolving assembly.
TpTrace Information: 0 : 19068, 4, 2024/05/29, 17:28:46.175, 5182784261314, testhost.dll, AssemblyResolver.OnResolve: nunit.engine.api: Searching in: 'C:\Users\VC\Desktop\Flight_Management_System\FlightManagementSystemSolution\FlightManagementUnitTests\bin\Debug\fine-code-coverage-net8.0'.
TpTrace Information: 0 : 19068, 4, 2024/05/29, 17:28:46.176, 5182784265263, testhost.dll, AssemblyResolver.OnResolve: nunit.engine.api: Loading assembly 'C:\Users\VC\Desktop\Flight_Management_System\FlightManagementSystemSolution\FlightManagementUnitTests\bin\Debug\fine-code-coverage-net8.0\nunit.engine.api.dll'.
TpTrace Information: 0 : 19068, 4, 2024/05/29, 17:28:46.176, 5182784270197, testhost.dll, AssemblyResolver.OnResolve: Resolved assembly: nunit.engine.api, from path: C:\Users\VC\Desktop\Flight_Management_System\FlightManagementSystemSolution\FlightManagementUnitTests\bin\Debug\fine-code-coverage-net8.0\nunit.engine.api.dll
TpTrace Information: 0 : 19068, 4, 2024/05/29, 17:28:46.179, 5182784294244, testhost.dll, GetTestExtensionFromType: Register extension with identifier data 'executor://NUnit3TestExecutor' and type 'NUnit.VisualStudio.TestAdapter.NUnit3TestExecutor, NUnit3.TestAdapter, Version=4.5.0.0, Culture=neutral, PublicKeyToken=4cb40d35494691ac' inside file 'C:\Users\VC\Desktop\Flight_Management_System\FlightManagementSystemSolution\FlightManagementUnitTests\bin\Debug\fine-code-coverage-net8.0\NUnit3.TestAdapter.dll'
TpTrace Verbose: 0 : 19068, 4, 2024/05/29, 17:28:46.180, 5182784307259, testhost.dll, TestPluginCache: Discovered the extensions using extension path ''.
TpTrace Verbose: 0 : 19068, 4, 2024/05/29, 17:28:46.180, 5182784310330, testhost.dll, TestPluginCache: Discoverers are ''.
TpTrace Verbose: 0 : 19068, 4, 2024/05/29, 17:28:46.180, 5182784311167, testhost.dll, TestPluginCache: Executors are 'executor://NUnit3TestExecutor'.
TpTrace Verbose: 0 : 19068, 4, 2024/05/29, 17:28:46.180, 5182784312264, testhost.dll, TestPluginCache: Executors2 are ''.
TpTrace Verbose: 0 : 19068, 4, 2024/05/29, 17:28:46.180, 5182784312953, testhost.dll, TestPluginCache: Setting providers are ''.
TpTrace Verbose: 0 : 19068, 4, 2024/05/29, 17:28:46.181, 5182784313352, testhost.dll, TestPluginCache: Loggers are ''.
TpTrace Verbose: 0 : 19068, 4, 2024/05/29, 17:28:46.181, 5182784314156, testhost.dll, TestPluginCache: TestHosts are ''.
TpTrace Verbose: 0 : 19068, 4, 2024/05/29, 17:28:46.181, 5182784314540, testhost.dll, TestPluginCache: DataCollectors are ''.
TpTrace Verbose: 0 : 19068, 4, 2024/05/29, 17:28:46.182, 5182784327984, testhost.dll, TestPluginCache.DiscoverTestExtensions: finding test extensions in assemblies ends with: TestAdapter.dll TPluginInfo: Microsoft.VisualStudio.TestPlatform.Common.ExtensionFramework.Utilities.TestExecutorPluginInformation2 TExtension: Microsoft.VisualStudio.TestPlatform.ObjectModel.Adapter.ITestExecutor2
TpTrace Verbose: 0 : 19068, 4, 2024/05/29, 17:28:46.182, 5182784329462, testhost.dll, TestPluginCache.GetExtensionPaths: Filtered extension paths: 
TpTrace Verbose: 0 : 19068, 4, 2024/05/29, 17:28:46.182, 5182784329847, testhost.dll, TestPluginCache.GetExtensionPaths: Added default extension paths: C:\Users\VC\Desktop\Flight_Management_System\FlightManagementSystemSolution\FlightManagementUnitTests\bin\Debug\fine-code-coverage-net8.0\NUnit3.TestAdapter.dll
TpTrace Verbose: 0 : 19068, 4, 2024/05/29, 17:28:46.182, 5182784330071, testhost.dll, TestPluginCache.GetExtensionPaths: Added unfilterableExtensionPaths: 
TpTrace Information: 0 : 19068, 4, 2024/05/29, 17:28:46.182, 5182784332340, testhost.dll, AssemblyResolver.AddSearchDirectories: Adding more searchDirectories C:\Users\VC\Desktop\Flight_Management_System\FlightManagementSystemSolution\FlightManagementUnitTests\bin\Debug\fine-code-coverage-net8.0
TpTrace Verbose: 0 : 19068, 4, 2024/05/29, 17:28:46.182, 5182784332700, testhost.dll, TestPluginCache.DiscoverTestExtensions: Discovering the extensions using extension path.
TpTrace Verbose: 0 : 19068, 4, 2024/05/29, 17:28:46.182, 5182784332926, testhost.dll, TestPluginCache.GetExtensionPaths: Filtered extension paths: 
TpTrace Verbose: 0 : 19068, 4, 2024/05/29, 17:28:46.183, 5182784333128, testhost.dll, TestPluginCache.GetExtensionPaths: Added default extension paths: C:\Users\VC\Desktop\Flight_Management_System\FlightManagementSystemSolution\FlightManagementUnitTests\bin\Debug\fine-code-coverage-net8.0\NUnit3.TestAdapter.dll
TpTrace Verbose: 0 : 19068, 4, 2024/05/29, 17:28:46.183, 5182784333325, testhost.dll, TestPluginCache.GetExtensionPaths: Added unfilterableExtensionPaths: 
TpTrace Verbose: 0 : 19068, 4, 2024/05/29, 17:28:46.183, 5182784333569, testhost.dll, TestPluginCache.DiscoverTestExtensions: Discovering the extensions using allExtensionPaths: C:\Users\VC\Desktop\Flight_Management_System\FlightManagementSystemSolution\FlightManagementUnitTests\bin\Debug\fine-code-coverage-net8.0\NUnit3.TestAdapter.dll
TpTrace Information: 0 : 19068, 4, 2024/05/29, 17:28:46.183, 5182784333854, testhost.dll, AssemblyResolver.AddSearchDirectories: Adding more searchDirectories C:\Users\VC\Desktop\Flight_Management_System\FlightManagementSystemSolution\FlightManagementUnitTests\bin\Debug\fine-code-coverage-net8.0
TpTrace Verbose: 0 : 19068, 4, 2024/05/29, 17:28:46.183, 5182784334370, testhost.dll, MetadataReaderExtensionsHelper: Discovering extensions inside assembly 'NUnit3.TestAdapter, Version=4.5.0.0, Culture=neutral, PublicKeyToken=4cb40d35494691ac' file path 'C:\Users\VC\Desktop\Flight_Management_System\FlightManagementSystemSolution\FlightManagementUnitTests\bin\Debug\fine-code-coverage-net8.0\NUnit3.TestAdapter.dll'
TpTrace Verbose: 0 : 19068, 4, 2024/05/29, 17:28:46.183, 5182784341424, testhost.dll, TestPluginCache: Discovered the extensions using extension path ''.
TpTrace Verbose: 0 : 19068, 4, 2024/05/29, 17:28:46.183, 5182784341864, testhost.dll, TestPluginCache: Discoverers are ''.
TpTrace Verbose: 0 : 19068, 4, 2024/05/29, 17:28:46.183, 5182784342207, testhost.dll, TestPluginCache: Executors are 'executor://NUnit3TestExecutor'.
TpTrace Verbose: 0 : 19068, 4, 2024/05/29, 17:28:46.183, 5182784342723, testhost.dll, TestPluginCache: Executors2 are ''.
TpTrace Verbose: 0 : 19068, 4, 2024/05/29, 17:28:46.183, 5182784342935, testhost.dll, TestPluginCache: Setting providers are ''.
TpTrace Verbose: 0 : 19068, 4, 2024/05/29, 17:28:46.184, 5182784343157, testhost.dll, TestPluginCache: Loggers are ''.
TpTrace Verbose: 0 : 19068, 4, 2024/05/29, 17:28:46.184, 5182784343363, testhost.dll, TestPluginCache: TestHosts are ''.
TpTrace Verbose: 0 : 19068, 4, 2024/05/29, 17:28:46.184, 5182784343599, testhost.dll, TestPluginCache: DataCollectors are ''.
TpTrace Information: 0 : 19068, 4, 2024/05/29, 17:28:46.188, 5182784390908, testhost.dll, TestPluginManager.CreateTestExtension: Attempting to load test extension: NUnit.VisualStudio.TestAdapter.NUnit3TestExecutor
TpTrace Verbose: 0 : 19068, 4, 2024/05/29, 17:28:46.189, 5182784399624, testhost.dll, TestExecutorExtensionManager: Loading executor Microsoft.VisualStudio.TestPlatform.Common.ExtensionDecorators.SerialTestRunDecorator
TpTrace Verbose: 0 : 19068, 4, 2024/05/29, 17:28:46.189, 5182784400127, testhost.dll, TestExecutorService: Loaded the executors
TpTrace Verbose: 0 : 19068, 4, 2024/05/29, 17:28:46.190, 5182784403572, testhost.dll, TestPluginCache.DiscoverTestExtensions: finding test extensions in assemblies ends with: TestAdapter.dll TPluginInfo: Microsoft.VisualStudio.TestPlatform.Common.ExtensionFramework.Utilities.TestSettingsProviderPluginInformation TExtension: Microsoft.VisualStudio.TestPlatform.ObjectModel.Adapter.ISettingsProvider
TpTrace Verbose: 0 : 19068, 4, 2024/05/29, 17:28:46.190, 5182784404271, testhost.dll, TestPluginCache.GetExtensionPaths: Filtered extension paths: 
TpTrace Verbose: 0 : 19068, 4, 2024/05/29, 17:28:46.190, 5182784404547, testhost.dll, TestPluginCache.GetExtensionPaths: Added default extension paths: C:\Users\VC\Desktop\Flight_Management_System\FlightManagementSystemSolution\FlightManagementUnitTests\bin\Debug\fine-code-coverage-net8.0\NUnit3.TestAdapter.dll
TpTrace Verbose: 0 : 19068, 4, 2024/05/29, 17:28:46.190, 5182784404804, testhost.dll, TestPluginCache.GetExtensionPaths: Added unfilterableExtensionPaths: 
TpTrace Information: 0 : 19068, 4, 2024/05/29, 17:28:46.190, 5182784405903, testhost.dll, AssemblyResolver.AddSearchDirectories: Adding more searchDirectories C:\Users\VC\Desktop\Flight_Management_System\FlightManagementSystemSolution\FlightManagementUnitTests\bin\Debug\fine-code-coverage-net8.0
TpTrace Verbose: 0 : 19068, 4, 2024/05/29, 17:28:46.190, 5182784406216, testhost.dll, TestPluginCache.DiscoverTestExtensions: Discovering the extensions using extension path.
TpTrace Verbose: 0 : 19068, 4, 2024/05/29, 17:28:46.190, 5182784406486, testhost.dll, TestPluginCache.GetExtensionPaths: Filtered extension paths: 
TpTrace Verbose: 0 : 19068, 4, 2024/05/29, 17:28:46.190, 5182784406709, testhost.dll, TestPluginCache.GetExtensionPaths: Added default extension paths: C:\Users\VC\Desktop\Flight_Management_System\FlightManagementSystemSolution\FlightManagementUnitTests\bin\Debug\fine-code-coverage-net8.0\NUnit3.TestAdapter.dll
TpTrace Verbose: 0 : 19068, 4, 2024/05/29, 17:28:46.190, 5182784406914, testhost.dll, TestPluginCache.GetExtensionPaths: Added unfilterableExtensionPaths: 
TpTrace Verbose: 0 : 19068, 4, 2024/05/29, 17:28:46.190, 5182784407123, testhost.dll, TestPluginCache.DiscoverTestExtensions: Discovering the extensions using allExtensionPaths: C:\Users\VC\Desktop\Flight_Management_System\FlightManagementSystemSolution\FlightManagementUnitTests\bin\Debug\fine-code-coverage-net8.0\NUnit3.TestAdapter.dll
TpTrace Information: 0 : 19068, 4, 2024/05/29, 17:28:46.190, 5182784407435, testhost.dll, AssemblyResolver.AddSearchDirectories: Adding more searchDirectories C:\Users\VC\Desktop\Flight_Management_System\FlightManagementSystemSolution\FlightManagementUnitTests\bin\Debug\fine-code-coverage-net8.0
TpTrace Verbose: 0 : 19068, 4, 2024/05/29, 17:28:46.190, 5182784407867, testhost.dll, MetadataReaderExtensionsHelper: Discovering extensions inside assembly 'NUnit3.TestAdapter, Version=4.5.0.0, Culture=neutral, PublicKeyToken=4cb40d35494691ac' file path 'C:\Users\VC\Desktop\Flight_Management_System\FlightManagementSystemSolution\FlightManagementUnitTests\bin\Debug\fine-code-coverage-net8.0\NUnit3.TestAdapter.dll'
TpTrace Verbose: 0 : 19068, 4, 2024/05/29, 17:28:46.191, 5182784413625, testhost.dll, TestPluginCache: Discovered the extensions using extension path ''.
TpTrace Verbose: 0 : 19068, 4, 2024/05/29, 17:28:46.191, 5182784414066, testhost.dll, TestPluginCache: Discoverers are ''.
TpTrace Verbose: 0 : 19068, 4, 2024/05/29, 17:28:46.191, 5182784414291, testhost.dll, TestPluginCache: Executors are 'executor://NUnit3TestExecutor'.
TpTrace Verbose: 0 : 19068, 4, 2024/05/29, 17:28:46.191, 5182784414499, testhost.dll, TestPluginCache: Executors2 are ''.
TpTrace Verbose: 0 : 19068, 4, 2024/05/29, 17:28:46.191, 5182784414768, testhost.dll, TestPluginCache: Setting providers are ''.
TpTrace Verbose: 0 : 19068, 4, 2024/05/29, 17:28:46.191, 5182784414966, testhost.dll, TestPluginCache: Loggers are ''.
TpTrace Verbose: 0 : 19068, 4, 2024/05/29, 17:28:46.191, 5182784415156, testhost.dll, TestPluginCache: TestHosts are ''.
TpTrace Verbose: 0 : 19068, 4, 2024/05/29, 17:28:46.191, 5182784415346, testhost.dll, TestPluginCache: DataCollectors are ''.
TpTrace Verbose: 0 : 19068, 4, 2024/05/29, 17:28:46.191, 5182784419354, testhost.dll, TestExecutorService: Loaded the settings providers
TpTrace Information: 0 : 19068, 4, 2024/05/29, 17:28:46.191, 5182784419769, testhost.dll, TestExecutorService: Loaded the extensions
TpTrace Information: 0 : 19068, 4, 2024/05/29, 17:28:46.191, 5182784422232, testhost.dll, TestRequestHandler.OnMessageReceived: Running job 'TestExecution.StartWithSources'.
TpTrace Verbose: 0 : 19068, 4, 2024/05/29, 17:28:46.227, 5182784775346, testhost.dll, MulticastDelegateUtilities.SafeInvoke: TestCaseEventsHandler.RaiseSessionStart: Invoking callbacks was skipped because there are no subscribers.
TpTrace Information: 0 : 19068, 4, 2024/05/29, 17:28:46.228, 5182784787439, testhost.dll, TestDiscoveryManager: Discovering tests from sources C:\Users\VC\Desktop\Flight_Management_System\FlightManagementSystemSolution\FlightManagementUnitTests\bin\Debug\fine-code-coverage-net8.0\FlightManagementUnitTests.dll
TpTrace Verbose: 0 : 19068, 4, 2024/05/29, 17:28:46.229, 5182784797595, testhost.dll, TestPluginCache.DiscoverTestExtensions: finding test extensions in assemblies ends with: TestAdapter.dll TPluginInfo: Microsoft.VisualStudio.TestPlatform.Common.ExtensionFramework.Utilities.TestDiscovererPluginInformation TExtension: Microsoft.VisualStudio.TestPlatform.ObjectModel.Adapter.ITestDiscoverer
TpTrace Verbose: 0 : 19068, 4, 2024/05/29, 17:28:46.229, 5182784798478, testhost.dll, TestPluginCache.GetExtensionPaths: Filtered extension paths: 
TpTrace Verbose: 0 : 19068, 4, 2024/05/29, 17:28:46.229, 5182784798769, testhost.dll, TestPluginCache.GetExtensionPaths: Added default extension paths: C:\Users\VC\Desktop\Flight_Management_System\FlightManagementSystemSolution\FlightManagementUnitTests\bin\Debug\fine-code-coverage-net8.0\NUnit3.TestAdapter.dll
TpTrace Verbose: 0 : 19068, 4, 2024/05/29, 17:28:46.229, 5182784799006, testhost.dll, TestPluginCache.GetExtensionPaths: Added unfilterableExtensionPaths: 
TpTrace Information: 0 : 19068, 4, 2024/05/29, 17:28:46.229, 5182784799935, testhost.dll, AssemblyResolver.AddSearchDirectories: Adding more searchDirectories C:\Users\VC\Desktop\Flight_Management_System\FlightManagementSystemSolution\FlightManagementUnitTests\bin\Debug\fine-code-coverage-net8.0
TpTrace Verbose: 0 : 19068, 4, 2024/05/29, 17:28:46.229, 5182784800248, testhost.dll, TestPluginCache.DiscoverTestExtensions: Discovering the extensions using extension path.
TpTrace Verbose: 0 : 19068, 4, 2024/05/29, 17:28:46.229, 5182784800466, testhost.dll, TestPluginCache.GetExtensionPaths: Filtered extension paths: 
TpTrace Verbose: 0 : 19068, 4, 2024/05/29, 17:28:46.229, 5182784800662, testhost.dll, TestPluginCache.GetExtensionPaths: Added default extension paths: C:\Users\VC\Desktop\Flight_Management_System\FlightManagementSystemSolution\FlightManagementUnitTests\bin\Debug\fine-code-coverage-net8.0\NUnit3.TestAdapter.dll
TpTrace Verbose: 0 : 19068, 4, 2024/05/29, 17:28:46.229, 5182784800898, testhost.dll, TestPluginCache.GetExtensionPaths: Added unfilterableExtensionPaths: 
TpTrace Verbose: 0 : 19068, 4, 2024/05/29, 17:28:46.229, 5182784801202, testhost.dll, TestPluginCache.DiscoverTestExtensions: Discovering the extensions using allExtensionPaths: C:\Users\VC\Desktop\Flight_Management_System\FlightManagementSystemSolution\FlightManagementUnitTests\bin\Debug\fine-code-coverage-net8.0\NUnit3.TestAdapter.dll
TpTrace Information: 0 : 19068, 4, 2024/05/29, 17:28:46.229, 5182784801499, testhost.dll, AssemblyResolver.AddSearchDirectories: Adding more searchDirectories C:\Users\VC\Desktop\Flight_Management_System\FlightManagementSystemSolution\FlightManagementUnitTests\bin\Debug\fine-code-coverage-net8.0
TpTrace Verbose: 0 : 19068, 4, 2024/05/29, 17:28:46.229, 5182784802060, testhost.dll, MetadataReaderExtensionsHelper: Discovering extensions inside assembly 'NUnit3.TestAdapter, Version=4.5.0.0, Culture=neutral, PublicKeyToken=4cb40d35494691ac' file path 'C:\Users\VC\Desktop\Flight_Management_System\FlightManagementSystemSolution\FlightManagementUnitTests\bin\Debug\fine-code-coverage-net8.0\NUnit3.TestAdapter.dll'
TpTrace Information: 0 : 19068, 4, 2024/05/29, 17:28:46.233, 5182784833457, testhost.dll, GetTestExtensionFromType: Register extension with identifier data 'NUnit.VisualStudio.TestAdapter.NUnit3TestDiscoverer, NUnit3.TestAdapter, Version=4.5.0.0, Culture=neutral, PublicKeyToken=4cb40d35494691ac' and type 'NUnit.VisualStudio.TestAdapter.NUnit3TestDiscoverer, NUnit3.TestAdapter, Version=4.5.0.0, Culture=neutral, PublicKeyToken=4cb40d35494691ac' inside file 'C:\Users\VC\Desktop\Flight_Management_System\FlightManagementSystemSolution\FlightManagementUnitTests\bin\Debug\fine-code-coverage-net8.0\NUnit3.TestAdapter.dll'
TpTrace Verbose: 0 : 19068, 4, 2024/05/29, 17:28:46.233, 5182784834533, testhost.dll, TestPluginCache: Discovered the extensions using extension path ''.
TpTrace Verbose: 0 : 19068, 4, 2024/05/29, 17:28:46.233, 5182784834931, testhost.dll, TestPluginCache: Discoverers are 'NUnit.VisualStudio.TestAdapter.NUnit3TestDiscoverer, NUnit3.TestAdapter, Version=4.5.0.0, Culture=neutral, PublicKeyToken=4cb40d35494691ac'.
TpTrace Verbose: 0 : 19068, 4, 2024/05/29, 17:28:46.233, 5182784835158, testhost.dll, TestPluginCache: Executors are 'executor://NUnit3TestExecutor'.
TpTrace Verbose: 0 : 19068, 4, 2024/05/29, 17:28:46.233, 5182784835420, testhost.dll, TestPluginCache: Executors2 are ''.
TpTrace Verbose: 0 : 19068, 4, 2024/05/29, 17:28:46.233, 5182784835621, testhost.dll, TestPluginCache: Setting providers are ''.
TpTrace Verbose: 0 : 19068, 4, 2024/05/29, 17:28:46.233, 5182784835813, testhost.dll, TestPluginCache: Loggers are ''.
TpTrace Verbose: 0 : 19068, 4, 2024/05/29, 17:28:46.233, 5182784836027, testhost.dll, TestPluginCache: TestHosts are ''.
TpTrace Verbose: 0 : 19068, 4, 2024/05/29, 17:28:46.233, 5182784836462, testhost.dll, TestPluginCache: DataCollectors are ''.
TpTrace Information: 0 : 19068, 4, 2024/05/29, 17:28:46.235, 5182784858285, testhost.dll, PEReaderHelper.GetAssemblyType: Determined assemblyType:'Managed' for source: 'C:\Users\VC\Desktop\Flight_Management_System\FlightManagementSystemSolution\FlightManagementUnitTests\bin\Debug\fine-code-coverage-net8.0\FlightManagementUnitTests.dll'
TpTrace Verbose: 0 : 19068, 4, 2024/05/29, 17:28:46.238, 5182784884029, testhost.dll, BaseRunTests.RunTestInternalWithExecutors: Running tests for executor://NUnit3TestExecutor
TpTrace Information: 0 : 19068, 4, 2024/05/29, 17:28:46.241, 5182784922237, testhost.dll, AssemblyResolver.OnResolve: nunit.engine: Resolving assembly.
TpTrace Information: 0 : 19068, 4, 2024/05/29, 17:28:46.241, 5182784922978, testhost.dll, AssemblyResolver.OnResolve: nunit.engine: Searching in: 'C:\Users\VC\Desktop\Flight_Management_System\FlightManagementSystemSolution\FlightManagementUnitTests\bin\Debug\fine-code-coverage-net8.0'.
TpTrace Information: 0 : 19068, 4, 2024/05/29, 17:28:46.242, 5182784925060, testhost.dll, AssemblyResolver.OnResolve: nunit.engine: Loading assembly 'C:\Users\VC\Desktop\Flight_Management_System\FlightManagementSystemSolution\FlightManagementUnitTests\bin\Debug\fine-code-coverage-net8.0\nunit.engine.dll'.
TpTrace Information: 0 : 19068, 4, 2024/05/29, 17:28:46.242, 5182784929223, testhost.dll, AssemblyResolver.OnResolve: Resolved assembly: nunit.engine, from path: C:\Users\VC\Desktop\Flight_Management_System\FlightManagementSystemSolution\FlightManagementUnitTests\bin\Debug\fine-code-coverage-net8.0\nunit.engine.dll
TpTrace Information: 0 : 19068, 4, 2024/05/29, 17:28:46.242, 5182784929870, testhost.dll, AssemblyResolver.OnResolve: nunit.engine.core: Resolving assembly.
TpTrace Information: 0 : 19068, 4, 2024/05/29, 17:28:46.242, 5182784930139, testhost.dll, AssemblyResolver.OnResolve: nunit.engine.core: Searching in: 'C:\Users\VC\Desktop\Flight_Management_System\FlightManagementSystemSolution\FlightManagementUnitTests\bin\Debug\fine-code-coverage-net8.0'.
TpTrace Information: 0 : 19068, 4, 2024/05/29, 17:28:46.242, 5182784931767, testhost.dll, AssemblyResolver.OnResolve: nunit.engine.core: Loading assembly 'C:\Users\VC\Desktop\Flight_Management_System\FlightManagementSystemSolution\FlightManagementUnitTests\bin\Debug\fine-code-coverage-net8.0\nunit.engine.core.dll'.
TpTrace Information: 0 : 19068, 4, 2024/05/29, 17:28:46.243, 5182784935365, testhost.dll, AssemblyResolver.OnResolve: Resolved assembly: nunit.engine.core, from path: C:\Users\VC\Desktop\Flight_Management_System\FlightManagementSystemSolution\FlightManagementUnitTests\bin\Debug\fine-code-coverage-net8.0\nunit.engine.core.dll
TpTrace Information: 0 : 19068, 4, 2024/05/29, 17:28:46.251, 5182785021402, testhost.dll, NUnit Adapter 4.5.0.0: Test execution started
TpTrace Verbose: 0 : 19068, 4, 2024/05/29, 17:28:46.251, 5182785022575, testhost.dll, TestRequestHandler.SendData: sending data from testhost: {"Version":7,"MessageType":"TestSession.Message","Payload":{"MessageLevel":0,"Message":"NUnit Adapter 4.5.0.0: Test execution started"}}
TpTrace Verbose: 0 : 19068, 4, 2024/05/29, 17:28:46.252, 5182785023826, testhost.dll, MulticastDelegateUtilities.SafeInvoke: TestRunMessageLoggerProxy.SendMessage: Invoking callback 1/1 for Microsoft.VisualStudio.TestPlatform.CrossPlatEngine.Execution.RunTestsWithSources., took 0 ms.
TpTrace Information: 0 : 19068, 4, 2024/05/29, 17:28:46.267, 5182785182107, testhost.dll, Running all tests in C:\Users\VC\Desktop\Flight_Management_System\FlightManagementSystemSolution\FlightManagementUnitTests\bin\Debug\fine-code-coverage-net8.0\FlightManagementUnitTests.dll
TpTrace Verbose: 0 : 19068, 4, 2024/05/29, 17:28:46.268, 5182785183394, testhost.dll, TestRequestHandler.SendData: sending data from testhost: {"Version":7,"MessageType":"TestSession.Message","Payload":{"MessageLevel":0,"Message":"Running all tests in C:\\Users\\VC\\Desktop\\Flight_Management_System\\FlightManagementSystemSolution\\FlightManagementUnitTests\\bin\\Debug\\fine-code-coverage-net8.0\\FlightManagementUnitTests.dll"}}
TpTrace Verbose: 0 : 19068, 4, 2024/05/29, 17:28:46.268, 5182785184411, testhost.dll, MulticastDelegateUtilities.SafeInvoke: TestRunMessageLoggerProxy.SendMessage: Invoking callback 1/1 for Microsoft.VisualStudio.TestPlatform.CrossPlatEngine.Execution.RunTestsWithSources., took 0 ms.
TpTrace Information: 0 : 19068, 4, 2024/05/29, 17:28:46.272, 5182785229074, testhost.dll, AssemblyResolver.OnResolve: testcentric.engine.metadata: Resolving assembly.
TpTrace Information: 0 : 19068, 4, 2024/05/29, 17:28:46.272, 5182785229819, testhost.dll, AssemblyResolver.OnResolve: testcentric.engine.metadata: Searching in: 'C:\Users\VC\Desktop\Flight_Management_System\FlightManagementSystemSolution\FlightManagementUnitTests\bin\Debug\fine-code-coverage-net8.0'.
TpTrace Information: 0 : 19068, 4, 2024/05/29, 17:28:46.272, 5182785232064, testhost.dll, AssemblyResolver.OnResolve: testcentric.engine.metadata: Loading assembly 'C:\Users\VC\Desktop\Flight_Management_System\FlightManagementSystemSolution\FlightManagementUnitTests\bin\Debug\fine-code-coverage-net8.0\testcentric.engine.metadata.dll'.
TpTrace Information: 0 : 19068, 4, 2024/05/29, 17:28:46.273, 5182785236759, testhost.dll, AssemblyResolver.OnResolve: Resolved assembly: testcentric.engine.metadata, from path: C:\Users\VC\Desktop\Flight_Management_System\FlightManagementSystemSolution\FlightManagementUnitTests\bin\Debug\fine-code-coverage-net8.0\testcentric.engine.metadata.dll
TpTrace Information: 0 : 19068, 4, 2024/05/29, 17:28:46.356, 5182786072185, testhost.dll,    NUnit3TestExecutor discovered 43 of 43 NUnit test cases using Current Discovery mode, Non-Explicit run
TpTrace Verbose: 0 : 19068, 4, 2024/05/29, 17:28:46.357, 5182786074400, testhost.dll, TestRequestHandler.SendData: sending data from testhost: {"Version":7,"MessageType":"TestSession.Message","Payload":{"MessageLevel":0,"Message":"   NUnit3TestExecutor discovered 43 of 43 NUnit test cases using Current Discovery mode, Non-Explicit run"}}
TpTrace Verbose: 0 : 19068, 4, 2024/05/29, 17:28:46.357, 5182786075770, testhost.dll, MulticastDelegateUtilities.SafeInvoke: TestRunMessageLoggerProxy.SendMessage: Invoking callback 1/1 for Microsoft.VisualStudio.TestPlatform.CrossPlatEngine.Execution.RunTestsWithSources., took 0 ms.
TpTrace Verbose: 0 : 19068, 14, 2024/05/29, 17:28:46.379, 5182786300394, testhost.dll, TestExecutionRecorder.RecordStart: Starting test: FlightBookingSystemTest.RepositoryTests.FlightRepositoryTests.Add_Failure_Exception.
TpTrace Verbose: 0 : 19068, 14, 2024/05/29, 17:28:46.416, 5182786672825, testhost.dll, MulticastDelegateUtilities.SafeInvoke: TestCaseEventsHandler.RaiseTestCaseStart: Invoking callback 1/1 for Microsoft.VisualStudio.TestPlatform.CrossPlatEngine.DataCollection.ProxyOutOfProcDataCollectionManager., took 27 ms.
TpTrace Verbose: 0 : 19068, 14, 2024/05/29, 17:28:46.979, 5182792302067, testhost.dll, TestExecutionRecorder.RecordEnd: test: FlightBookingSystemTest.RepositoryTests.FlightRepositoryTests.Add_Failure_Exception execution completed.
TpTrace Verbose: 0 : 19068, 14, 2024/05/29, 17:28:46.992, 5182792423652, testhost.dll, MulticastDelegateUtilities.SafeInvoke: TestCaseEventsHandler.RaiseTestCaseEnd: Invoking callback 1/1 for Microsoft.VisualStudio.TestPlatform.CrossPlatEngine.DataCollection.ProxyOutOfProcDataCollectionManager., took 11 ms.
TpTrace Verbose: 0 : 19068, 14, 2024/05/29, 17:28:46.992, 5182792431917, testhost.dll, TestExecutionRecorder.RecordResult: Received result for test: FlightBookingSystemTest.RepositoryTests.FlightRepositoryTests.Add_Failure_Exception.
TpTrace Verbose: 0 : 19068, 14, 2024/05/29, 17:28:46.993, 5182792441267, testhost.dll, MulticastDelegateUtilities.SafeInvoke: TestCaseEventsHandler.RaiseTestCaseEnd: Invoking callback 1/1 for Microsoft.VisualStudio.TestPlatform.CrossPlatEngine.DataCollection.ProxyOutOfProcDataCollectionManager., took 0 ms.
TpTrace Warning: 0 : 19068, 14, 2024/05/29, 17:28:46.995, 5182792458450, testhost.dll, TestRunCache: InProgressTests is null
TpTrace Warning: 0 : 19068, 14, 2024/05/29, 17:28:46.995, 5182792459680, testhost.dll, TestRunCache: No test found corresponding to testResult 'Add_Failure_Exception' in inProgress list.
TpTrace Verbose: 0 : 19068, 14, 2024/05/29, 17:28:46.995, 5182792462060, testhost.dll, TestExecutionRecorder.RecordStart: Starting test: FlightBookingSystemTest.RepositoryTests.FlightRepositoryTests.Add_Success.
TpTrace Verbose: 0 : 19068, 14, 2024/05/29, 17:28:46.997, 5182792480031, testhost.dll, MulticastDelegateUtilities.SafeInvoke: TestCaseEventsHandler.RaiseTestCaseStart: Invoking callback 1/1 for Microsoft.VisualStudio.TestPlatform.CrossPlatEngine.DataCollection.ProxyOutOfProcDataCollectionManager., took 1 ms.
TpTrace Verbose: 0 : 19068, 14, 2024/05/29, 17:28:47.019, 5182792693224, testhost.dll, TestExecutionRecorder.RecordEnd: test: FlightBookingSystemTest.RepositoryTests.FlightRepositoryTests.Add_Success execution completed.
TpTrace Verbose: 0 : 19068, 14, 2024/05/29, 17:28:47.021, 5182792722854, testhost.dll, MulticastDelegateUtilities.SafeInvoke: TestCaseEventsHandler.RaiseTestCaseEnd: Invoking callback 1/1 for Microsoft.VisualStudio.TestPlatform.CrossPlatEngine.DataCollection.ProxyOutOfProcDataCollectionManager., took 2 ms.
TpTrace Verbose: 0 : 19068, 14, 2024/05/29, 17:28:47.022, 5182792724449, testhost.dll, TestExecutionRecorder.RecordResult: Received result for test: FlightBookingSystemTest.RepositoryTests.FlightRepositoryTests.Add_Success.
TpTrace Verbose: 0 : 19068, 14, 2024/05/29, 17:28:47.022, 5182792727975, testhost.dll, MulticastDelegateUtilities.SafeInvoke: TestCaseEventsHandler.RaiseTestCaseEnd: Invoking callback 1/1 for Microsoft.VisualStudio.TestPlatform.CrossPlatEngine.DataCollection.ProxyOutOfProcDataCollectionManager., took 0 ms.
TpTrace Warning: 0 : 19068, 14, 2024/05/29, 17:28:47.022, 5182792732644, testhost.dll, TestRunCache: InProgressTests is null
TpTrace Warning: 0 : 19068, 14, 2024/05/29, 17:28:47.023, 5182792733502, testhost.dll, TestRunCache: No test found corresponding to testResult 'Add_Success' in inProgress list.
TpTrace Verbose: 0 : 19068, 14, 2024/05/29, 17:28:47.023, 5182792735960, testhost.dll, TestExecutionRecorder.RecordStart: Starting test: FlightBookingSystemTest.RepositoryTests.FlightRepositoryTests.DeleteByKey_Failure_FlightNotFound.
TpTrace Verbose: 0 : 19068, 14, 2024/05/29, 17:28:47.026, 5182792764346, testhost.dll, MulticastDelegateUtilities.SafeInvoke: TestCaseEventsHandler.RaiseTestCaseStart: Invoking callback 1/1 for Microsoft.VisualStudio.TestPlatform.CrossPlatEngine.DataCollection.ProxyOutOfProcDataCollectionManager., took 2 ms.
TpTrace Verbose: 0 : 19068, 14, 2024/05/29, 17:28:47.175, 5182794258069, testhost.dll, TestExecutionRecorder.RecordEnd: test: FlightBookingSystemTest.RepositoryTests.FlightRepositoryTests.DeleteByKey_Failure_FlightNotFound execution completed.
TpTrace Verbose: 0 : 19068, 9, 2024/05/29, 17:28:47.177, 5182794275515, testhost.dll, TcpClientExtensions.MessageLoopAsync: Polling on remoteEndPoint: [::ffff:127.0.0.1]:57020 localEndPoint: [::ffff:127.0.0.1]:57021
TpTrace Verbose: 0 : 19068, 14, 2024/05/29, 17:28:47.177, 5182794278976, testhost.dll, MulticastDelegateUtilities.SafeInvoke: TestCaseEventsHandler.RaiseTestCaseEnd: Invoking callback 1/1 for Microsoft.VisualStudio.TestPlatform.CrossPlatEngine.DataCollection.ProxyOutOfProcDataCollectionManager., took 1 ms.
TpTrace Verbose: 0 : 19068, 14, 2024/05/29, 17:28:47.177, 5182794279668, testhost.dll, TestExecutionRecorder.RecordResult: Received result for test: FlightBookingSystemTest.RepositoryTests.FlightRepositoryTests.DeleteByKey_Failure_FlightNotFound.
TpTrace Verbose: 0 : 19068, 14, 2024/05/29, 17:28:47.177, 5182794280193, testhost.dll, MulticastDelegateUtilities.SafeInvoke: TestCaseEventsHandler.RaiseTestCaseEnd: Invoking callback 1/1 for Microsoft.VisualStudio.TestPlatform.CrossPlatEngine.DataCollection.ProxyOutOfProcDataCollectionManager., took 0 ms.
TpTrace Warning: 0 : 19068, 14, 2024/05/29, 17:28:47.177, 5182794280806, testhost.dll, TestRunCache: InProgressTests is null
TpTrace Warning: 0 : 19068, 14, 2024/05/29, 17:28:47.177, 5182794281666, testhost.dll, TestRunCache: No test found corresponding to testResult 'DeleteByKey_Failure_FlightNotFound' in inProgress list.
TpTrace Verbose: 0 : 19068, 14, 2024/05/29, 17:28:47.178, 5182794283305, testhost.dll, TestExecutionRecorder.RecordStart: Starting test: FlightBookingSystemTest.RepositoryTests.FlightRepositoryTests.DeleteByKey_Success.
TpTrace Verbose: 0 : 19068, 14, 2024/05/29, 17:28:47.187, 5182794380361, testhost.dll, MulticastDelegateUtilities.SafeInvoke: TestCaseEventsHandler.RaiseTestCaseStart: Invoking callback 1/1 for Microsoft.VisualStudio.TestPlatform.CrossPlatEngine.DataCollection.ProxyOutOfProcDataCollectionManager., took 9 ms.
TpTrace Verbose: 0 : 19068, 14, 2024/05/29, 17:28:47.197, 5182794474767, testhost.dll, TestExecutionRecorder.RecordEnd: test: FlightBookingSystemTest.RepositoryTests.FlightRepositoryTests.DeleteByKey_Success execution completed.
TpTrace Verbose: 0 : 19068, 14, 2024/05/29, 17:28:47.199, 5182794493501, testhost.dll, MulticastDelegateUtilities.SafeInvoke: TestCaseEventsHandler.RaiseTestCaseEnd: Invoking callback 1/1 for Microsoft.VisualStudio.TestPlatform.CrossPlatEngine.DataCollection.ProxyOutOfProcDataCollectionManager., took 1 ms.
TpTrace Verbose: 0 : 19068, 14, 2024/05/29, 17:28:47.199, 5182794494317, testhost.dll, TestExecutionRecorder.RecordResult: Received result for test: FlightBookingSystemTest.RepositoryTests.FlightRepositoryTests.DeleteByKey_Success.
TpTrace Verbose: 0 : 19068, 14, 2024/05/29, 17:28:47.199, 5182794494770, testhost.dll, MulticastDelegateUtilities.SafeInvoke: TestCaseEventsHandler.RaiseTestCaseEnd: Invoking callback 1/1 for Microsoft.VisualStudio.TestPlatform.CrossPlatEngine.DataCollection.ProxyOutOfProcDataCollectionManager., took 0 ms.
TpTrace Warning: 0 : 19068, 14, 2024/05/29, 17:28:47.199, 5182794495144, testhost.dll, TestRunCache: InProgressTests is null
TpTrace Warning: 0 : 19068, 14, 2024/05/29, 17:28:47.199, 5182794495406, testhost.dll, TestRunCache: No test found corresponding to testResult 'DeleteByKey_Success' in inProgress list.
TpTrace Verbose: 0 : 19068, 14, 2024/05/29, 17:28:47.199, 5182794496524, testhost.dll, TestExecutionRecorder.RecordStart: Starting test: FlightBookingSystemTest.RepositoryTests.FlightRepositoryTests.GetAll_Failure_NoFlightsPresent.
TpTrace Verbose: 0 : 19068, 14, 2024/05/29, 17:28:47.200, 5182794509722, testhost.dll, MulticastDelegateUtilities.SafeInvoke: TestCaseEventsHandler.RaiseTestCaseStart: Invoking callback 1/1 for Microsoft.VisualStudio.TestPlatform.CrossPlatEngine.DataCollection.ProxyOutOfProcDataCollectionManager., took 1 ms.
TpTrace Verbose: 0 : 19068, 14, 2024/05/29, 17:28:47.203, 5182794535087, testhost.dll, TestExecutionRecorder.RecordEnd: test: FlightBookingSystemTest.RepositoryTests.FlightRepositoryTests.GetAll_Failure_NoFlightsPresent execution completed.
TpTrace Verbose: 0 : 19068, 14, 2024/05/29, 17:28:47.205, 5182794553944, testhost.dll, MulticastDelegateUtilities.SafeInvoke: TestCaseEventsHandler.RaiseTestCaseEnd: Invoking callback 1/1 for Microsoft.VisualStudio.TestPlatform.CrossPlatEngine.DataCollection.ProxyOutOfProcDataCollectionManager., took 1 ms.
TpTrace Verbose: 0 : 19068, 14, 2024/05/29, 17:28:47.205, 5182794554765, testhost.dll, TestExecutionRecorder.RecordResult: Received result for test: FlightBookingSystemTest.RepositoryTests.FlightRepositoryTests.GetAll_Failure_NoFlightsPresent.
TpTrace Verbose: 0 : 19068, 14, 2024/05/29, 17:28:47.205, 5182794555272, testhost.dll, MulticastDelegateUtilities.SafeInvoke: TestCaseEventsHandler.RaiseTestCaseEnd: Invoking callback 1/1 for Microsoft.VisualStudio.TestPlatform.CrossPlatEngine.DataCollection.ProxyOutOfProcDataCollectionManager., took 0 ms.
TpTrace Warning: 0 : 19068, 14, 2024/05/29, 17:28:47.205, 5182794555697, testhost.dll, TestRunCache: InProgressTests is null
TpTrace Warning: 0 : 19068, 14, 2024/05/29, 17:28:47.205, 5182794555923, testhost.dll, TestRunCache: No test found corresponding to testResult 'GetAll_Failure_NoFlightsPresent' in inProgress list.
TpTrace Verbose: 0 : 19068, 14, 2024/05/29, 17:28:47.205, 5182794556842, testhost.dll, TestExecutionRecorder.RecordStart: Starting test: FlightBookingSystemTest.RepositoryTests.FlightRepositoryTests.GetAll_Success.
TpTrace Verbose: 0 : 19068, 14, 2024/05/29, 17:28:47.206, 5182794565537, testhost.dll, MulticastDelegateUtilities.SafeInvoke: TestCaseEventsHandler.RaiseTestCaseStart: Invoking callback 1/1 for Microsoft.VisualStudio.TestPlatform.CrossPlatEngine.DataCollection.ProxyOutOfProcDataCollectionManager., took 0 ms.
TpTrace Verbose: 0 : 19068, 14, 2024/05/29, 17:28:47.207, 5182794573386, testhost.dll, TestExecutionRecorder.RecordEnd: test: FlightBookingSystemTest.RepositoryTests.FlightRepositoryTests.GetAll_Success execution completed.
TpTrace Verbose: 0 : 19068, 14, 2024/05/29, 17:28:47.207, 5182794582311, testhost.dll, MulticastDelegateUtilities.SafeInvoke: TestCaseEventsHandler.RaiseTestCaseEnd: Invoking callback 1/1 for Microsoft.VisualStudio.TestPlatform.CrossPlatEngine.DataCollection.ProxyOutOfProcDataCollectionManager., took 0 ms.
TpTrace Verbose: 0 : 19068, 14, 2024/05/29, 17:28:47.207, 5182794582759, testhost.dll, TestExecutionRecorder.RecordResult: Received result for test: FlightBookingSystemTest.RepositoryTests.FlightRepositoryTests.GetAll_Success.
TpTrace Verbose: 0 : 19068, 14, 2024/05/29, 17:28:47.207, 5182794583081, testhost.dll, MulticastDelegateUtilities.SafeInvoke: TestCaseEventsHandler.RaiseTestCaseEnd: Invoking callback 1/1 for Microsoft.VisualStudio.TestPlatform.CrossPlatEngine.DataCollection.ProxyOutOfProcDataCollectionManager., took 0 ms.
TpTrace Warning: 0 : 19068, 14, 2024/05/29, 17:28:47.208, 5182794583398, testhost.dll, TestRunCache: InProgressTests is null
TpTrace Warning: 0 : 19068, 14, 2024/05/29, 17:28:47.208, 5182794583610, testhost.dll, TestRunCache: No test found corresponding to testResult 'GetAll_Success' in inProgress list.
TpTrace Verbose: 0 : 19068, 14, 2024/05/29, 17:28:47.208, 5182794584380, testhost.dll, TestExecutionRecorder.RecordStart: Starting test: FlightBookingSystemTest.RepositoryTests.FlightRepositoryTests.GetByKey_Failure_NotFoundException.
TpTrace Verbose: 0 : 19068, 14, 2024/05/29, 17:28:47.209, 5182794600351, testhost.dll, MulticastDelegateUtilities.SafeInvoke: TestCaseEventsHandler.RaiseTestCaseStart: Invoking callback 1/1 for Microsoft.VisualStudio.TestPlatform.CrossPlatEngine.DataCollection.ProxyOutOfProcDataCollectionManager., took 1 ms.
TpTrace Verbose: 0 : 19068, 14, 2024/05/29, 17:28:47.209, 5182794602426, testhost.dll, TestExecutionRecorder.RecordEnd: test: FlightBookingSystemTest.RepositoryTests.FlightRepositoryTests.GetByKey_Failure_NotFoundException execution completed.
TpTrace Verbose: 0 : 19068, 14, 2024/05/29, 17:28:47.210, 5182794610778, testhost.dll, MulticastDelegateUtilities.SafeInvoke: TestCaseEventsHandler.RaiseTestCaseEnd: Invoking callback 1/1 for Microsoft.VisualStudio.TestPlatform.CrossPlatEngine.DataCollection.ProxyOutOfProcDataCollectionManager., took 0 ms.
TpTrace Verbose: 0 : 19068, 14, 2024/05/29, 17:28:47.210, 5182794611223, testhost.dll, TestExecutionRecorder.RecordResult: Received result for test: FlightBookingSystemTest.RepositoryTests.FlightRepositoryTests.GetByKey_Failure_NotFoundException.
TpTrace Verbose: 0 : 19068, 14, 2024/05/29, 17:28:47.210, 5182794611521, testhost.dll, MulticastDelegateUtilities.SafeInvoke: TestCaseEventsHandler.RaiseTestCaseEnd: Invoking callback 1/1 for Microsoft.VisualStudio.TestPlatform.CrossPlatEngine.DataCollection.ProxyOutOfProcDataCollectionManager., took 0 ms.
TpTrace Warning: 0 : 19068, 14, 2024/05/29, 17:28:47.210, 5182794611810, testhost.dll, TestRunCache: InProgressTests is null
TpTrace Warning: 0 : 19068, 14, 2024/05/29, 17:28:47.210, 5182794612017, testhost.dll, TestRunCache: No test found corresponding to testResult 'GetByKey_Failure_NotFoundException' in inProgress list.
TpTrace Verbose: 0 : 19068, 14, 2024/05/29, 17:28:47.210, 5182794612788, testhost.dll, TestExecutionRecorder.RecordStart: Starting test: FlightBookingSystemTest.RepositoryTests.FlightRepositoryTests.GetByKey_Success.
TpTrace Verbose: 0 : 19068, 14, 2024/05/29, 17:28:47.211, 5182794621540, testhost.dll, MulticastDelegateUtilities.SafeInvoke: TestCaseEventsHandler.RaiseTestCaseStart: Invoking callback 1/1 for Microsoft.VisualStudio.TestPlatform.CrossPlatEngine.DataCollection.ProxyOutOfProcDataCollectionManager., took 0 ms.
TpTrace Verbose: 0 : 19068, 14, 2024/05/29, 17:28:47.212, 5182794623781, testhost.dll, TestExecutionRecorder.RecordEnd: test: FlightBookingSystemTest.RepositoryTests.FlightRepositoryTests.GetByKey_Success execution completed.
TpTrace Verbose: 0 : 19068, 14, 2024/05/29, 17:28:47.213, 5182794635294, testhost.dll, MulticastDelegateUtilities.SafeInvoke: TestCaseEventsHandler.RaiseTestCaseEnd: Invoking callback 1/1 for Microsoft.VisualStudio.TestPlatform.CrossPlatEngine.DataCollection.ProxyOutOfProcDataCollectionManager., took 1 ms.
TpTrace Verbose: 0 : 19068, 14, 2024/05/29, 17:28:47.213, 5182794635983, testhost.dll, TestExecutionRecorder.RecordResult: Received result for test: FlightBookingSystemTest.RepositoryTests.FlightRepositoryTests.GetByKey_Success.
TpTrace Verbose: 0 : 19068, 14, 2024/05/29, 17:28:47.213, 5182794636468, testhost.dll, MulticastDelegateUtilities.SafeInvoke: TestCaseEventsHandler.RaiseTestCaseEnd: Invoking callback 1/1 for Microsoft.VisualStudio.TestPlatform.CrossPlatEngine.DataCollection.ProxyOutOfProcDataCollectionManager., took 0 ms.
TpTrace Warning: 0 : 19068, 14, 2024/05/29, 17:28:47.213, 5182794636927, testhost.dll, TestRunCache: InProgressTests is null
TpTrace Warning: 0 : 19068, 14, 2024/05/29, 17:28:47.213, 5182794637272, testhost.dll, TestRunCache: No test found corresponding to testResult 'GetByKey_Success' in inProgress list.
TpTrace Verbose: 0 : 19068, 14, 2024/05/29, 17:28:47.213, 5182794638412, testhost.dll, TestExecutionRecorder.RecordStart: Starting test: FlightBookingSystemTest.RepositoryTests.FlightRepositoryTests.Update_Failure_FlightNotFound.
TpTrace Verbose: 0 : 19068, 14, 2024/05/29, 17:28:47.214, 5182794648052, testhost.dll, MulticastDelegateUtilities.SafeInvoke: TestCaseEventsHandler.RaiseTestCaseStart: Invoking callback 1/1 for Microsoft.VisualStudio.TestPlatform.CrossPlatEngine.DataCollection.ProxyOutOfProcDataCollectionManager., took 0 ms.
TpTrace Verbose: 0 : 19068, 14, 2024/05/29, 17:28:47.214, 5182794651003, testhost.dll, TestExecutionRecorder.RecordEnd: test: FlightBookingSystemTest.RepositoryTests.FlightRepositoryTests.Update_Failure_FlightNotFound execution completed.
TpTrace Verbose: 0 : 19068, 14, 2024/05/29, 17:28:47.215, 5182794660513, testhost.dll, MulticastDelegateUtilities.SafeInvoke: TestCaseEventsHandler.RaiseTestCaseEnd: Invoking callback 1/1 for Microsoft.VisualStudio.TestPlatform.CrossPlatEngine.DataCollection.ProxyOutOfProcDataCollectionManager., took 0 ms.
TpTrace Verbose: 0 : 19068, 14, 2024/05/29, 17:28:47.215, 5182794661514, testhost.dll, TestExecutionRecorder.RecordResult: Received result for test: FlightBookingSystemTest.RepositoryTests.FlightRepositoryTests.Update_Failure_FlightNotFound.
TpTrace Verbose: 0 : 19068, 14, 2024/05/29, 17:28:47.215, 5182794661936, testhost.dll, MulticastDelegateUtilities.SafeInvoke: TestCaseEventsHandler.RaiseTestCaseEnd: Invoking callback 1/1 for Microsoft.VisualStudio.TestPlatform.CrossPlatEngine.DataCollection.ProxyOutOfProcDataCollectionManager., took 0 ms.
TpTrace Warning: 0 : 19068, 14, 2024/05/29, 17:28:47.215, 5182794662354, testhost.dll, TestRunCache: InProgressTests is null
TpTrace Warning: 0 : 19068, 14, 2024/05/29, 17:28:47.215, 5182794662694, testhost.dll, TestRunCache: No test found corresponding to testResult 'Update_Failure_FlightNotFound' in inProgress list.
TpTrace Verbose: 0 : 19068, 14, 2024/05/29, 17:28:47.216, 5182794663627, testhost.dll, TestExecutionRecorder.RecordStart: Starting test: FlightBookingSystemTest.RepositoryTests.FlightRepositoryTests.Update_Success.
TpTrace Information: 0 : 19068, 14, 2024/05/29, 17:28:47.217, 5182794679517, testhost.dll, Sending test run statistics
TpTrace Verbose: 0 : 19068, 14, 2024/05/29, 17:28:47.235, 5182794856158, testhost.dll, TestRequestHandler.SendData: sending data from testhost: {"Version":7,"MessageType":"TestExecution.StatsChange","Payload":{"NewTestResults":[{"TestCase":{"Id":"e97be113-3c0f-e470-4adc-cecd1bcc844d","FullyQualifiedName":"FlightBookingSystemTest.RepositoryTests.FlightRepositoryTests.Add_Failure_Exception","DisplayName":"Add_Failure_Exception","ExecutorUri":"executor://NUnit3TestExecutor","Source":"C:\\Users\\VC\\Desktop\\Flight_Management_System\\FlightManagementSystemSolution\\FlightManagementUnitTests\\bin\\Debug\\fine-code-coverage-net8.0\\FlightManagementUnitTests.dll","CodeFilePath":null,"LineNumber":0,"Properties":[{"Key":{"Id":"NUnit.Seed","Label":"Seed","Category":"","Description":"","Attributes":0,"ValueType":"System.String"},"Value":"342815960"}]},"Attachments":[],"Outcome":1,"ErrorMessage":null,"ErrorStackTrace":null,"DisplayName":"Add_Failure_Exception","Messages":[],"ComputerName":"H0RBBX3","Duration":"00:00:00.5819870","StartTime":"2024-05-29T11:58:46.3782895+00:00","EndTime":"2024-05-29T11:58:46.9602094+00:00","Properties":[{"Key":{"Id":"NUnit.Seed","Label":"Seed","Category":"","Description":"","Attributes":0,"ValueType":"System.String"},"Value":"342815960"}]},{"TestCase":{"Id":"d188d420-5166-caf5-198a-3ce2d450f28e","FullyQualifiedName":"FlightBookingSystemTest.RepositoryTests.FlightRepositoryTests.Add_Success","DisplayName":"Add_Success","ExecutorUri":"executor://NUnit3TestExecutor","Source":"C:\\Users\\VC\\Desktop\\Flight_Management_System\\FlightManagementSystemSolution\\FlightManagementUnitTests\\bin\\Debug\\fine-code-coverage-net8.0\\FlightManagementUnitTests.dll","CodeFilePath":null,"LineNumber":0,"Properties":[{"Key":{"Id":"NUnit.Seed","Label":"Seed","Category":"","Description":"","Attributes":0,"ValueType":"System.String"},"Value":"519898196"}]},"Attachments":[],"Outcome":1,"ErrorMessage":null,"ErrorStackTrace":null,"DisplayName":"Add_Success","Messages":[],"ComputerName":"H0RBBX3","Duration":"00:00:00.0560030","StartTime":"2024-05-29T11:58:46.9623586+00:00","EndTime":"2024-05-29T11:58:47.0183619+00:00","Properties":[{"Key":{"Id":"NUnit.Seed","Label":"Seed","Category":"","Description":"","Attributes":0,"ValueType":"System.String"},"Value":"519898196"}]},{"TestCase":{"Id":"de0564bd-b006-f5a3-7d3e-f145f940a7aa","FullyQualifiedName":"FlightBookingSystemTest.RepositoryTests.FlightRepositoryTests.DeleteByKey_Failure_FlightNotFound","DisplayName":"DeleteByKey_Failure_FlightNotFound","ExecutorUri":"executor://NUnit3TestExecutor","Source":"C:\\Users\\VC\\Desktop\\Flight_Management_System\\FlightManagementSystemSolution\\FlightManagementUnitTests\\bin\\Debug\\fine-code-coverage-net8.0\\FlightManagementUnitTests.dll","CodeFilePath":null,"LineNumber":0,"Properties":[{"Key":{"Id":"NUnit.Seed","Label":"Seed","Category":"","Description":"","Attributes":0,"ValueType":"System.String"},"Value":"789469920"}]},"Attachments":[],"Outcome":1,"ErrorMessage":null,"ErrorStackTrace":null,"DisplayName":"DeleteByKey_Failure_FlightNotFound","Messages":[],"ComputerName":"H0RBBX3","Duration":"00:00:00.1566390","StartTime":"2024-05-29T11:58:47.0184218+00:00","EndTime":"2024-05-29T11:58:47.1750599+00:00","Properties":[{"Key":{"Id":"NUnit.Seed","Label":"Seed","Category":"","Description":"","Attributes":0,"ValueType":"System.String"},"Value":"789469920"}]},{"TestCase":{"Id":"b9285462-3365-6287-5a74-711d9898cfcb","FullyQualifiedName":"FlightBookingSystemTest.RepositoryTests.FlightRepositoryTests.DeleteByKey_Success","DisplayName":"DeleteByKey_Success","ExecutorUri":"executor://NUnit3TestExecutor","Source":"C:\\Users\\VC\\Desktop\\Flight_Management_System\\FlightManagementSystemSolution\\FlightManagementUnitTests\\bin\\Debug\\fine-code-coverage-net8.0\\FlightManagementUnitTests.dll","CodeFilePath":null,"LineNumber":0,"Properties":[{"Key":{"Id":"NUnit.Seed","Label":"Seed","Category":"","Description":"","Attributes":0,"ValueType":"System.String"},"Value":"2006755467"}]},"Attachments":[],"Outcome":1,"ErrorMessage":null,"ErrorStackTrace":null,"DisplayName":"DeleteByKey_Success","Messages":[],"ComputerName":"H0RBBX3","Duration":"00:00:00.0216460","StartTime":"2024-05-29T11:58:47.1750917+00:00","EndTime":"2024-05-29T11:58:47.1967369+00:00","Properties":[{"Key":{"Id":"NUnit.Seed","Label":"Seed","Category":"","Description":"","Attributes":0,"ValueType":"System.String"},"Value":"2006755467"}]},{"TestCase":{"Id":"6e3a8631-50ba-2d67-c6fa-36d9ecd23ba0","FullyQualifiedName":"FlightBookingSystemTest.RepositoryTests.FlightRepositoryTests.GetAll_Failure_NoFlightsPresent","DisplayName":"GetAll_Failure_NoFlightsPresent","ExecutorUri":"executor://NUnit3TestExecutor","Source":"C:\\Users\\VC\\Desktop\\Flight_Management_System\\FlightManagementSystemSolution\\FlightManagementUnitTests\\bin\\Debug\\fine-code-coverage-net8.0\\FlightManagementUnitTests.dll","CodeFilePath":null,"LineNumber":0,"Properties":[{"Key":{"Id":"NUnit.Seed","Label":"Seed","Category":"","Description":"","Attributes":0,"ValueType":"System.String"},"Value":"1570025115"}]},"Attachments":[],"Outcome":1,"ErrorMessage":null,"ErrorStackTrace":null,"DisplayName":"GetAll_Failure_NoFlightsPresent","Messages":[],"ComputerName":"H0RBBX3","Duration":"00:00:00.0061269","StartTime":"2024-05-29T11:58:47.1968216+00:00","EndTime":"2024-05-29T11:58:47.2029484+00:00","Properties":[{"Key":{"Id":"NUnit.Seed","Label":"Seed","Category":"","Description":"","Attributes":0,"ValueType":"System.String"},"Value":"1570025115"}]},{"TestCase":{"Id":"b02e7808-d7ce-301c-c882-efc31469822b","FullyQualifiedName":"FlightBookingSystemTest.RepositoryTests.FlightRepositoryTests.GetAll_Success","DisplayName":"GetAll_Success","ExecutorUri":"executor://NUnit3TestExecutor","Source":"C:\\Users\\VC\\Desktop\\Flight_Management_System\\FlightManagementSystemSolution\\FlightManagementUnitTests\\bin\\Debug\\fine-code-coverage-net8.0\\FlightManagementUnitTests.dll","CodeFilePath":null,"LineNumber":0,"Properties":[{"Key":{"Id":"NUnit.Seed","Label":"Seed","Category":"","Description":"","Attributes":0,"ValueType":"System.String"},"Value":"1134818987"}]},"Attachments":[],"Outcome":1,"ErrorMessage":null,"ErrorStackTrace":null,"DisplayName":"GetAll_Success","Messages":[],"ComputerName":"H0RBBX3","Duration":"00:00:00.0037950","StartTime":"2024-05-29T11:58:47.2029742+00:00","EndTime":"2024-05-29T11:58:47.2067685+00:00","Properties":[{"Key":{"Id":"NUnit.Seed","Label":"Seed","Category":"","Description":"","Attributes":0,"ValueType":"System.String"},"Value":"1134818987"}]},{"TestCase":{"Id":"1199a4ef-d847-cc6f-b818-20e0a2b8a1f1","FullyQualifiedName":"FlightBookingSystemTest.RepositoryTests.FlightRepositoryTests.GetByKey_Failure_NotFoundException","DisplayName":"GetByKey_Failure_NotFoundException","ExecutorUri":"executor://NUnit3TestExecutor","Source":"C:\\Users\\VC\\Desktop\\Flight_Management_System\\FlightManagementSystemSolution\\FlightManagementUnitTests\\bin\\Debug\\fine-code-coverage-net8.0\\FlightManagementUnitTests.dll","CodeFilePath":null,"LineNumber":0,"Properties":[{"Key":{"Id":"NUnit.Seed","Label":"Seed","Category":"","Description":"","Attributes":0,"ValueType":"System.String"},"Value":"1800148885"}]},"Attachments":[],"Outcome":1,"ErrorMessage":null,"ErrorStackTrace":null,"DisplayName":"GetByKey_Failure_NotFoundException","Messages":[],"ComputerName":"H0RBBX3","Duration":"00:00:00.0006560","StartTime":"2024-05-29T11:58:47.2067911+00:00","EndTime":"2024-05-29T11:58:47.2074474+00:00","Properties":[{"Key":{"Id":"NUnit.Seed","Label":"Seed","Category":"","Description":"","Attributes":0,"ValueType":"System.String"},"Value":"1800148885"}]},{"TestCase":{"Id":"7dbcf7f8-c7e2-78a3-ae9e-09a34ea27dc0","FullyQualifiedName":"FlightBookingSystemTest.RepositoryTests.FlightRepositoryTests.GetByKey_Success","DisplayName":"GetByKey_Success","ExecutorUri":"executor://NUnit3TestExecutor","Source":"C:\\Users\\VC\\Desktop\\Flight_Management_System\\FlightManagementSystemSolution\\FlightManagementUnitTests\\bin\\Debug\\fine-code-coverage-net8.0\\FlightManagementUnitTests.dll","CodeFilePath":null,"LineNumber":0,"Properties":[{"Key":{"Id":"NUnit.Seed","Label":"Seed","Category":"","Description":"","Attributes":0,"ValueType":"System.String"},"Value":"2088577972"}]},"Attachments":[],"Outcome":1,"ErrorMessage":null,"ErrorStackTrace":null,"DisplayName":"GetByKey_Success","Messages":[],"ComputerName":"H0RBBX3","Duration":"00:00:00.0011090","StartTime":"2024-05-29T11:58:47.2074613+00:00","EndTime":"2024-05-29T11:58:47.2085705+00:00","Properties":[{"Key":{"Id":"NUnit.Seed","Label":"Seed","Category":"","Description":"","Attributes":0,"ValueType":"System.String"},"Value":"2088577972"}]},{"TestCase":{"Id":"1eb45260-a9ad-a32b-b849-4dee8749e0f5","FullyQualifiedName":"FlightBookingSystemTest.RepositoryTests.FlightRepositoryTests.Update_Failure_FlightNotFound","DisplayName":"Update_Failure_FlightNotFound","ExecutorUri":"executor://NUnit3TestExecutor","Source":"C:\\Users\\VC\\Desktop\\Flight_Management_System\\FlightManagementSystemSolution\\FlightManagementUnitTests\\bin\\Debug\\fine-code-coverage-net8.0\\FlightManagementUnitTests.dll","CodeFilePath":null,"LineNumber":0,"Properties":[{"Key":{"Id":"NUnit.Seed","Label":"Seed","Category":"","Description":"","Attributes":0,"ValueType":"System.String"},"Value":"115349798"}]},"Attachments":[],"Outcome":1,"ErrorMessage":null,"ErrorStackTrace":null,"DisplayName":"Update_Failure_FlightNotFound","Messages":[],"ComputerName":"H0RBBX3","Duration":"00:00:00.0016090","StartTime":"2024-05-29T11:58:47.2086436+00:00","EndTime":"2024-05-29T11:58:47.2102521+00:00","Properties":[{"Key":{"Id":"NUnit.Seed","Label":"Seed","Category":"","Description":"","Attributes":0,"ValueType":"System.String"},"Value":"115349798"}]}],"TestRunStatistics":{"ExecutedTests":9,"Stats":{"Passed":9}},"ActiveTests":[{"Id":"4217b994-d172-f575-5d01-460c756364d1","FullyQualifiedName":"FlightBookingSystemTest.RepositoryTests.FlightRepositoryTests.Update_Success","DisplayName":"Update_Success","ExecutorUri":"executor://NUnit3TestExecutor","Source":"C:\\Users\\VC\\Desktop\\Flight_Management_System\\FlightManagementSystemSolution\\FlightManagementUnitTests\\bin\\Debug\\fine-code-coverage-net8.0\\FlightManagementUnitTests.dll","CodeFilePath":null,"LineNumber":0,"Properties":[{"Key":{"Id":"NUnit.Seed","Label":"Seed","Category":"","Description":"","Attributes":0,"ValueType":"System.String"},"Value":"536408827"}]}]}}
TpTrace Verbose: 0 : 19068, 14, 2024/05/29, 17:28:47.235, 5182794859369, testhost.dll, TestRunCache: OnNewTestResult: Notified the onCacheHit callback.
TpTrace Verbose: 0 : 19068, 14, 2024/05/29, 17:28:47.237, 5182794879395, testhost.dll, MulticastDelegateUtilities.SafeInvoke: TestCaseEventsHandler.RaiseTestCaseStart: Invoking callback 1/1 for Microsoft.VisualStudio.TestPlatform.CrossPlatEngine.DataCollection.ProxyOutOfProcDataCollectionManager., took 1 ms.
TpTrace Verbose: 0 : 19068, 14, 2024/05/29, 17:28:47.237, 5182794882314, testhost.dll, TestExecutionRecorder.RecordEnd: test: FlightBookingSystemTest.RepositoryTests.FlightRepositoryTests.Update_Success execution completed.
TpTrace Warning: 0 : 19068, 14, 2024/05/29, 17:28:47.237, 5182794882704, testhost.dll, TestRunCache: InProgressTests is null
TpTrace Verbose: 0 : 19068, 14, 2024/05/29, 17:28:47.239, 5182794896521, testhost.dll, MulticastDelegateUtilities.SafeInvoke: TestCaseEventsHandler.RaiseTestCaseEnd: Invoking callback 1/1 for Microsoft.VisualStudio.TestPlatform.CrossPlatEngine.DataCollection.ProxyOutOfProcDataCollectionManager., took 1 ms.
TpTrace Verbose: 0 : 19068, 14, 2024/05/29, 17:28:47.239, 5182794897117, testhost.dll, TestExecutionRecorder.RecordResult: Received result for test: FlightBookingSystemTest.RepositoryTests.FlightRepositoryTests.Update_Success.
TpTrace Verbose: 0 : 19068, 14, 2024/05/29, 17:28:47.239, 5182794897485, testhost.dll, MulticastDelegateUtilities.SafeInvoke: TestCaseEventsHandler.RaiseTestCaseEnd: Invoking callback 1/1 for Microsoft.VisualStudio.TestPlatform.CrossPlatEngine.DataCollection.ProxyOutOfProcDataCollectionManager., took 0 ms.
TpTrace Warning: 0 : 19068, 14, 2024/05/29, 17:28:47.239, 5182794897808, testhost.dll, TestRunCache: InProgressTests is null
TpTrace Warning: 0 : 19068, 14, 2024/05/29, 17:28:47.239, 5182794898030, testhost.dll, TestRunCache: No test found corresponding to testResult 'Update_Success' in inProgress list.
TpTrace Verbose: 0 : 19068, 14, 2024/05/29, 17:28:47.240, 5182794905789, testhost.dll, TestExecutionRecorder.RecordStart: Starting test: FlightBookingSystemTest.RepositoryTests.UserDetailRepositoryTests.Add_Failure_DuplicateUserException.
TpTrace Verbose: 0 : 19068, 14, 2024/05/29, 17:28:47.241, 5182794921173, testhost.dll, MulticastDelegateUtilities.SafeInvoke: TestCaseEventsHandler.RaiseTestCaseStart: Invoking callback 1/1 for Microsoft.VisualStudio.TestPlatform.CrossPlatEngine.DataCollection.ProxyOutOfProcDataCollectionManager., took 1 ms.
TpTrace Verbose: 0 : 19068, 14, 2024/05/29, 17:28:47.263, 5182795140962, testhost.dll, TestExecutionRecorder.RecordEnd: test: FlightBookingSystemTest.RepositoryTests.UserDetailRepositoryTests.Add_Failure_DuplicateUserException execution completed.
TpTrace Verbose: 0 : 19068, 14, 2024/05/29, 17:28:47.265, 5182795155282, testhost.dll, MulticastDelegateUtilities.SafeInvoke: TestCaseEventsHandler.RaiseTestCaseEnd: Invoking callback 1/1 for Microsoft.VisualStudio.TestPlatform.CrossPlatEngine.DataCollection.ProxyOutOfProcDataCollectionManager., took 1 ms.
TpTrace Verbose: 0 : 19068, 14, 2024/05/29, 17:28:47.265, 5182795156003, testhost.dll, TestExecutionRecorder.RecordResult: Received result for test: FlightBookingSystemTest.RepositoryTests.UserDetailRepositoryTests.Add_Failure_DuplicateUserException.
TpTrace Verbose: 0 : 19068, 14, 2024/05/29, 17:28:47.265, 5182795156425, testhost.dll, MulticastDelegateUtilities.SafeInvoke: TestCaseEventsHandler.RaiseTestCaseEnd: Invoking callback 1/1 for Microsoft.VisualStudio.TestPlatform.CrossPlatEngine.DataCollection.ProxyOutOfProcDataCollectionManager., took 0 ms.
TpTrace Warning: 0 : 19068, 14, 2024/05/29, 17:28:47.265, 5182795156794, testhost.dll, TestRunCache: InProgressTests is null
TpTrace Warning: 0 : 19068, 14, 2024/05/29, 17:28:47.265, 5182795157042, testhost.dll, TestRunCache: No test found corresponding to testResult 'Add_Failure_DuplicateUserException' in inProgress list.
TpTrace Verbose: 0 : 19068, 14, 2024/05/29, 17:28:47.265, 5182795157969, testhost.dll, TestExecutionRecorder.RecordStart: Starting test: FlightBookingSystemTest.RepositoryTests.UserDetailRepositoryTests.Add_Failure_Exception.
TpTrace Verbose: 0 : 19068, 14, 2024/05/29, 17:28:47.266, 5182795169693, testhost.dll, MulticastDelegateUtilities.SafeInvoke: TestCaseEventsHandler.RaiseTestCaseStart: Invoking callback 1/1 for Microsoft.VisualStudio.TestPlatform.CrossPlatEngine.DataCollection.ProxyOutOfProcDataCollectionManager., took 1 ms.
TpTrace Verbose: 0 : 19068, 14, 2024/05/29, 17:28:47.266, 5182795172155, testhost.dll, TestExecutionRecorder.RecordEnd: test: FlightBookingSystemTest.RepositoryTests.UserDetailRepositoryTests.Add_Failure_Exception execution completed.
TpTrace Verbose: 0 : 19068, 14, 2024/05/29, 17:28:47.268, 5182795184406, testhost.dll, MulticastDelegateUtilities.SafeInvoke: TestCaseEventsHandler.RaiseTestCaseEnd: Invoking callback 1/1 for Microsoft.VisualStudio.TestPlatform.CrossPlatEngine.DataCollection.ProxyOutOfProcDataCollectionManager., took 1 ms.
TpTrace Verbose: 0 : 19068, 14, 2024/05/29, 17:28:47.268, 5182795185111, testhost.dll, TestExecutionRecorder.RecordResult: Received result for test: FlightBookingSystemTest.RepositoryTests.UserDetailRepositoryTests.Add_Failure_Exception.
TpTrace Verbose: 0 : 19068, 14, 2024/05/29, 17:28:47.268, 5182795185530, testhost.dll, MulticastDelegateUtilities.SafeInvoke: TestCaseEventsHandler.RaiseTestCaseEnd: Invoking callback 1/1 for Microsoft.VisualStudio.TestPlatform.CrossPlatEngine.DataCollection.ProxyOutOfProcDataCollectionManager., took 0 ms.
TpTrace Warning: 0 : 19068, 14, 2024/05/29, 17:28:47.268, 5182795185877, testhost.dll, TestRunCache: InProgressTests is null
TpTrace Warning: 0 : 19068, 14, 2024/05/29, 17:28:47.268, 5182795186129, testhost.dll, TestRunCache: No test found corresponding to testResult 'Add_Failure_Exception' in inProgress list.
TpTrace Verbose: 0 : 19068, 14, 2024/05/29, 17:28:47.268, 5182795187109, testhost.dll, TestExecutionRecorder.RecordStart: Starting test: FlightBookingSystemTest.RepositoryTests.UserDetailRepositoryTests.Add_Success.
TpTrace Verbose: 0 : 19068, 14, 2024/05/29, 17:28:47.271, 5182795219106, testhost.dll, MulticastDelegateUtilities.SafeInvoke: TestCaseEventsHandler.RaiseTestCaseStart: Invoking callback 1/1 for Microsoft.VisualStudio.TestPlatform.CrossPlatEngine.DataCollection.ProxyOutOfProcDataCollectionManager., took 3 ms.
TpTrace Verbose: 0 : 19068, 14, 2024/05/29, 17:28:47.272, 5182795229648, testhost.dll, TestExecutionRecorder.RecordEnd: test: FlightBookingSystemTest.RepositoryTests.UserDetailRepositoryTests.Add_Success execution completed.
TpTrace Verbose: 0 : 19068, 14, 2024/05/29, 17:28:47.275, 5182795256320, testhost.dll, MulticastDelegateUtilities.SafeInvoke: TestCaseEventsHandler.RaiseTestCaseEnd: Invoking callback 1/1 for Microsoft.VisualStudio.TestPlatform.CrossPlatEngine.DataCollection.ProxyOutOfProcDataCollectionManager., took 2 ms.
TpTrace Verbose: 0 : 19068, 14, 2024/05/29, 17:28:47.275, 5182795257100, testhost.dll, TestExecutionRecorder.RecordResult: Received result for test: FlightBookingSystemTest.RepositoryTests.UserDetailRepositoryTests.Add_Success.
TpTrace Verbose: 0 : 19068, 14, 2024/05/29, 17:28:47.275, 5182795257480, testhost.dll, MulticastDelegateUtilities.SafeInvoke: TestCaseEventsHandler.RaiseTestCaseEnd: Invoking callback 1/1 for Microsoft.VisualStudio.TestPlatform.CrossPlatEngine.DataCollection.ProxyOutOfProcDataCollectionManager., took 0 ms.
TpTrace Warning: 0 : 19068, 14, 2024/05/29, 17:28:47.275, 5182795257802, testhost.dll, TestRunCache: InProgressTests is null
TpTrace Warning: 0 : 19068, 14, 2024/05/29, 17:28:47.275, 5182795258012, testhost.dll, TestRunCache: No test found corresponding to testResult 'Add_Success' in inProgress list.
TpTrace Verbose: 0 : 19068, 14, 2024/05/29, 17:28:47.275, 5182795258958, testhost.dll, TestExecutionRecorder.RecordStart: Starting test: FlightBookingSystemTest.RepositoryTests.UserDetailRepositoryTests.DeleteByKey_Failure_UserDetailNotFound.
TpTrace Verbose: 0 : 19068, 14, 2024/05/29, 17:28:47.277, 5182795274974, testhost.dll, MulticastDelegateUtilities.SafeInvoke: TestCaseEventsHandler.RaiseTestCaseStart: Invoking callback 1/1 for Microsoft.VisualStudio.TestPlatform.CrossPlatEngine.DataCollection.ProxyOutOfProcDataCollectionManager., took 1 ms.
TpTrace Verbose: 0 : 19068, 14, 2024/05/29, 17:28:47.277, 5182795277489, testhost.dll, TestExecutionRecorder.RecordEnd: test: FlightBookingSystemTest.RepositoryTests.UserDetailRepositoryTests.DeleteByKey_Failure_UserDetailNotFound execution completed.
TpTrace Verbose: 0 : 19068, 14, 2024/05/29, 17:28:47.278, 5182795288802, testhost.dll, MulticastDelegateUtilities.SafeInvoke: TestCaseEventsHandler.RaiseTestCaseEnd: Invoking callback 1/1 for Microsoft.VisualStudio.TestPlatform.CrossPlatEngine.DataCollection.ProxyOutOfProcDataCollectionManager., took 1 ms.
TpTrace Verbose: 0 : 19068, 14, 2024/05/29, 17:28:47.278, 5182795289369, testhost.dll, TestExecutionRecorder.RecordResult: Received result for test: FlightBookingSystemTest.RepositoryTests.UserDetailRepositoryTests.DeleteByKey_Failure_UserDetailNotFound.
TpTrace Verbose: 0 : 19068, 14, 2024/05/29, 17:28:47.278, 5182795289692, testhost.dll, MulticastDelegateUtilities.SafeInvoke: TestCaseEventsHandler.RaiseTestCaseEnd: Invoking callback 1/1 for Microsoft.VisualStudio.TestPlatform.CrossPlatEngine.DataCollection.ProxyOutOfProcDataCollectionManager., took 0 ms.
TpTrace Warning: 0 : 19068, 14, 2024/05/29, 17:28:47.278, 5182795289975, testhost.dll, TestRunCache: InProgressTests is null
TpTrace Warning: 0 : 19068, 14, 2024/05/29, 17:28:47.278, 5182795290179, testhost.dll, TestRunCache: No test found corresponding to testResult 'DeleteByKey_Failure_UserDetailNotFound' in inProgress list.
TpTrace Verbose: 0 : 19068, 14, 2024/05/29, 17:28:47.278, 5182795290956, testhost.dll, TestExecutionRecorder.RecordStart: Starting test: FlightBookingSystemTest.RepositoryTests.UserDetailRepositoryTests.DeleteByKey_Success.
TpTrace Verbose: 0 : 19068, 14, 2024/05/29, 17:28:47.279, 5182795300140, testhost.dll, MulticastDelegateUtilities.SafeInvoke: TestCaseEventsHandler.RaiseTestCaseStart: Invoking callback 1/1 for Microsoft.VisualStudio.TestPlatform.CrossPlatEngine.DataCollection.ProxyOutOfProcDataCollectionManager., took 0 ms.
TpTrace Verbose: 0 : 19068, 14, 2024/05/29, 17:28:47.279, 5182795302676, testhost.dll, TestExecutionRecorder.RecordEnd: test: FlightBookingSystemTest.RepositoryTests.UserDetailRepositoryTests.DeleteByKey_Success execution completed.
TpTrace Verbose: 0 : 19068, 14, 2024/05/29, 17:28:47.281, 5182795313770, testhost.dll, MulticastDelegateUtilities.SafeInvoke: TestCaseEventsHandler.RaiseTestCaseEnd: Invoking callback 1/1 for Microsoft.VisualStudio.TestPlatform.CrossPlatEngine.DataCollection.ProxyOutOfProcDataCollectionManager., took 1 ms.
TpTrace Verbose: 0 : 19068, 14, 2024/05/29, 17:28:47.281, 5182795314332, testhost.dll, TestExecutionRecorder.RecordResult: Received result for test: FlightBookingSystemTest.RepositoryTests.UserDetailRepositoryTests.DeleteByKey_Success.
TpTrace Verbose: 0 : 19068, 14, 2024/05/29, 17:28:47.281, 5182795314660, testhost.dll, MulticastDelegateUtilities.SafeInvoke: TestCaseEventsHandler.RaiseTestCaseEnd: Invoking callback 1/1 for Microsoft.VisualStudio.TestPlatform.CrossPlatEngine.DataCollection.ProxyOutOfProcDataCollectionManager., took 0 ms.
TpTrace Warning: 0 : 19068, 14, 2024/05/29, 17:28:47.281, 5182795314980, testhost.dll, TestRunCache: InProgressTests is null
TpTrace Warning: 0 : 19068, 14, 2024/05/29, 17:28:47.281, 5182795315210, testhost.dll, TestRunCache: No test found corresponding to testResult 'DeleteByKey_Success' in inProgress list.
TpTrace Verbose: 0 : 19068, 14, 2024/05/29, 17:28:47.281, 5182795316011, testhost.dll, TestExecutionRecorder.RecordStart: Starting test: FlightBookingSystemTest.RepositoryTests.UserDetailRepositoryTests.GetAll_Failure_NoUserDetailsPresent.
TpTrace Verbose: 0 : 19068, 14, 2024/05/29, 17:28:47.282, 5182795327140, testhost.dll, MulticastDelegateUtilities.SafeInvoke: TestCaseEventsHandler.RaiseTestCaseStart: Invoking callback 1/1 for Microsoft.VisualStudio.TestPlatform.CrossPlatEngine.DataCollection.ProxyOutOfProcDataCollectionManager., took 1 ms.
TpTrace Verbose: 0 : 19068, 14, 2024/05/29, 17:28:47.282, 5182795330703, testhost.dll, TestExecutionRecorder.RecordEnd: test: FlightBookingSystemTest.RepositoryTests.UserDetailRepositoryTests.GetAll_Failure_NoUserDetailsPresent execution completed.
TpTrace Verbose: 0 : 19068, 14, 2024/05/29, 17:28:47.283, 5182795341817, testhost.dll, MulticastDelegateUtilities.SafeInvoke: TestCaseEventsHandler.RaiseTestCaseEnd: Invoking callback 1/1 for Microsoft.VisualStudio.TestPlatform.CrossPlatEngine.DataCollection.ProxyOutOfProcDataCollectionManager., took 1 ms.
TpTrace Verbose: 0 : 19068, 14, 2024/05/29, 17:28:47.283, 5182795342422, testhost.dll, TestExecutionRecorder.RecordResult: Received result for test: FlightBookingSystemTest.RepositoryTests.UserDetailRepositoryTests.GetAll_Failure_NoUserDetailsPresent.
TpTrace Verbose: 0 : 19068, 14, 2024/05/29, 17:28:47.283, 5182795342742, testhost.dll, MulticastDelegateUtilities.SafeInvoke: TestCaseEventsHandler.RaiseTestCaseEnd: Invoking callback 1/1 for Microsoft.VisualStudio.TestPlatform.CrossPlatEngine.DataCollection.ProxyOutOfProcDataCollectionManager., took 0 ms.
TpTrace Warning: 0 : 19068, 14, 2024/05/29, 17:28:47.283, 5182795343027, testhost.dll, TestRunCache: InProgressTests is null
TpTrace Warning: 0 : 19068, 14, 2024/05/29, 17:28:47.284, 5182795343231, testhost.dll, TestRunCache: No test found corresponding to testResult 'GetAll_Failure_NoUserDetailsPresent' in inProgress list.
TpTrace Verbose: 0 : 19068, 14, 2024/05/29, 17:28:47.284, 5182795344015, testhost.dll, TestExecutionRecorder.RecordStart: Starting test: FlightBookingSystemTest.RepositoryTests.UserDetailRepositoryTests.GetAll_Success.
TpTrace Verbose: 0 : 19068, 14, 2024/05/29, 17:28:47.285, 5182795354591, testhost.dll, MulticastDelegateUtilities.SafeInvoke: TestCaseEventsHandler.RaiseTestCaseStart: Invoking callback 1/1 for Microsoft.VisualStudio.TestPlatform.CrossPlatEngine.DataCollection.ProxyOutOfProcDataCollectionManager., took 0 ms.
TpTrace Verbose: 0 : 19068, 14, 2024/05/29, 17:28:47.285, 5182795356738, testhost.dll, TestExecutionRecorder.RecordEnd: test: FlightBookingSystemTest.RepositoryTests.UserDetailRepositoryTests.GetAll_Success execution completed.
TpTrace Verbose: 0 : 19068, 14, 2024/05/29, 17:28:47.286, 5182795367229, testhost.dll, MulticastDelegateUtilities.SafeInvoke: TestCaseEventsHandler.RaiseTestCaseEnd: Invoking callback 1/1 for Microsoft.VisualStudio.TestPlatform.CrossPlatEngine.DataCollection.ProxyOutOfProcDataCollectionManager., took 1 ms.
TpTrace Verbose: 0 : 19068, 14, 2024/05/29, 17:28:47.286, 5182795367793, testhost.dll, TestExecutionRecorder.RecordResult: Received result for test: FlightBookingSystemTest.RepositoryTests.UserDetailRepositoryTests.GetAll_Success.
TpTrace Verbose: 0 : 19068, 14, 2024/05/29, 17:28:47.286, 5182795368129, testhost.dll, MulticastDelegateUtilities.SafeInvoke: TestCaseEventsHandler.RaiseTestCaseEnd: Invoking callback 1/1 for Microsoft.VisualStudio.TestPlatform.CrossPlatEngine.DataCollection.ProxyOutOfProcDataCollectionManager., took 0 ms.
TpTrace Warning: 0 : 19068, 14, 2024/05/29, 17:28:47.286, 5182795368419, testhost.dll, TestRunCache: InProgressTests is null
TpTrace Warning: 0 : 19068, 14, 2024/05/29, 17:28:47.286, 5182795368712, testhost.dll, TestRunCache: No test found corresponding to testResult 'GetAll_Success' in inProgress list.
TpTrace Verbose: 0 : 19068, 14, 2024/05/29, 17:28:47.286, 5182795369502, testhost.dll, TestExecutionRecorder.RecordStart: Starting test: FlightBookingSystemTest.RepositoryTests.UserDetailRepositoryTests.GetByKey_Failure_NotFoundException.
TpTrace Verbose: 0 : 19068, 14, 2024/05/29, 17:28:47.287, 5182795379890, testhost.dll, MulticastDelegateUtilities.SafeInvoke: TestCaseEventsHandler.RaiseTestCaseStart: Invoking callback 1/1 for Microsoft.VisualStudio.TestPlatform.CrossPlatEngine.DataCollection.ProxyOutOfProcDataCollectionManager., took 0 ms.
TpTrace Verbose: 0 : 19068, 14, 2024/05/29, 17:28:47.288, 5182795384517, testhost.dll, TestExecutionRecorder.RecordEnd: test: FlightBookingSystemTest.RepositoryTests.UserDetailRepositoryTests.GetByKey_Failure_NotFoundException execution completed.
TpTrace Verbose: 0 : 19068, 14, 2024/05/29, 17:28:47.293, 5182795439566, testhost.dll, MulticastDelegateUtilities.SafeInvoke: TestCaseEventsHandler.RaiseTestCaseEnd: Invoking callback 1/1 for Microsoft.VisualStudio.TestPlatform.CrossPlatEngine.DataCollection.ProxyOutOfProcDataCollectionManager., took 5 ms.
TpTrace Verbose: 0 : 19068, 14, 2024/05/29, 17:28:47.293, 5182795440790, testhost.dll, TestExecutionRecorder.RecordResult: Received result for test: FlightBookingSystemTest.RepositoryTests.UserDetailRepositoryTests.GetByKey_Failure_NotFoundException.
TpTrace Verbose: 0 : 19068, 14, 2024/05/29, 17:28:47.293, 5182795441203, testhost.dll, MulticastDelegateUtilities.SafeInvoke: TestCaseEventsHandler.RaiseTestCaseEnd: Invoking callback 1/1 for Microsoft.VisualStudio.TestPlatform.CrossPlatEngine.DataCollection.ProxyOutOfProcDataCollectionManager., took 0 ms.
TpTrace Warning: 0 : 19068, 14, 2024/05/29, 17:28:47.293, 5182795441524, testhost.dll, TestRunCache: InProgressTests is null
TpTrace Warning: 0 : 19068, 14, 2024/05/29, 17:28:47.293, 5182795441731, testhost.dll, TestRunCache: No test found corresponding to testResult 'GetByKey_Failure_NotFoundException' in inProgress list.
TpTrace Verbose: 0 : 19068, 14, 2024/05/29, 17:28:47.293, 5182795442907, testhost.dll, TestExecutionRecorder.RecordStart: Starting test: FlightBookingSystemTest.RepositoryTests.UserDetailRepositoryTests.GetByKey_Success.
TpTrace Information: 0 : 19068, 14, 2024/05/29, 17:28:47.294, 5182795443717, testhost.dll, Sending test run statistics
TpTrace Verbose: 0 : 19068, 14, 2024/05/29, 17:28:47.295, 5182795456930, testhost.dll, TestRequestHandler.SendData: sending data from testhost: {"Version":7,"MessageType":"TestExecution.StatsChange","Payload":{"NewTestResults":[{"TestCase":{"Id":"4217b994-d172-f575-5d01-460c756364d1","FullyQualifiedName":"FlightBookingSystemTest.RepositoryTests.FlightRepositoryTests.Update_Success","DisplayName":"Update_Success","ExecutorUri":"executor://NUnit3TestExecutor","Source":"C:\\Users\\VC\\Desktop\\Flight_Management_System\\FlightManagementSystemSolution\\FlightManagementUnitTests\\bin\\Debug\\fine-code-coverage-net8.0\\FlightManagementUnitTests.dll","CodeFilePath":null,"LineNumber":0,"Properties":[{"Key":{"Id":"NUnit.Seed","Label":"Seed","Category":"","Description":"","Attributes":0,"ValueType":"System.String"},"Value":"536408827"}]},"Attachments":[],"Outcome":1,"ErrorMessage":null,"ErrorStackTrace":null,"DisplayName":"Update_Success","Messages":[],"ComputerName":"H0RBBX3","Duration":"00:00:00.0036970","StartTime":"2024-05-29T11:58:47.2102674+00:00","EndTime":"2024-05-29T11:58:47.2139644+00:00","Properties":[{"Key":{"Id":"NUnit.Seed","Label":"Seed","Category":"","Description":"","Attributes":0,"ValueType":"System.String"},"Value":"536408827"}]},{"TestCase":{"Id":"e4b0dc39-a180-abb7-0eae-c671d9433993","FullyQualifiedName":"FlightBookingSystemTest.RepositoryTests.UserDetailRepositoryTests.Add_Failure_DuplicateUserException","DisplayName":"Add_Failure_DuplicateUserException","ExecutorUri":"executor://NUnit3TestExecutor","Source":"C:\\Users\\VC\\Desktop\\Flight_Management_System\\FlightManagementSystemSolution\\FlightManagementUnitTests\\bin\\Debug\\fine-code-coverage-net8.0\\FlightManagementUnitTests.dll","CodeFilePath":null,"LineNumber":0,"Properties":[{"Key":{"Id":"NUnit.Seed","Label":"Seed","Category":"","Description":"","Attributes":0,"ValueType":"System.String"},"Value":"562492866"}]},"Attachments":[],"Outcome":1,"ErrorMessage":null,"ErrorStackTrace":null,"DisplayName":"Add_Failure_DuplicateUserException","Messages":[],"ComputerName":"H0RBBX3","Duration":"00:00:00.0475500","StartTime":"2024-05-29T11:58:47.2159086+00:00","EndTime":"2024-05-29T11:58:47.263458+00:00","Properties":[{"Key":{"Id":"NUnit.Seed","Label":"Seed","Category":"","Description":"","Attributes":0,"ValueType":"System.String"},"Value":"562492866"}]},{"TestCase":{"Id":"d1281c14-3cec-5fc9-1458-e6e51f0ed8bb","FullyQualifiedName":"FlightBookingSystemTest.RepositoryTests.UserDetailRepositoryTests.Add_Failure_Exception","DisplayName":"Add_Failure_Exception","ExecutorUri":"executor://NUnit3TestExecutor","Source":"C:\\Users\\VC\\Desktop\\Flight_Management_System\\FlightManagementSystemSolution\\FlightManagementUnitTests\\bin\\Debug\\fine-code-coverage-net8.0\\FlightManagementUnitTests.dll","CodeFilePath":null,"LineNumber":0,"Properties":[{"Key":{"Id":"NUnit.Seed","Label":"Seed","Category":"","Description":"","Attributes":0,"ValueType":"System.String"},"Value":"1049696416"}]},"Attachments":[],"Outcome":1,"ErrorMessage":null,"ErrorStackTrace":null,"DisplayName":"Add_Failure_Exception","Messages":[],"ComputerName":"H0RBBX3","Duration":"00:00:00.0016960","StartTime":"2024-05-29T11:58:47.2634869+00:00","EndTime":"2024-05-29T11:58:47.2651828+00:00","Properties":[{"Key":{"Id":"NUnit.Seed","Label":"Seed","Category":"","Description":"","Attributes":0,"ValueType":"System.String"},"Value":"1049696416"}]},{"TestCase":{"Id":"f287a132-9af3-9061-ad43-9fe9f193234f","FullyQualifiedName":"FlightBookingSystemTest.RepositoryTests.UserDetailRepositoryTests.Add_Success","DisplayName":"Add_Success","ExecutorUri":"executor://NUnit3TestExecutor","Source":"C:\\Users\\VC\\Desktop\\Flight_Management_System\\FlightManagementSystemSolution\\FlightManagementUnitTests\\bin\\Debug\\fine-code-coverage-net8.0\\FlightManagementUnitTests.dll","CodeFilePath":null,"LineNumber":0,"Properties":[{"Key":{"Id":"NUnit.Seed","Label":"Seed","Category":"","Description":"","Attributes":0,"ValueType":"System.String"},"Value":"1266463214"}]},"Attachments":[],"Outcome":1,"ErrorMessage":null,"ErrorStackTrace":null,"DisplayName":"Add_Success","Messages":[],"ComputerName":"H0RBBX3","Duration":"00:00:00.0012430","StartTime":"2024-05-29T11:58:47.2652022+00:00","EndTime":"2024-05-29T11:58:47.2664449+00:00","Properties":[{"Key":{"Id":"NUnit.Seed","Label":"Seed","Category":"","Description":"","Attributes":0,"ValueType":"System.String"},"Value":"1266463214"}]},{"TestCase":{"Id":"787aa18e-93ce-2044-30a1-64ef200df7bd","FullyQualifiedName":"FlightBookingSystemTest.RepositoryTests.UserDetailRepositoryTests.DeleteByKey_Failure_UserDetailNotFound","DisplayName":"DeleteByKey_Failure_UserDetailNotFound","ExecutorUri":"executor://NUnit3TestExecutor","Source":"C:\\Users\\VC\\Desktop\\Flight_Management_System\\FlightManagementSystemSolution\\FlightManagementUnitTests\\bin\\Debug\\fine-code-coverage-net8.0\\FlightManagementUnitTests.dll","CodeFilePath":null,"LineNumber":0,"Properties":[{"Key":{"Id":"NUnit.Seed","Label":"Seed","Category":"","Description":"","Attributes":0,"ValueType":"System.String"},"Value":"693981409"}]},"Attachments":[],"Outcome":1,"ErrorMessage":null,"ErrorStackTrace":null,"DisplayName":"DeleteByKey_Failure_UserDetailNotFound","Messages":[],"ComputerName":"H0RBBX3","Duration":"00:00:00.0066640","StartTime":"2024-05-29T11:58:47.2664627+00:00","EndTime":"2024-05-29T11:58:47.2731266+00:00","Properties":[{"Key":{"Id":"NUnit.Seed","Label":"Seed","Category":"","Description":"","Attributes":0,"ValueType":"System.String"},"Value":"693981409"}]},{"TestCase":{"Id":"e395e4fc-4f57-94e0-cae2-1957594d97dd","FullyQualifiedName":"FlightBookingSystemTest.RepositoryTests.UserDetailRepositoryTests.DeleteByKey_Success","DisplayName":"DeleteByKey_Success","ExecutorUri":"executor://NUnit3TestExecutor","Source":"C:\\Users\\VC\\Desktop\\Flight_Management_System\\FlightManagementSystemSolution\\FlightManagementUnitTests\\bin\\Debug\\fine-code-coverage-net8.0\\FlightManagementUnitTests.dll","CodeFilePath":null,"LineNumber":0,"Properties":[{"Key":{"Id":"NUnit.Seed","Label":"Seed","Category":"","Description":"","Attributes":0,"ValueType":"System.String"},"Value":"997625476"}]},"Attachments":[],"Outcome":1,"ErrorMessage":null,"ErrorStackTrace":null,"DisplayName":"DeleteByKey_Success","Messages":[],"ComputerName":"H0RBBX3","Duration":"00:00:00.0017440","StartTime":"2024-05-29T11:58:47.2731503+00:00","EndTime":"2024-05-29T11:58:47.2748941+00:00","Properties":[{"Key":{"Id":"NUnit.Seed","Label":"Seed","Category":"","Description":"","Attributes":0,"ValueType":"System.String"},"Value":"997625476"}]},{"TestCase":{"Id":"a815c1a6-80fe-c728-3586-6679cafb17de","FullyQualifiedName":"FlightBookingSystemTest.RepositoryTests.UserDetailRepositoryTests.GetAll_Failure_NoUserDetailsPresent","DisplayName":"GetAll_Failure_NoUserDetailsPresent","ExecutorUri":"executor://NUnit3TestExecutor","Source":"C:\\Users\\VC\\Desktop\\Flight_Management_System\\FlightManagementSystemSolution\\FlightManagementUnitTests\\bin\\Debug\\fine-code-coverage-net8.0\\FlightManagementUnitTests.dll","CodeFilePath":null,"LineNumber":0,"Properties":[{"Key":{"Id":"NUnit.Seed","Label":"Seed","Category":"","Description":"","Attributes":0,"ValueType":"System.String"},"Value":"959530079"}]},"Attachments":[],"Outcome":1,"ErrorMessage":null,"ErrorStackTrace":null,"DisplayName":"GetAll_Failure_NoUserDetailsPresent","Messages":[],"ComputerName":"H0RBBX3","Duration":"00:00:00.0042210","StartTime":"2024-05-29T11:58:47.274912+00:00","EndTime":"2024-05-29T11:58:47.2791328+00:00","Properties":[{"Key":{"Id":"NUnit.Seed","Label":"Seed","Category":"","Description":"","Attributes":0,"ValueType":"System.String"},"Value":"959530079"}]},{"TestCase":{"Id":"a9f12179-8e91-c697-38b5-b6d49435283b","FullyQualifiedName":"FlightBookingSystemTest.RepositoryTests.UserDetailRepositoryTests.GetAll_Success","DisplayName":"GetAll_Success","ExecutorUri":"executor://NUnit3TestExecutor","Source":"C:\\Users\\VC\\Desktop\\Flight_Management_System\\FlightManagementSystemSolution\\FlightManagementUnitTests\\bin\\Debug\\fine-code-coverage-net8.0\\FlightManagementUnitTests.dll","CodeFilePath":null,"LineNumber":0,"Properties":[{"Key":{"Id":"NUnit.Seed","Label":"Seed","Category":"","Description":"","Attributes":0,"ValueType":"System.String"},"Value":"1865521131"}]},"Attachments":[],"Outcome":1,"ErrorMessage":null,"ErrorStackTrace":null,"DisplayName":"GetAll_Success","Messages":[],"ComputerName":"H0RBBX3","Duration":"00:00:00.0017940","StartTime":"2024-05-29T11:58:47.2791537+00:00","EndTime":"2024-05-29T11:58:47.2809475+00:00","Properties":[{"Key":{"Id":"NUnit.Seed","Label":"Seed","Category":"","Description":"","Attributes":0,"ValueType":"System.String"},"Value":"1865521131"}]},{"TestCase":{"Id":"c5d855a7-ef95-7032-3839-217ea247a708","FullyQualifiedName":"FlightBookingSystemTest.RepositoryTests.UserDetailRepositoryTests.GetByKey_Failure_NotFoundException","DisplayName":"GetByKey_Failure_NotFoundException","ExecutorUri":"executor://NUnit3TestExecutor","Source":"C:\\Users\\VC\\Desktop\\Flight_Management_System\\FlightManagementSystemSolution\\FlightManagementUnitTests\\bin\\Debug\\fine-code-coverage-net8.0\\FlightManagementUnitTests.dll","CodeFilePath":null,"LineNumber":0,"Properties":[{"Key":{"Id":"NUnit.Seed","Label":"Seed","Category":"","Description":"","Attributes":0,"ValueType":"System.String"},"Value":"1494853570"}]},"Attachments":[],"Outcome":1,"ErrorMessage":null,"ErrorStackTrace":null,"DisplayName":"GetByKey_Failure_NotFoundException","Messages":[],"ComputerName":"H0RBBX3","Duration":"00:00:00.0008670","StartTime":"2024-05-29T11:58:47.2810141+00:00","EndTime":"2024-05-29T11:58:47.2818811+00:00","Properties":[{"Key":{"Id":"NUnit.Seed","Label":"Seed","Category":"","Description":"","Attributes":0,"ValueType":"System.String"},"Value":"1494853570"}]}],"TestRunStatistics":{"ExecutedTests":18,"Stats":{"Passed":18}},"ActiveTests":[{"Id":"376c19ce-28cd-d992-a5ae-cd8698e8ab10","FullyQualifiedName":"FlightBookingSystemTest.RepositoryTests.UserDetailRepositoryTests.GetByKey_Success","DisplayName":"GetByKey_Success","ExecutorUri":"executor://NUnit3TestExecutor","Source":"C:\\Users\\VC\\Desktop\\Flight_Management_System\\FlightManagementSystemSolution\\FlightManagementUnitTests\\bin\\Debug\\fine-code-coverage-net8.0\\FlightManagementUnitTests.dll","CodeFilePath":null,"LineNumber":0,"Properties":[{"Key":{"Id":"NUnit.Seed","Label":"Seed","Category":"","Description":"","Attributes":0,"ValueType":"System.String"},"Value":"1743299893"}]}]}}
TpTrace Verbose: 0 : 19068, 14, 2024/05/29, 17:28:47.295, 5182795459435, testhost.dll, TestRunCache: OnNewTestResult: Notified the onCacheHit callback.
TpTrace Verbose: 0 : 19068, 14, 2024/05/29, 17:28:47.296, 5182795469817, testhost.dll, MulticastDelegateUtilities.SafeInvoke: TestCaseEventsHandler.RaiseTestCaseStart: Invoking callback 1/1 for Microsoft.VisualStudio.TestPlatform.CrossPlatEngine.DataCollection.ProxyOutOfProcDataCollectionManager., took 0 ms.
TpTrace Verbose: 0 : 19068, 14, 2024/05/29, 17:28:47.296, 5182795472403, testhost.dll, TestExecutionRecorder.RecordEnd: test: FlightBookingSystemTest.RepositoryTests.UserDetailRepositoryTests.GetByKey_Success execution completed.
TpTrace Warning: 0 : 19068, 14, 2024/05/29, 17:28:47.296, 5182795472839, testhost.dll, TestRunCache: InProgressTests is null
TpTrace Verbose: 0 : 19068, 14, 2024/05/29, 17:28:47.298, 5182795484265, testhost.dll, MulticastDelegateUtilities.SafeInvoke: TestCaseEventsHandler.RaiseTestCaseEnd: Invoking callback 1/1 for Microsoft.VisualStudio.TestPlatform.CrossPlatEngine.DataCollection.ProxyOutOfProcDataCollectionManager., took 1 ms.
TpTrace Verbose: 0 : 19068, 14, 2024/05/29, 17:28:47.298, 5182795485044, testhost.dll, TestExecutionRecorder.RecordResult: Received result for test: FlightBookingSystemTest.RepositoryTests.UserDetailRepositoryTests.GetByKey_Success.
TpTrace Verbose: 0 : 19068, 14, 2024/05/29, 17:28:47.298, 5182795485814, testhost.dll, MulticastDelegateUtilities.SafeInvoke: TestCaseEventsHandler.RaiseTestCaseEnd: Invoking callback 1/1 for Microsoft.VisualStudio.TestPlatform.CrossPlatEngine.DataCollection.ProxyOutOfProcDataCollectionManager., took 0 ms.
TpTrace Warning: 0 : 19068, 14, 2024/05/29, 17:28:47.298, 5182795486383, testhost.dll, TestRunCache: InProgressTests is null
TpTrace Warning: 0 : 19068, 14, 2024/05/29, 17:28:47.298, 5182795486750, testhost.dll, TestRunCache: No test found corresponding to testResult 'GetByKey_Success' in inProgress list.
TpTrace Verbose: 0 : 19068, 14, 2024/05/29, 17:28:47.298, 5182795489058, testhost.dll, TestExecutionRecorder.RecordStart: Starting test: FlightBookingSystemTest.RepositoryTests.UserDetailRepositoryTests.Update_Failure_UserDetailNotFound.
TpTrace Verbose: 0 : 19068, 14, 2024/05/29, 17:28:47.299, 5182795501752, testhost.dll, MulticastDelegateUtilities.SafeInvoke: TestCaseEventsHandler.RaiseTestCaseStart: Invoking callback 1/1 for Microsoft.VisualStudio.TestPlatform.CrossPlatEngine.DataCollection.ProxyOutOfProcDataCollectionManager., took 1 ms.
TpTrace Verbose: 0 : 19068, 14, 2024/05/29, 17:28:47.300, 5182795504709, testhost.dll, TestExecutionRecorder.RecordEnd: test: FlightBookingSystemTest.RepositoryTests.UserDetailRepositoryTests.Update_Failure_UserDetailNotFound execution completed.
TpTrace Verbose: 0 : 19068, 14, 2024/05/29, 17:28:47.301, 5182795514558, testhost.dll, MulticastDelegateUtilities.SafeInvoke: TestCaseEventsHandler.RaiseTestCaseEnd: Invoking callback 1/1 for Microsoft.VisualStudio.TestPlatform.CrossPlatEngine.DataCollection.ProxyOutOfProcDataCollectionManager., took 0 ms.
TpTrace Verbose: 0 : 19068, 14, 2024/05/29, 17:28:47.301, 5182795515189, testhost.dll, TestExecutionRecorder.RecordResult: Received result for test: FlightBookingSystemTest.RepositoryTests.UserDetailRepositoryTests.Update_Failure_UserDetailNotFound.
TpTrace Verbose: 0 : 19068, 14, 2024/05/29, 17:28:47.301, 5182795515648, testhost.dll, MulticastDelegateUtilities.SafeInvoke: TestCaseEventsHandler.RaiseTestCaseEnd: Invoking callback 1/1 for Microsoft.VisualStudio.TestPlatform.CrossPlatEngine.DataCollection.ProxyOutOfProcDataCollectionManager., took 0 ms.
TpTrace Warning: 0 : 19068, 14, 2024/05/29, 17:28:47.301, 5182795515998, testhost.dll, TestRunCache: InProgressTests is null
TpTrace Warning: 0 : 19068, 14, 2024/05/29, 17:28:47.301, 5182795516229, testhost.dll, TestRunCache: No test found corresponding to testResult 'Update_Failure_UserDetailNotFound' in inProgress list.
TpTrace Verbose: 0 : 19068, 14, 2024/05/29, 17:28:47.301, 5182795517095, testhost.dll, TestExecutionRecorder.RecordStart: Starting test: FlightBookingSystemTest.RepositoryTests.UserDetailRepositoryTests.Update_Success.
TpTrace Verbose: 0 : 19068, 14, 2024/05/29, 17:28:47.302, 5182795527754, testhost.dll, MulticastDelegateUtilities.SafeInvoke: TestCaseEventsHandler.RaiseTestCaseStart: Invoking callback 1/1 for Microsoft.VisualStudio.TestPlatform.CrossPlatEngine.DataCollection.ProxyOutOfProcDataCollectionManager., took 0 ms.
TpTrace Verbose: 0 : 19068, 14, 2024/05/29, 17:28:47.302, 5182795529583, testhost.dll, TestExecutionRecorder.RecordEnd: test: FlightBookingSystemTest.RepositoryTests.UserDetailRepositoryTests.Update_Success execution completed.
TpTrace Verbose: 0 : 19068, 14, 2024/05/29, 17:28:47.303, 5182795538874, testhost.dll, MulticastDelegateUtilities.SafeInvoke: TestCaseEventsHandler.RaiseTestCaseEnd: Invoking callback 1/1 for Microsoft.VisualStudio.TestPlatform.CrossPlatEngine.DataCollection.ProxyOutOfProcDataCollectionManager., took 0 ms.
TpTrace Verbose: 0 : 19068, 14, 2024/05/29, 17:28:47.303, 5182795540073, testhost.dll, TestExecutionRecorder.RecordResult: Received result for test: FlightBookingSystemTest.RepositoryTests.UserDetailRepositoryTests.Update_Success.
TpTrace Verbose: 0 : 19068, 14, 2024/05/29, 17:28:47.303, 5182795540550, testhost.dll, MulticastDelegateUtilities.SafeInvoke: TestCaseEventsHandler.RaiseTestCaseEnd: Invoking callback 1/1 for Microsoft.VisualStudio.TestPlatform.CrossPlatEngine.DataCollection.ProxyOutOfProcDataCollectionManager., took 0 ms.
TpTrace Warning: 0 : 19068, 14, 2024/05/29, 17:28:47.303, 5182795541478, testhost.dll, TestRunCache: InProgressTests is null
TpTrace Warning: 0 : 19068, 14, 2024/05/29, 17:28:47.303, 5182795541781, testhost.dll, TestRunCache: No test found corresponding to testResult 'Update_Success' in inProgress list.
TpTrace Verbose: 0 : 19068, 14, 2024/05/29, 17:28:47.304, 5182795544896, testhost.dll, TestExecutionRecorder.RecordStart: Starting test: FlightBookingSystemTest.RepositoryTests.UserRepositoryTests.Add_Failure_DuplicateUserException_Email.
TpTrace Verbose: 0 : 19068, 14, 2024/05/29, 17:28:47.305, 5182795556561, testhost.dll, MulticastDelegateUtilities.SafeInvoke: TestCaseEventsHandler.RaiseTestCaseStart: Invoking callback 1/1 for Microsoft.VisualStudio.TestPlatform.CrossPlatEngine.DataCollection.ProxyOutOfProcDataCollectionManager., took 1 ms.
TpTrace Verbose: 0 : 19068, 14, 2024/05/29, 17:28:47.305, 5182795560320, testhost.dll, TestExecutionRecorder.RecordEnd: test: FlightBookingSystemTest.RepositoryTests.UserRepositoryTests.Add_Failure_DuplicateUserException_Email execution completed.
TpTrace Verbose: 0 : 19068, 14, 2024/05/29, 17:28:47.307, 5182795576856, testhost.dll, MulticastDelegateUtilities.SafeInvoke: TestCaseEventsHandler.RaiseTestCaseEnd: Invoking callback 1/1 for Microsoft.VisualStudio.TestPlatform.CrossPlatEngine.DataCollection.ProxyOutOfProcDataCollectionManager., took 1 ms.
TpTrace Verbose: 0 : 19068, 14, 2024/05/29, 17:28:47.307, 5182795577554, testhost.dll, TestExecutionRecorder.RecordResult: Received result for test: FlightBookingSystemTest.RepositoryTests.UserRepositoryTests.Add_Failure_DuplicateUserException_Email.
TpTrace Verbose: 0 : 19068, 14, 2024/05/29, 17:28:47.307, 5182795577909, testhost.dll, MulticastDelegateUtilities.SafeInvoke: TestCaseEventsHandler.RaiseTestCaseEnd: Invoking callback 1/1 for Microsoft.VisualStudio.TestPlatform.CrossPlatEngine.DataCollection.ProxyOutOfProcDataCollectionManager., took 0 ms.
TpTrace Warning: 0 : 19068, 14, 2024/05/29, 17:28:47.307, 5182795578247, testhost.dll, TestRunCache: InProgressTests is null
TpTrace Warning: 0 : 19068, 14, 2024/05/29, 17:28:47.307, 5182795578482, testhost.dll, TestRunCache: No test found corresponding to testResult 'Add_Failure_DuplicateUserException_Email' in inProgress list.
TpTrace Verbose: 0 : 19068, 14, 2024/05/29, 17:28:47.307, 5182795579357, testhost.dll, TestExecutionRecorder.RecordStart: Starting test: FlightBookingSystemTest.RepositoryTests.UserRepositoryTests.Add_Failure_Exception.
TpTrace Verbose: 0 : 19068, 14, 2024/05/29, 17:28:47.308, 5182795589858, testhost.dll, MulticastDelegateUtilities.SafeInvoke: TestCaseEventsHandler.RaiseTestCaseStart: Invoking callback 1/1 for Microsoft.VisualStudio.TestPlatform.CrossPlatEngine.DataCollection.ProxyOutOfProcDataCollectionManager., took 0 ms.
TpTrace Verbose: 0 : 19068, 14, 2024/05/29, 17:28:47.308, 5182795591826, testhost.dll, TestExecutionRecorder.RecordEnd: test: FlightBookingSystemTest.RepositoryTests.UserRepositoryTests.Add_Failure_Exception execution completed.
TpTrace Verbose: 0 : 19068, 14, 2024/05/29, 17:28:47.309, 5182795601981, testhost.dll, MulticastDelegateUtilities.SafeInvoke: TestCaseEventsHandler.RaiseTestCaseEnd: Invoking callback 1/1 for Microsoft.VisualStudio.TestPlatform.CrossPlatEngine.DataCollection.ProxyOutOfProcDataCollectionManager., took 0 ms.
TpTrace Verbose: 0 : 19068, 14, 2024/05/29, 17:28:47.309, 5182795602500, testhost.dll, TestExecutionRecorder.RecordResult: Received result for test: FlightBookingSystemTest.RepositoryTests.UserRepositoryTests.Add_Failure_Exception.
TpTrace Verbose: 0 : 19068, 14, 2024/05/29, 17:28:47.309, 5182795602821, testhost.dll, MulticastDelegateUtilities.SafeInvoke: TestCaseEventsHandler.RaiseTestCaseEnd: Invoking callback 1/1 for Microsoft.VisualStudio.TestPlatform.CrossPlatEngine.DataCollection.ProxyOutOfProcDataCollectionManager., took 0 ms.
TpTrace Warning: 0 : 19068, 14, 2024/05/29, 17:28:47.309, 5182795603096, testhost.dll, TestRunCache: InProgressTests is null
TpTrace Warning: 0 : 19068, 14, 2024/05/29, 17:28:47.310, 5182795603300, testhost.dll, TestRunCache: No test found corresponding to testResult 'Add_Failure_Exception' in inProgress list.
TpTrace Verbose: 0 : 19068, 14, 2024/05/29, 17:28:47.310, 5182795604098, testhost.dll, TestExecutionRecorder.RecordStart: Starting test: FlightBookingSystemTest.RepositoryTests.UserRepositoryTests.Add_Failure_InvalidEmailFormatException.
TpTrace Verbose: 0 : 19068, 14, 2024/05/29, 17:28:47.311, 5182795614357, testhost.dll, MulticastDelegateUtilities.SafeInvoke: TestCaseEventsHandler.RaiseTestCaseStart: Invoking callback 1/1 for Microsoft.VisualStudio.TestPlatform.CrossPlatEngine.DataCollection.ProxyOutOfProcDataCollectionManager., took 0 ms.
TpTrace Verbose: 0 : 19068, 14, 2024/05/29, 17:28:47.311, 5182795616345, testhost.dll, TestExecutionRecorder.RecordEnd: test: FlightBookingSystemTest.RepositoryTests.UserRepositoryTests.Add_Failure_InvalidEmailFormatException execution completed.
TpTrace Verbose: 0 : 19068, 14, 2024/05/29, 17:28:47.312, 5182795626980, testhost.dll, MulticastDelegateUtilities.SafeInvoke: TestCaseEventsHandler.RaiseTestCaseEnd: Invoking callback 1/1 for Microsoft.VisualStudio.TestPlatform.CrossPlatEngine.DataCollection.ProxyOutOfProcDataCollectionManager., took 1 ms.
TpTrace Verbose: 0 : 19068, 14, 2024/05/29, 17:28:47.312, 5182795627536, testhost.dll, TestExecutionRecorder.RecordResult: Received result for test: FlightBookingSystemTest.RepositoryTests.UserRepositoryTests.Add_Failure_InvalidEmailFormatException.
TpTrace Verbose: 0 : 19068, 14, 2024/05/29, 17:28:47.312, 5182795627840, testhost.dll, MulticastDelegateUtilities.SafeInvoke: TestCaseEventsHandler.RaiseTestCaseEnd: Invoking callback 1/1 for Microsoft.VisualStudio.TestPlatform.CrossPlatEngine.DataCollection.ProxyOutOfProcDataCollectionManager., took 0 ms.
TpTrace Warning: 0 : 19068, 14, 2024/05/29, 17:28:47.312, 5182795628144, testhost.dll, TestRunCache: InProgressTests is null
TpTrace Warning: 0 : 19068, 14, 2024/05/29, 17:28:47.312, 5182795628374, testhost.dll, TestRunCache: No test found corresponding to testResult 'Add_Failure_InvalidEmailFormatException' in inProgress list.
TpTrace Verbose: 0 : 19068, 14, 2024/05/29, 17:28:47.312, 5182795629150, testhost.dll, TestExecutionRecorder.RecordStart: Starting test: FlightBookingSystemTest.RepositoryTests.UserRepositoryTests.Add_Failure_PasswordMismatchException.
TpTrace Verbose: 0 : 19068, 14, 2024/05/29, 17:28:47.313, 5182795639543, testhost.dll, MulticastDelegateUtilities.SafeInvoke: TestCaseEventsHandler.RaiseTestCaseStart: Invoking callback 1/1 for Microsoft.VisualStudio.TestPlatform.CrossPlatEngine.DataCollection.ProxyOutOfProcDataCollectionManager., took 0 ms.
TpTrace Verbose: 0 : 19068, 14, 2024/05/29, 17:28:47.313, 5182795642002, testhost.dll, TestExecutionRecorder.RecordEnd: test: FlightBookingSystemTest.RepositoryTests.UserRepositoryTests.Add_Failure_PasswordMismatchException execution completed.
TpTrace Verbose: 0 : 19068, 14, 2024/05/29, 17:28:47.315, 5182795655207, testhost.dll, MulticastDelegateUtilities.SafeInvoke: TestCaseEventsHandler.RaiseTestCaseEnd: Invoking callback 1/1 for Microsoft.VisualStudio.TestPlatform.CrossPlatEngine.DataCollection.ProxyOutOfProcDataCollectionManager., took 1 ms.
TpTrace Verbose: 0 : 19068, 14, 2024/05/29, 17:28:47.315, 5182795655867, testhost.dll, TestExecutionRecorder.RecordResult: Received result for test: FlightBookingSystemTest.RepositoryTests.UserRepositoryTests.Add_Failure_PasswordMismatchException.
TpTrace Verbose: 0 : 19068, 14, 2024/05/29, 17:28:47.315, 5182795656188, testhost.dll, MulticastDelegateUtilities.SafeInvoke: TestCaseEventsHandler.RaiseTestCaseEnd: Invoking callback 1/1 for Microsoft.VisualStudio.TestPlatform.CrossPlatEngine.DataCollection.ProxyOutOfProcDataCollectionManager., took 0 ms.
TpTrace Warning: 0 : 19068, 14, 2024/05/29, 17:28:47.315, 5182795656468, testhost.dll, TestRunCache: InProgressTests is null
TpTrace Warning: 0 : 19068, 14, 2024/05/29, 17:28:47.315, 5182795656673, testhost.dll, TestRunCache: No test found corresponding to testResult 'Add_Failure_PasswordMismatchException' in inProgress list.
TpTrace Verbose: 0 : 19068, 14, 2024/05/29, 17:28:47.315, 5182795657539, testhost.dll, TestExecutionRecorder.RecordStart: Starting test: FlightBookingSystemTest.RepositoryTests.UserRepositoryTests.Add_Success.
TpTrace Verbose: 0 : 19068, 14, 2024/05/29, 17:28:47.316, 5182795668262, testhost.dll, MulticastDelegateUtilities.SafeInvoke: TestCaseEventsHandler.RaiseTestCaseStart: Invoking callback 1/1 for Microsoft.VisualStudio.TestPlatform.CrossPlatEngine.DataCollection.ProxyOutOfProcDataCollectionManager., took 1 ms.
TpTrace Verbose: 0 : 19068, 14, 2024/05/29, 17:28:47.316, 5182795670367, testhost.dll, TestExecutionRecorder.RecordEnd: test: FlightBookingSystemTest.RepositoryTests.UserRepositoryTests.Add_Success execution completed.
TpTrace Verbose: 0 : 19068, 14, 2024/05/29, 17:28:47.317, 5182795681015, testhost.dll, MulticastDelegateUtilities.SafeInvoke: TestCaseEventsHandler.RaiseTestCaseEnd: Invoking callback 1/1 for Microsoft.VisualStudio.TestPlatform.CrossPlatEngine.DataCollection.ProxyOutOfProcDataCollectionManager., took 1 ms.
TpTrace Verbose: 0 : 19068, 14, 2024/05/29, 17:28:47.317, 5182795681583, testhost.dll, TestExecutionRecorder.RecordResult: Received result for test: FlightBookingSystemTest.RepositoryTests.UserRepositoryTests.Add_Success.
TpTrace Verbose: 0 : 19068, 14, 2024/05/29, 17:28:47.317, 5182795681941, testhost.dll, MulticastDelegateUtilities.SafeInvoke: TestCaseEventsHandler.RaiseTestCaseEnd: Invoking callback 1/1 for Microsoft.VisualStudio.TestPlatform.CrossPlatEngine.DataCollection.ProxyOutOfProcDataCollectionManager., took 0 ms.
TpTrace Warning: 0 : 19068, 14, 2024/05/29, 17:28:47.317, 5182795682240, testhost.dll, TestRunCache: InProgressTests is null
TpTrace Warning: 0 : 19068, 14, 2024/05/29, 17:28:47.317, 5182795682505, testhost.dll, TestRunCache: No test found corresponding to testResult 'Add_Success' in inProgress list.
TpTrace Verbose: 0 : 19068, 14, 2024/05/29, 17:28:47.318, 5182795683394, testhost.dll, TestExecutionRecorder.RecordStart: Starting test: FlightBookingSystemTest.RepositoryTests.UserRepositoryTests.DeleteByKey_Failure_UserNotFound.
TpTrace Verbose: 0 : 19068, 14, 2024/05/29, 17:28:47.319, 5182795694581, testhost.dll, MulticastDelegateUtilities.SafeInvoke: TestCaseEventsHandler.RaiseTestCaseStart: Invoking callback 1/1 for Microsoft.VisualStudio.TestPlatform.CrossPlatEngine.DataCollection.ProxyOutOfProcDataCollectionManager., took 1 ms.
TpTrace Verbose: 0 : 19068, 14, 2024/05/29, 17:28:47.319, 5182795698080, testhost.dll, TestExecutionRecorder.RecordEnd: test: FlightBookingSystemTest.RepositoryTests.UserRepositoryTests.DeleteByKey_Failure_UserNotFound execution completed.
TpTrace Verbose: 0 : 19068, 14, 2024/05/29, 17:28:47.320, 5182795709027, testhost.dll, MulticastDelegateUtilities.SafeInvoke: TestCaseEventsHandler.RaiseTestCaseEnd: Invoking callback 1/1 for Microsoft.VisualStudio.TestPlatform.CrossPlatEngine.DataCollection.ProxyOutOfProcDataCollectionManager., took 1 ms.
TpTrace Verbose: 0 : 19068, 14, 2024/05/29, 17:28:47.320, 5182795709653, testhost.dll, TestExecutionRecorder.RecordResult: Received result for test: FlightBookingSystemTest.RepositoryTests.UserRepositoryTests.DeleteByKey_Failure_UserNotFound.
TpTrace Verbose: 0 : 19068, 14, 2024/05/29, 17:28:47.320, 5182795710015, testhost.dll, MulticastDelegateUtilities.SafeInvoke: TestCaseEventsHandler.RaiseTestCaseEnd: Invoking callback 1/1 for Microsoft.VisualStudio.TestPlatform.CrossPlatEngine.DataCollection.ProxyOutOfProcDataCollectionManager., took 0 ms.
TpTrace Warning: 0 : 19068, 14, 2024/05/29, 17:28:47.320, 5182795710311, testhost.dll, TestRunCache: InProgressTests is null
TpTrace Warning: 0 : 19068, 14, 2024/05/29, 17:28:47.320, 5182795710514, testhost.dll, TestRunCache: No test found corresponding to testResult 'DeleteByKey_Failure_UserNotFound' in inProgress list.
TpTrace Verbose: 0 : 19068, 14, 2024/05/29, 17:28:47.320, 5182795711343, testhost.dll, TestExecutionRecorder.RecordStart: Starting test: FlightBookingSystemTest.RepositoryTests.UserRepositoryTests.DeleteByKey_Success.
TpTrace Information: 0 : 19068, 14, 2024/05/29, 17:28:47.320, 5182795711637, testhost.dll, Sending test run statistics
TpTrace Verbose: 0 : 19068, 14, 2024/05/29, 17:28:47.321, 5182795715441, testhost.dll, TestRequestHandler.SendData: sending data from testhost: {"Version":7,"MessageType":"TestExecution.StatsChange","Payload":{"NewTestResults":[{"TestCase":{"Id":"376c19ce-28cd-d992-a5ae-cd8698e8ab10","FullyQualifiedName":"FlightBookingSystemTest.RepositoryTests.UserDetailRepositoryTests.GetByKey_Success","DisplayName":"GetByKey_Success","ExecutorUri":"executor://NUnit3TestExecutor","Source":"C:\\Users\\VC\\Desktop\\Flight_Management_System\\FlightManagementSystemSolution\\FlightManagementUnitTests\\bin\\Debug\\fine-code-coverage-net8.0\\FlightManagementUnitTests.dll","CodeFilePath":null,"LineNumber":0,"Properties":[{"Key":{"Id":"NUnit.Seed","Label":"Seed","Category":"","Description":"","Attributes":0,"ValueType":"System.String"},"Value":"1743299893"}]},"Attachments":[],"Outcome":1,"ErrorMessage":null,"ErrorStackTrace":null,"DisplayName":"GetByKey_Success","Messages":[],"ComputerName":"H0RBBX3","Duration":"00:00:00.0013090","StartTime":"2024-05-29T11:58:47.2818966+00:00","EndTime":"2024-05-29T11:58:47.2832053+00:00","Properties":[{"Key":{"Id":"NUnit.Seed","Label":"Seed","Category":"","Description":"","Attributes":0,"ValueType":"System.String"},"Value":"1743299893"}]},{"TestCase":{"Id":"bcd8549d-d20b-f707-b0dc-e28706d721b8","FullyQualifiedName":"FlightBookingSystemTest.RepositoryTests.UserDetailRepositoryTests.Update_Failure_UserDetailNotFound","DisplayName":"Update_Failure_UserDetailNotFound","ExecutorUri":"executor://NUnit3TestExecutor","Source":"C:\\Users\\VC\\Desktop\\Flight_Management_System\\FlightManagementSystemSolution\\FlightManagementUnitTests\\bin\\Debug\\fine-code-coverage-net8.0\\FlightManagementUnitTests.dll","CodeFilePath":null,"LineNumber":0,"Properties":[{"Key":{"Id":"NUnit.Seed","Label":"Seed","Category":"","Description":"","Attributes":0,"ValueType":"System.String"},"Value":"1265483782"}]},"Attachments":[],"Outcome":1,"ErrorMessage":null,"ErrorStackTrace":null,"DisplayName":"Update_Failure_UserDetailNotFound","Messages":[],"ComputerName":"H0RBBX3","Duration":"00:00:00.0019700","StartTime":"2024-05-29T11:58:47.2832241+00:00","EndTime":"2024-05-29T11:58:47.2851938+00:00","Properties":[{"Key":{"Id":"NUnit.Seed","Label":"Seed","Category":"","Description":"","Attributes":0,"ValueType":"System.String"},"Value":"1265483782"}]},{"TestCase":{"Id":"fafe004e-3303-cea4-1e18-adcaded5f76e","FullyQualifiedName":"FlightBookingSystemTest.RepositoryTests.UserDetailRepositoryTests.Update_Success","DisplayName":"Update_Success","ExecutorUri":"executor://NUnit3TestExecutor","Source":"C:\\Users\\VC\\Desktop\\Flight_Management_System\\FlightManagementSystemSolution\\FlightManagementUnitTests\\bin\\Debug\\fine-code-coverage-net8.0\\FlightManagementUnitTests.dll","CodeFilePath":null,"LineNumber":0,"Properties":[{"Key":{"Id":"NUnit.Seed","Label":"Seed","Category":"","Description":"","Attributes":0,"ValueType":"System.String"},"Value":"1294494388"}]},"Attachments":[],"Outcome":1,"ErrorMessage":null,"ErrorStackTrace":null,"DisplayName":"Update_Success","Messages":[],"ComputerName":"H0RBBX3","Duration":"00:00:00.0014319","StartTime":"2024-05-29T11:58:47.2852138+00:00","EndTime":"2024-05-29T11:58:47.2866456+00:00","Properties":[{"Key":{"Id":"NUnit.Seed","Label":"Seed","Category":"","Description":"","Attributes":0,"ValueType":"System.String"},"Value":"1294494388"}]},{"TestCase":{"Id":"1401da5e-0fdd-62ae-e6b5-5f3e2d627825","FullyQualifiedName":"FlightBookingSystemTest.RepositoryTests.UserRepositoryTests.Add_Failure_DuplicateUserException_Email","DisplayName":"Add_Failure_DuplicateUserException_Email","ExecutorUri":"executor://NUnit3TestExecutor","Source":"C:\\Users\\VC\\Desktop\\Flight_Management_System\\FlightManagementSystemSolution\\FlightManagementUnitTests\\bin\\Debug\\fine-code-coverage-net8.0\\FlightManagementUnitTests.dll","CodeFilePath":null,"LineNumber":0,"Properties":[{"Key":{"Id":"NUnit.Seed","Label":"Seed","Category":"","Description":"","Attributes":0,"ValueType":"System.String"},"Value":"436400549"}]},"Attachments":[],"Outcome":1,"ErrorMessage":null,"ErrorStackTrace":null,"DisplayName":"Add_Failure_DuplicateUserException_Email","Messages":[],"ComputerName":"H0RBBX3","Duration":"00:00:00.0019920","StartTime":"2024-05-29T11:58:47.286775+00:00","EndTime":"2024-05-29T11:58:47.2887665+00:00","Properties":[{"Key":{"Id":"NUnit.Seed","Label":"Seed","Category":"","Description":"","Attributes":0,"ValueType":"System.String"},"Value":"436400549"}]},{"TestCase":{"Id":"0c12c636-d1e7-5a28-fd9e-bedeec48de30","FullyQualifiedName":"FlightBookingSystemTest.RepositoryTests.UserRepositoryTests.Add_Failure_Exception","DisplayName":"Add_Failure_Exception","ExecutorUri":"executor://NUnit3TestExecutor","Source":"C:\\Users\\VC\\Desktop\\Flight_Management_System\\FlightManagementSystemSolution\\FlightManagementUnitTests\\bin\\Debug\\fine-code-coverage-net8.0\\FlightManagementUnitTests.dll","CodeFilePath":null,"LineNumber":0,"Properties":[{"Key":{"Id":"NUnit.Seed","Label":"Seed","Category":"","Description":"","Attributes":0,"ValueType":"System.String"},"Value":"1473832907"}]},"Attachments":[],"Outcome":1,"ErrorMessage":null,"ErrorStackTrace":null,"DisplayName":"Add_Failure_Exception","Messages":[],"ComputerName":"H0RBBX3","Duration":"00:00:00.0052160","StartTime":"2024-05-29T11:58:47.288787+00:00","EndTime":"2024-05-29T11:58:47.2940031+00:00","Properties":[{"Key":{"Id":"NUnit.Seed","Label":"Seed","Category":"","Description":"","Attributes":0,"ValueType":"System.String"},"Value":"1473832907"}]},{"TestCase":{"Id":"08c2b667-5fcb-dd60-7564-486fb7b3da4c","FullyQualifiedName":"FlightBookingSystemTest.RepositoryTests.UserRepositoryTests.Add_Failure_InvalidEmailFormatException","DisplayName":"Add_Failure_InvalidEmailFormatException","ExecutorUri":"executor://NUnit3TestExecutor","Source":"C:\\Users\\VC\\Desktop\\Flight_Management_System\\FlightManagementSystemSolution\\FlightManagementUnitTests\\bin\\Debug\\fine-code-coverage-net8.0\\FlightManagementUnitTests.dll","CodeFilePath":null,"LineNumber":0,"Properties":[{"Key":{"Id":"NUnit.Seed","Label":"Seed","Category":"","Description":"","Attributes":0,"ValueType":"System.String"},"Value":"924685374"}]},"Attachments":[],"Outcome":1,"ErrorMessage":null,"ErrorStackTrace":null,"DisplayName":"Add_Failure_InvalidEmailFormatException","Messages":[],"ComputerName":"H0RBBX3","Duration":"00:00:00.0010750","StartTime":"2024-05-29T11:58:47.2940325+00:00","EndTime":"2024-05-29T11:58:47.2951075+00:00","Properties":[{"Key":{"Id":"NUnit.Seed","Label":"Seed","Category":"","Description":"","Attributes":0,"ValueType":"System.String"},"Value":"924685374"}]},{"TestCase":{"Id":"42e6753d-9144-5057-3054-9d79cf2dfbea","FullyQualifiedName":"FlightBookingSystemTest.RepositoryTests.UserRepositoryTests.Add_Failure_PasswordMismatchException","DisplayName":"Add_Failure_PasswordMismatchException","ExecutorUri":"executor://NUnit3TestExecutor","Source":"C:\\Users\\VC\\Desktop\\Flight_Management_System\\FlightManagementSystemSolution\\FlightManagementUnitTests\\bin\\Debug\\fine-code-coverage-net8.0\\FlightManagementUnitTests.dll","CodeFilePath":null,"LineNumber":0,"Properties":[{"Key":{"Id":"NUnit.Seed","Label":"Seed","Category":"","Description":"","Attributes":0,"ValueType":"System.String"},"Value":"514984058"}]},"Attachments":[],"Outcome":1,"ErrorMessage":null,"ErrorStackTrace":null,"DisplayName":"Add_Failure_PasswordMismatchException","Messages":[],"ComputerName":"H0RBBX3","Duration":"00:00:00.0007780","StartTime":"2024-05-29T11:58:47.2951239+00:00","EndTime":"2024-05-29T11:58:47.2959015+00:00","Properties":[{"Key":{"Id":"NUnit.Seed","Label":"Seed","Category":"","Description":"","Attributes":0,"ValueType":"System.String"},"Value":"514984058"}]},{"TestCase":{"Id":"684f7e88-50c8-bef7-6401-2684e77e6d99","FullyQualifiedName":"FlightBookingSystemTest.RepositoryTests.UserRepositoryTests.Add_Success","DisplayName":"Add_Success","ExecutorUri":"executor://NUnit3TestExecutor","Source":"C:\\Users\\VC\\Desktop\\Flight_Management_System\\FlightManagementSystemSolution\\FlightManagementUnitTests\\bin\\Debug\\fine-code-coverage-net8.0\\FlightManagementUnitTests.dll","CodeFilePath":null,"LineNumber":0,"Properties":[{"Key":{"Id":"NUnit.Seed","Label":"Seed","Category":"","Description":"","Attributes":0,"ValueType":"System.String"},"Value":"37639377"}]},"Attachments":[],"Outcome":1,"ErrorMessage":null,"ErrorStackTrace":null,"DisplayName":"Add_Success","Messages":[],"ComputerName":"H0RBBX3","Duration":"00:00:00.0008930","StartTime":"2024-05-29T11:58:47.2959153+00:00","EndTime":"2024-05-29T11:58:47.296808+00:00","Properties":[{"Key":{"Id":"NUnit.Seed","Label":"Seed","Category":"","Description":"","Attributes":0,"ValueType":"System.String"},"Value":"37639377"}]},{"TestCase":{"Id":"f23b2b23-644d-1f53-2761-fa2a748367e9","FullyQualifiedName":"FlightBookingSystemTest.RepositoryTests.UserRepositoryTests.DeleteByKey_Failure_UserNotFound","DisplayName":"DeleteByKey_Failure_UserNotFound","ExecutorUri":"executor://NUnit3TestExecutor","Source":"C:\\Users\\VC\\Desktop\\Flight_Management_System\\FlightManagementSystemSolution\\FlightManagementUnitTests\\bin\\Debug\\fine-code-coverage-net8.0\\FlightManagementUnitTests.dll","CodeFilePath":null,"LineNumber":0,"Properties":[{"Key":{"Id":"NUnit.Seed","Label":"Seed","Category":"","Description":"","Attributes":0,"ValueType":"System.String"},"Value":"795433168"}]},"Attachments":[],"Outcome":1,"ErrorMessage":null,"ErrorStackTrace":null,"DisplayName":"DeleteByKey_Failure_UserNotFound","Messages":[],"ComputerName":"H0RBBX3","Duration":"00:00:00.0061940","StartTime":"2024-05-29T11:58:47.2968229+00:00","EndTime":"2024-05-29T11:58:47.3030169+00:00","Properties":[{"Key":{"Id":"NUnit.Seed","Label":"Seed","Category":"","Description":"","Attributes":0,"ValueType":"System.String"},"Value":"795433168"}]}],"TestRunStatistics":{"ExecutedTests":27,"Stats":{"Passed":27}},"ActiveTests":[{"Id":"8a7c6bb2-d10c-c2e9-2539-149d1c7db4fc","FullyQualifiedName":"FlightBookingSystemTest.RepositoryTests.UserRepositoryTests.DeleteByKey_Success","DisplayName":"DeleteByKey_Success","ExecutorUri":"executor://NUnit3TestExecutor","Source":"C:\\Users\\VC\\Desktop\\Flight_Management_System\\FlightManagementSystemSolution\\FlightManagementUnitTests\\bin\\Debug\\fine-code-coverage-net8.0\\FlightManagementUnitTests.dll","CodeFilePath":null,"LineNumber":0,"Properties":[{"Key":{"Id":"NUnit.Seed","Label":"Seed","Category":"","Description":"","Attributes":0,"ValueType":"System.String"},"Value":"1869929554"}]}]}}
TpTrace Verbose: 0 : 19068, 14, 2024/05/29, 17:28:47.321, 5182795717099, testhost.dll, TestRunCache: OnNewTestResult: Notified the onCacheHit callback.
TpTrace Verbose: 0 : 19068, 14, 2024/05/29, 17:28:47.322, 5182795729521, testhost.dll, MulticastDelegateUtilities.SafeInvoke: TestCaseEventsHandler.RaiseTestCaseStart: Invoking callback 1/1 for Microsoft.VisualStudio.TestPlatform.CrossPlatEngine.DataCollection.ProxyOutOfProcDataCollectionManager., took 1 ms.
TpTrace Verbose: 0 : 19068, 14, 2024/05/29, 17:28:47.322, 5182795732075, testhost.dll, TestExecutionRecorder.RecordEnd: test: FlightBookingSystemTest.RepositoryTests.UserRepositoryTests.DeleteByKey_Success execution completed.
TpTrace Warning: 0 : 19068, 14, 2024/05/29, 17:28:47.322, 5182795732442, testhost.dll, TestRunCache: InProgressTests is null
TpTrace Verbose: 0 : 19068, 14, 2024/05/29, 17:28:47.324, 5182795744089, testhost.dll, MulticastDelegateUtilities.SafeInvoke: TestCaseEventsHandler.RaiseTestCaseEnd: Invoking callback 1/1 for Microsoft.VisualStudio.TestPlatform.CrossPlatEngine.DataCollection.ProxyOutOfProcDataCollectionManager., took 1 ms.
TpTrace Verbose: 0 : 19068, 14, 2024/05/29, 17:28:47.324, 5182795744630, testhost.dll, TestExecutionRecorder.RecordResult: Received result for test: FlightBookingSystemTest.RepositoryTests.UserRepositoryTests.DeleteByKey_Success.
TpTrace Verbose: 0 : 19068, 14, 2024/05/29, 17:28:47.324, 5182795744979, testhost.dll, MulticastDelegateUtilities.SafeInvoke: TestCaseEventsHandler.RaiseTestCaseEnd: Invoking callback 1/1 for Microsoft.VisualStudio.TestPlatform.CrossPlatEngine.DataCollection.ProxyOutOfProcDataCollectionManager., took 0 ms.
TpTrace Warning: 0 : 19068, 14, 2024/05/29, 17:28:47.324, 5182795745712, testhost.dll, TestRunCache: InProgressTests is null
TpTrace Warning: 0 : 19068, 14, 2024/05/29, 17:28:47.324, 5182795745996, testhost.dll, TestRunCache: No test found corresponding to testResult 'DeleteByKey_Success' in inProgress list.
TpTrace Verbose: 0 : 19068, 14, 2024/05/29, 17:28:47.324, 5182795746869, testhost.dll, TestExecutionRecorder.RecordStart: Starting test: FlightBookingSystemTest.RepositoryTests.UserRepositoryTests.GetAll_Failure_NoUsersPresent.
TpTrace Verbose: 0 : 19068, 14, 2024/05/29, 17:28:47.325, 5182795757272, testhost.dll, MulticastDelegateUtilities.SafeInvoke: TestCaseEventsHandler.RaiseTestCaseStart: Invoking callback 1/1 for Microsoft.VisualStudio.TestPlatform.CrossPlatEngine.DataCollection.ProxyOutOfProcDataCollectionManager., took 0 ms.
TpTrace Verbose: 0 : 19068, 14, 2024/05/29, 17:28:47.325, 5182795759908, testhost.dll, TestExecutionRecorder.RecordEnd: test: FlightBookingSystemTest.RepositoryTests.UserRepositoryTests.GetAll_Failure_NoUsersPresent execution completed.
TpTrace Verbose: 0 : 19068, 14, 2024/05/29, 17:28:47.326, 5182795769719, testhost.dll, MulticastDelegateUtilities.SafeInvoke: TestCaseEventsHandler.RaiseTestCaseEnd: Invoking callback 1/1 for Microsoft.VisualStudio.TestPlatform.CrossPlatEngine.DataCollection.ProxyOutOfProcDataCollectionManager., took 0 ms.
TpTrace Verbose: 0 : 19068, 14, 2024/05/29, 17:28:47.326, 5182795770300, testhost.dll, TestExecutionRecorder.RecordResult: Received result for test: FlightBookingSystemTest.RepositoryTests.UserRepositoryTests.GetAll_Failure_NoUsersPresent.
TpTrace Verbose: 0 : 19068, 14, 2024/05/29, 17:28:47.326, 5182795770609, testhost.dll, MulticastDelegateUtilities.SafeInvoke: TestCaseEventsHandler.RaiseTestCaseEnd: Invoking callback 1/1 for Microsoft.VisualStudio.TestPlatform.CrossPlatEngine.DataCollection.ProxyOutOfProcDataCollectionManager., took 0 ms.
TpTrace Warning: 0 : 19068, 14, 2024/05/29, 17:28:47.326, 5182795770908, testhost.dll, TestRunCache: InProgressTests is null
TpTrace Warning: 0 : 19068, 14, 2024/05/29, 17:28:47.326, 5182795771138, testhost.dll, TestRunCache: No test found corresponding to testResult 'GetAll_Failure_NoUsersPresent' in inProgress list.
TpTrace Verbose: 0 : 19068, 14, 2024/05/29, 17:28:47.326, 5182795771822, testhost.dll, TestExecutionRecorder.RecordStart: Starting test: FlightBookingSystemTest.RepositoryTests.UserRepositoryTests.GetAll_Success.
TpTrace Verbose: 0 : 19068, 14, 2024/05/29, 17:28:47.327, 5182795781813, testhost.dll, MulticastDelegateUtilities.SafeInvoke: TestCaseEventsHandler.RaiseTestCaseStart: Invoking callback 1/1 for Microsoft.VisualStudio.TestPlatform.CrossPlatEngine.DataCollection.ProxyOutOfProcDataCollectionManager., took 0 ms.
TpTrace Verbose: 0 : 19068, 14, 2024/05/29, 17:28:47.328, 5182795783656, testhost.dll, TestExecutionRecorder.RecordEnd: test: FlightBookingSystemTest.RepositoryTests.UserRepositoryTests.GetAll_Success execution completed.
TpTrace Verbose: 0 : 19068, 14, 2024/05/29, 17:28:47.329, 5182795793821, testhost.dll, MulticastDelegateUtilities.SafeInvoke: TestCaseEventsHandler.RaiseTestCaseEnd: Invoking callback 1/1 for Microsoft.VisualStudio.TestPlatform.CrossPlatEngine.DataCollection.ProxyOutOfProcDataCollectionManager., took 0 ms.
TpTrace Verbose: 0 : 19068, 14, 2024/05/29, 17:28:47.329, 5182795794337, testhost.dll, TestExecutionRecorder.RecordResult: Received result for test: FlightBookingSystemTest.RepositoryTests.UserRepositoryTests.GetAll_Success.
TpTrace Verbose: 0 : 19068, 14, 2024/05/29, 17:28:47.329, 5182795794657, testhost.dll, MulticastDelegateUtilities.SafeInvoke: TestCaseEventsHandler.RaiseTestCaseEnd: Invoking callback 1/1 for Microsoft.VisualStudio.TestPlatform.CrossPlatEngine.DataCollection.ProxyOutOfProcDataCollectionManager., took 0 ms.
TpTrace Warning: 0 : 19068, 14, 2024/05/29, 17:28:47.329, 5182795794923, testhost.dll, TestRunCache: InProgressTests is null
TpTrace Warning: 0 : 19068, 14, 2024/05/29, 17:28:47.329, 5182795795128, testhost.dll, TestRunCache: No test found corresponding to testResult 'GetAll_Success' in inProgress list.
TpTrace Verbose: 0 : 19068, 14, 2024/05/29, 17:28:47.329, 5182795795852, testhost.dll, TestExecutionRecorder.RecordStart: Starting test: FlightBookingSystemTest.RepositoryTests.UserRepositoryTests.GetByKey_Failure_NotFoundException.
TpTrace Verbose: 0 : 19068, 14, 2024/05/29, 17:28:47.330, 5182795806751, testhost.dll, MulticastDelegateUtilities.SafeInvoke: TestCaseEventsHandler.RaiseTestCaseStart: Invoking callback 1/1 for Microsoft.VisualStudio.TestPlatform.CrossPlatEngine.DataCollection.ProxyOutOfProcDataCollectionManager., took 1 ms.
TpTrace Verbose: 0 : 19068, 14, 2024/05/29, 17:28:47.330, 5182795809100, testhost.dll, TestExecutionRecorder.RecordEnd: test: FlightBookingSystemTest.RepositoryTests.UserRepositoryTests.GetByKey_Failure_NotFoundException execution completed.
TpTrace Verbose: 0 : 19068, 14, 2024/05/29, 17:28:47.331, 5182795820314, testhost.dll, MulticastDelegateUtilities.SafeInvoke: TestCaseEventsHandler.RaiseTestCaseEnd: Invoking callback 1/1 for Microsoft.VisualStudio.TestPlatform.CrossPlatEngine.DataCollection.ProxyOutOfProcDataCollectionManager., took 1 ms.
TpTrace Verbose: 0 : 19068, 14, 2024/05/29, 17:28:47.331, 5182795820907, testhost.dll, TestExecutionRecorder.RecordResult: Received result for test: FlightBookingSystemTest.RepositoryTests.UserRepositoryTests.GetByKey_Failure_NotFoundException.
TpTrace Verbose: 0 : 19068, 14, 2024/05/29, 17:28:47.331, 5182795821241, testhost.dll, MulticastDelegateUtilities.SafeInvoke: TestCaseEventsHandler.RaiseTestCaseEnd: Invoking callback 1/1 for Microsoft.VisualStudio.TestPlatform.CrossPlatEngine.DataCollection.ProxyOutOfProcDataCollectionManager., took 0 ms.
TpTrace Warning: 0 : 19068, 14, 2024/05/29, 17:28:47.331, 5182795822022, testhost.dll, TestRunCache: InProgressTests is null
TpTrace Warning: 0 : 19068, 14, 2024/05/29, 17:28:47.331, 5182795822274, testhost.dll, TestRunCache: No test found corresponding to testResult 'GetByKey_Failure_NotFoundException' in inProgress list.
TpTrace Verbose: 0 : 19068, 14, 2024/05/29, 17:28:47.331, 5182795823078, testhost.dll, TestExecutionRecorder.RecordStart: Starting test: FlightBookingSystemTest.RepositoryTests.UserRepositoryTests.GetByKey_Success.
TpTrace Verbose: 0 : 19068, 14, 2024/05/29, 17:28:47.333, 5182795833445, testhost.dll, MulticastDelegateUtilities.SafeInvoke: TestCaseEventsHandler.RaiseTestCaseStart: Invoking callback 1/1 for Microsoft.VisualStudio.TestPlatform.CrossPlatEngine.DataCollection.ProxyOutOfProcDataCollectionManager., took 0 ms.
TpTrace Verbose: 0 : 19068, 14, 2024/05/29, 17:28:47.333, 5182795835347, testhost.dll, TestExecutionRecorder.RecordEnd: test: FlightBookingSystemTest.RepositoryTests.UserRepositoryTests.GetByKey_Success execution completed.
TpTrace Verbose: 0 : 19068, 14, 2024/05/29, 17:28:47.334, 5182795846568, testhost.dll, MulticastDelegateUtilities.SafeInvoke: TestCaseEventsHandler.RaiseTestCaseEnd: Invoking callback 1/1 for Microsoft.VisualStudio.TestPlatform.CrossPlatEngine.DataCollection.ProxyOutOfProcDataCollectionManager., took 1 ms.
TpTrace Verbose: 0 : 19068, 14, 2024/05/29, 17:28:47.334, 5182795847562, testhost.dll, TestExecutionRecorder.RecordResult: Received result for test: FlightBookingSystemTest.RepositoryTests.UserRepositoryTests.GetByKey_Success.
TpTrace Verbose: 0 : 19068, 14, 2024/05/29, 17:28:47.334, 5182795848476, testhost.dll, MulticastDelegateUtilities.SafeInvoke: TestCaseEventsHandler.RaiseTestCaseEnd: Invoking callback 1/1 for Microsoft.VisualStudio.TestPlatform.CrossPlatEngine.DataCollection.ProxyOutOfProcDataCollectionManager., took 0 ms.
TpTrace Warning: 0 : 19068, 14, 2024/05/29, 17:28:47.334, 5182795849340, testhost.dll, TestRunCache: InProgressTests is null
TpTrace Warning: 0 : 19068, 14, 2024/05/29, 17:28:47.334, 5182795850026, testhost.dll, TestRunCache: No test found corresponding to testResult 'GetByKey_Success' in inProgress list.
TpTrace Verbose: 0 : 19068, 14, 2024/05/29, 17:28:47.334, 5182795851987, testhost.dll, TestExecutionRecorder.RecordStart: Starting test: FlightBookingSystemTest.RepositoryTests.UserRepositoryTests.Update_Failure_UserNotFound.
TpTrace Verbose: 0 : 19068, 14, 2024/05/29, 17:28:47.336, 5182795864641, testhost.dll, MulticastDelegateUtilities.SafeInvoke: TestCaseEventsHandler.RaiseTestCaseStart: Invoking callback 1/1 for Microsoft.VisualStudio.TestPlatform.CrossPlatEngine.DataCollection.ProxyOutOfProcDataCollectionManager., took 1 ms.
TpTrace Verbose: 0 : 19068, 14, 2024/05/29, 17:28:47.336, 5182795866824, testhost.dll, TestExecutionRecorder.RecordEnd: test: FlightBookingSystemTest.RepositoryTests.UserRepositoryTests.Update_Failure_UserNotFound execution completed.
TpTrace Verbose: 0 : 19068, 14, 2024/05/29, 17:28:47.337, 5182795877252, testhost.dll, MulticastDelegateUtilities.SafeInvoke: TestCaseEventsHandler.RaiseTestCaseEnd: Invoking callback 1/1 for Microsoft.VisualStudio.TestPlatform.CrossPlatEngine.DataCollection.ProxyOutOfProcDataCollectionManager., took 1 ms.
TpTrace Verbose: 0 : 19068, 14, 2024/05/29, 17:28:47.337, 5182795877753, testhost.dll, TestExecutionRecorder.RecordResult: Received result for test: FlightBookingSystemTest.RepositoryTests.UserRepositoryTests.Update_Failure_UserNotFound.
TpTrace Verbose: 0 : 19068, 14, 2024/05/29, 17:28:47.337, 5182795878072, testhost.dll, MulticastDelegateUtilities.SafeInvoke: TestCaseEventsHandler.RaiseTestCaseEnd: Invoking callback 1/1 for Microsoft.VisualStudio.TestPlatform.CrossPlatEngine.DataCollection.ProxyOutOfProcDataCollectionManager., took 0 ms.
TpTrace Warning: 0 : 19068, 14, 2024/05/29, 17:28:47.337, 5182795878345, testhost.dll, TestRunCache: InProgressTests is null
TpTrace Warning: 0 : 19068, 14, 2024/05/29, 17:28:47.337, 5182795878579, testhost.dll, TestRunCache: No test found corresponding to testResult 'Update_Failure_UserNotFound' in inProgress list.
TpTrace Verbose: 0 : 19068, 14, 2024/05/29, 17:28:47.337, 5182795879366, testhost.dll, TestExecutionRecorder.RecordStart: Starting test: FlightBookingSystemTest.RepositoryTests.UserRepositoryTests.Update_Success.
TpTrace Verbose: 0 : 19068, 14, 2024/05/29, 17:28:47.338, 5182795888822, testhost.dll, MulticastDelegateUtilities.SafeInvoke: TestCaseEventsHandler.RaiseTestCaseStart: Invoking callback 1/1 for Microsoft.VisualStudio.TestPlatform.CrossPlatEngine.DataCollection.ProxyOutOfProcDataCollectionManager., took 0 ms.
TpTrace Verbose: 0 : 19068, 14, 2024/05/29, 17:28:47.338, 5182795892275, testhost.dll, TestExecutionRecorder.RecordEnd: test: FlightBookingSystemTest.RepositoryTests.UserRepositoryTests.Update_Success execution completed.
TpTrace Verbose: 0 : 19068, 14, 2024/05/29, 17:28:47.340, 5182795903647, testhost.dll, MulticastDelegateUtilities.SafeInvoke: TestCaseEventsHandler.RaiseTestCaseEnd: Invoking callback 1/1 for Microsoft.VisualStudio.TestPlatform.CrossPlatEngine.DataCollection.ProxyOutOfProcDataCollectionManager., took 1 ms.
TpTrace Verbose: 0 : 19068, 14, 2024/05/29, 17:28:47.340, 5182795904196, testhost.dll, TestExecutionRecorder.RecordResult: Received result for test: FlightBookingSystemTest.RepositoryTests.UserRepositoryTests.Update_Success.
TpTrace Verbose: 0 : 19068, 14, 2024/05/29, 17:28:47.340, 5182795904526, testhost.dll, MulticastDelegateUtilities.SafeInvoke: TestCaseEventsHandler.RaiseTestCaseEnd: Invoking callback 1/1 for Microsoft.VisualStudio.TestPlatform.CrossPlatEngine.DataCollection.ProxyOutOfProcDataCollectionManager., took 0 ms.
TpTrace Warning: 0 : 19068, 14, 2024/05/29, 17:28:47.340, 5182795904815, testhost.dll, TestRunCache: InProgressTests is null
TpTrace Warning: 0 : 19068, 14, 2024/05/29, 17:28:47.340, 5182795905022, testhost.dll, TestRunCache: No test found corresponding to testResult 'Update_Success' in inProgress list.
TpTrace Verbose: 0 : 19068, 14, 2024/05/29, 17:28:47.340, 5182795908156, testhost.dll, TestExecutionRecorder.RecordStart: Starting test: FlightManagementUnitTests.RepositoryTests.BookingRepositoryTest.Add_Success.
TpTrace Verbose: 0 : 19068, 14, 2024/05/29, 17:28:47.341, 5182795918263, testhost.dll, MulticastDelegateUtilities.SafeInvoke: TestCaseEventsHandler.RaiseTestCaseStart: Invoking callback 1/1 for Microsoft.VisualStudio.TestPlatform.CrossPlatEngine.DataCollection.ProxyOutOfProcDataCollectionManager., took 0 ms.
TpTrace Verbose: 0 : 19068, 14, 2024/05/29, 17:28:47.341, 5182795920169, testhost.dll, TestExecutionRecorder.RecordEnd: test: FlightManagementUnitTests.RepositoryTests.BookingRepositoryTest.Add_Success execution completed.
TpTrace Verbose: 0 : 19068, 14, 2024/05/29, 17:28:47.342, 5182795930589, testhost.dll, MulticastDelegateUtilities.SafeInvoke: TestCaseEventsHandler.RaiseTestCaseEnd: Invoking callback 1/1 for Microsoft.VisualStudio.TestPlatform.CrossPlatEngine.DataCollection.ProxyOutOfProcDataCollectionManager., took 1 ms.
TpTrace Verbose: 0 : 19068, 14, 2024/05/29, 17:28:47.342, 5182795931136, testhost.dll, TestExecutionRecorder.RecordResult: Received result for test: FlightManagementUnitTests.RepositoryTests.BookingRepositoryTest.Add_Success.
TpTrace Verbose: 0 : 19068, 14, 2024/05/29, 17:28:47.342, 5182795931462, testhost.dll, MulticastDelegateUtilities.SafeInvoke: TestCaseEventsHandler.RaiseTestCaseEnd: Invoking callback 1/1 for Microsoft.VisualStudio.TestPlatform.CrossPlatEngine.DataCollection.ProxyOutOfProcDataCollectionManager., took 0 ms.
TpTrace Warning: 0 : 19068, 14, 2024/05/29, 17:28:47.342, 5182795931733, testhost.dll, TestRunCache: InProgressTests is null
TpTrace Warning: 0 : 19068, 14, 2024/05/29, 17:28:47.342, 5182795931939, testhost.dll, TestRunCache: No test found corresponding to testResult 'Add_Success' in inProgress list.
TpTrace Verbose: 0 : 19068, 14, 2024/05/29, 17:28:47.342, 5182795932721, testhost.dll, TestExecutionRecorder.RecordStart: Starting test: FlightManagementUnitTests.RepositoryTests.BookingRepositoryTest.DeleteByKey_Failure_BookingNotFound.
TpTrace Verbose: 0 : 19068, 14, 2024/05/29, 17:28:47.344, 5182795943160, testhost.dll, MulticastDelegateUtilities.SafeInvoke: TestCaseEventsHandler.RaiseTestCaseStart: Invoking callback 1/1 for Microsoft.VisualStudio.TestPlatform.CrossPlatEngine.DataCollection.ProxyOutOfProcDataCollectionManager., took 0 ms.
TpTrace Verbose: 0 : 19068, 14, 2024/05/29, 17:28:47.358, 5182796084165, testhost.dll, TestExecutionRecorder.RecordEnd: test: FlightManagementUnitTests.RepositoryTests.BookingRepositoryTest.DeleteByKey_Failure_BookingNotFound execution completed.
TpTrace Verbose: 0 : 19068, 14, 2024/05/29, 17:28:47.359, 5182796102321, testhost.dll, MulticastDelegateUtilities.SafeInvoke: TestCaseEventsHandler.RaiseTestCaseEnd: Invoking callback 1/1 for Microsoft.VisualStudio.TestPlatform.CrossPlatEngine.DataCollection.ProxyOutOfProcDataCollectionManager., took 1 ms.
TpTrace Verbose: 0 : 19068, 14, 2024/05/29, 17:28:47.360, 5182796103110, testhost.dll, TestExecutionRecorder.RecordResult: Received result for test: FlightManagementUnitTests.RepositoryTests.BookingRepositoryTest.DeleteByKey_Failure_BookingNotFound.
TpTrace Verbose: 0 : 19068, 14, 2024/05/29, 17:28:47.360, 5182796103534, testhost.dll, MulticastDelegateUtilities.SafeInvoke: TestCaseEventsHandler.RaiseTestCaseEnd: Invoking callback 1/1 for Microsoft.VisualStudio.TestPlatform.CrossPlatEngine.DataCollection.ProxyOutOfProcDataCollectionManager., took 0 ms.
TpTrace Warning: 0 : 19068, 14, 2024/05/29, 17:28:47.360, 5182796103900, testhost.dll, TestRunCache: InProgressTests is null
TpTrace Warning: 0 : 19068, 14, 2024/05/29, 17:28:47.360, 5182796104158, testhost.dll, TestRunCache: No test found corresponding to testResult 'DeleteByKey_Failure_BookingNotFound' in inProgress list.
TpTrace Verbose: 0 : 19068, 14, 2024/05/29, 17:28:47.360, 5182796105264, testhost.dll, TestExecutionRecorder.RecordStart: Starting test: FlightManagementUnitTests.RepositoryTests.BookingRepositoryTest.DeleteByKey_Success.
TpTrace Information: 0 : 19068, 14, 2024/05/29, 17:28:47.360, 5182796105621, testhost.dll, Sending test run statistics
TpTrace Verbose: 0 : 19068, 14, 2024/05/29, 17:28:47.360, 5182796111010, testhost.dll, TestRequestHandler.SendData: sending data from testhost: {"Version":7,"MessageType":"TestExecution.StatsChange","Payload":{"NewTestResults":[{"TestCase":{"Id":"8a7c6bb2-d10c-c2e9-2539-149d1c7db4fc","FullyQualifiedName":"FlightBookingSystemTest.RepositoryTests.UserRepositoryTests.DeleteByKey_Success","DisplayName":"DeleteByKey_Success","ExecutorUri":"executor://NUnit3TestExecutor","Source":"C:\\Users\\VC\\Desktop\\Flight_Management_System\\FlightManagementSystemSolution\\FlightManagementUnitTests\\bin\\Debug\\fine-code-coverage-net8.0\\FlightManagementUnitTests.dll","CodeFilePath":null,"LineNumber":0,"Properties":[{"Key":{"Id":"NUnit.Seed","Label":"Seed","Category":"","Description":"","Attributes":0,"ValueType":"System.String"},"Value":"1869929554"}]},"Attachments":[],"Outcome":1,"ErrorMessage":null,"ErrorStackTrace":null,"DisplayName":"DeleteByKey_Success","Messages":[],"ComputerName":"H0RBBX3","Duration":"00:00:00.0015969","StartTime":"2024-05-29T11:58:47.3030385+00:00","EndTime":"2024-05-29T11:58:47.3046349+00:00","Properties":[{"Key":{"Id":"NUnit.Seed","Label":"Seed","Category":"","Description":"","Attributes":0,"ValueType":"System.String"},"Value":"1869929554"}]},{"TestCase":{"Id":"6ef40d09-c33a-dbd4-9958-08273c9262d5","FullyQualifiedName":"FlightBookingSystemTest.RepositoryTests.UserRepositoryTests.GetAll_Failure_NoUsersPresent","DisplayName":"GetAll_Failure_NoUsersPresent","ExecutorUri":"executor://NUnit3TestExecutor","Source":"C:\\Users\\VC\\Desktop\\Flight_Management_System\\FlightManagementSystemSolution\\FlightManagementUnitTests\\bin\\Debug\\fine-code-coverage-net8.0\\FlightManagementUnitTests.dll","CodeFilePath":null,"LineNumber":0,"Properties":[{"Key":{"Id":"NUnit.Seed","Label":"Seed","Category":"","Description":"","Attributes":0,"ValueType":"System.String"},"Value":"218264374"}]},"Attachments":[],"Outcome":1,"ErrorMessage":null,"ErrorStackTrace":null,"DisplayName":"GetAll_Failure_NoUsersPresent","Messages":[],"ComputerName":"H0RBBX3","Duration":"00:00:00.0045700","StartTime":"2024-05-29T11:58:47.3046569+00:00","EndTime":"2024-05-29T11:58:47.3092264+00:00","Properties":[{"Key":{"Id":"NUnit.Seed","Label":"Seed","Category":"","Description":"","Attributes":0,"ValueType":"System.String"},"Value":"218264374"}]},{"TestCase":{"Id":"b7895312-e53b-3c01-9bd0-5ac864deb111","FullyQualifiedName":"FlightBookingSystemTest.RepositoryTests.UserRepositoryTests.GetAll_Success","DisplayName":"GetAll_Success","ExecutorUri":"executor://NUnit3TestExecutor","Source":"C:\\Users\\VC\\Desktop\\Flight_Management_System\\FlightManagementSystemSolution\\FlightManagementUnitTests\\bin\\Debug\\fine-code-coverage-net8.0\\FlightManagementUnitTests.dll","CodeFilePath":null,"LineNumber":0,"Properties":[{"Key":{"Id":"NUnit.Seed","Label":"Seed","Category":"","Description":"","Attributes":0,"ValueType":"System.String"},"Value":"1366622376"}]},"Attachments":[],"Outcome":1,"ErrorMessage":null,"ErrorStackTrace":null,"DisplayName":"GetAll_Success","Messages":[],"ComputerName":"H0RBBX3","Duration":"00:00:00.0014570","StartTime":"2024-05-29T11:58:47.3092461+00:00","EndTime":"2024-05-29T11:58:47.310703+00:00","Properties":[{"Key":{"Id":"NUnit.Seed","Label":"Seed","Category":"","Description":"","Attributes":0,"ValueType":"System.String"},"Value":"1366622376"}]},{"TestCase":{"Id":"22211207-0ada-9df4-93f4-266e6ce69f22","FullyQualifiedName":"FlightBookingSystemTest.RepositoryTests.UserRepositoryTests.GetByKey_Failure_NotFoundException","DisplayName":"GetByKey_Failure_NotFoundException","ExecutorUri":"executor://NUnit3TestExecutor","Source":"C:\\Users\\VC\\Desktop\\Flight_Management_System\\FlightManagementSystemSolution\\FlightManagementUnitTests\\bin\\Debug\\fine-code-coverage-net8.0\\FlightManagementUnitTests.dll","CodeFilePath":null,"LineNumber":0,"Properties":[{"Key":{"Id":"NUnit.Seed","Label":"Seed","Category":"","Description":"","Attributes":0,"ValueType":"System.String"},"Value":"1555455579"}]},"Attachments":[],"Outcome":1,"ErrorMessage":null,"ErrorStackTrace":null,"DisplayName":"GetByKey_Failure_NotFoundException","Messages":[],"ComputerName":"H0RBBX3","Duration":"00:00:00.0006680","StartTime":"2024-05-29T11:58:47.3107212+00:00","EndTime":"2024-05-29T11:58:47.3113887+00:00","Properties":[{"Key":{"Id":"NUnit.Seed","Label":"Seed","Category":"","Description":"","Attributes":0,"ValueType":"System.String"},"Value":"1555455579"}]},{"TestCase":{"Id":"95357e92-ca58-e9eb-2dc2-8c2277f38a2a","FullyQualifiedName":"FlightBookingSystemTest.RepositoryTests.UserRepositoryTests.GetByKey_Success","DisplayName":"GetByKey_Success","ExecutorUri":"executor://NUnit3TestExecutor","Source":"C:\\Users\\VC\\Desktop\\Flight_Management_System\\FlightManagementSystemSolution\\FlightManagementUnitTests\\bin\\Debug\\fine-code-coverage-net8.0\\FlightManagementUnitTests.dll","CodeFilePath":null,"LineNumber":0,"Properties":[{"Key":{"Id":"NUnit.Seed","Label":"Seed","Category":"","Description":"","Attributes":0,"ValueType":"System.String"},"Value":"1385862902"}]},"Attachments":[],"Outcome":1,"ErrorMessage":null,"ErrorStackTrace":null,"DisplayName":"GetByKey_Success","Messages":[],"ComputerName":"H0RBBX3","Duration":"00:00:00.0010529","StartTime":"2024-05-29T11:58:47.3114028+00:00","EndTime":"2024-05-29T11:58:47.3124557+00:00","Properties":[{"Key":{"Id":"NUnit.Seed","Label":"Seed","Category":"","Description":"","Attributes":0,"ValueType":"System.String"},"Value":"1385862902"}]},{"TestCase":{"Id":"8b3e2fea-27a3-3e0a-fa61-cb5b3e39ceca","FullyQualifiedName":"FlightBookingSystemTest.RepositoryTests.UserRepositoryTests.Update_Failure_UserNotFound","DisplayName":"Update_Failure_UserNotFound","ExecutorUri":"executor://NUnit3TestExecutor","Source":"C:\\Users\\VC\\Desktop\\Flight_Management_System\\FlightManagementSystemSolution\\FlightManagementUnitTests\\bin\\Debug\\fine-code-coverage-net8.0\\FlightManagementUnitTests.dll","CodeFilePath":null,"LineNumber":0,"Properties":[{"Key":{"Id":"NUnit.Seed","Label":"Seed","Category":"","Description":"","Attributes":0,"ValueType":"System.String"},"Value":"207683453"}]},"Attachments":[],"Outcome":1,"ErrorMessage":null,"ErrorStackTrace":null,"DisplayName":"Update_Failure_UserNotFound","Messages":[],"ComputerName":"H0RBBX3","Duration":"00:00:00.0017330","StartTime":"2024-05-29T11:58:47.3124715+00:00","EndTime":"2024-05-29T11:58:47.3142046+00:00","Properties":[{"Key":{"Id":"NUnit.Seed","Label":"Seed","Category":"","Description":"","Attributes":0,"ValueType":"System.String"},"Value":"207683453"}]},{"TestCase":{"Id":"d3a43d68-64d2-d59f-80b5-b3d8b5b71ee3","FullyQualifiedName":"FlightBookingSystemTest.RepositoryTests.UserRepositoryTests.Update_Success","DisplayName":"Update_Success","ExecutorUri":"executor://NUnit3TestExecutor","Source":"C:\\Users\\VC\\Desktop\\Flight_Management_System\\FlightManagementSystemSolution\\FlightManagementUnitTests\\bin\\Debug\\fine-code-coverage-net8.0\\FlightManagementUnitTests.dll","CodeFilePath":null,"LineNumber":0,"Properties":[{"Key":{"Id":"NUnit.Seed","Label":"Seed","Category":"","Description":"","Attributes":0,"ValueType":"System.String"},"Value":"349987309"}]},"Attachments":[],"Outcome":1,"ErrorMessage":null,"ErrorStackTrace":null,"DisplayName":"Update_Success","Messages":[],"ComputerName":"H0RBBX3","Duration":"00:00:00.0012530","StartTime":"2024-05-29T11:58:47.314223+00:00","EndTime":"2024-05-29T11:58:47.3154755+00:00","Properties":[{"Key":{"Id":"NUnit.Seed","Label":"Seed","Category":"","Description":"","Attributes":0,"ValueType":"System.String"},"Value":"349987309"}]},{"TestCase":{"Id":"c9be098c-9a3d-fcd8-1d65-5b44231e9fd9","FullyQualifiedName":"FlightManagementUnitTests.RepositoryTests.BookingRepositoryTest.Add_Success","DisplayName":"Add_Success","ExecutorUri":"executor://NUnit3TestExecutor","Source":"C:\\Users\\VC\\Desktop\\Flight_Management_System\\FlightManagementSystemSolution\\FlightManagementUnitTests\\bin\\Debug\\fine-code-coverage-net8.0\\FlightManagementUnitTests.dll","CodeFilePath":null,"LineNumber":0,"Properties":[{"Key":{"Id":"NUnit.Seed","Label":"Seed","Category":"","Description":"","Attributes":0,"ValueType":"System.String"},"Value":"362227155"}]},"Attachments":[],"Outcome":1,"ErrorMessage":null,"ErrorStackTrace":null,"DisplayName":"Add_Success","Messages":[],"ComputerName":"H0RBBX3","Duration":"00:00:00.0156910","StartTime":"2024-05-29T11:58:47.3156095+00:00","EndTime":"2024-05-29T11:58:47.3313003+00:00","Properties":[{"Key":{"Id":"NUnit.Seed","Label":"Seed","Category":"","Description":"","Attributes":0,"ValueType":"System.String"},"Value":"362227155"}]},{"TestCase":{"Id":"17efd197-9bfb-fcaa-cc4d-b258b0dfb3bb","FullyQualifiedName":"FlightManagementUnitTests.RepositoryTests.BookingRepositoryTest.DeleteByKey_Failure_BookingNotFound","DisplayName":"DeleteByKey_Failure_BookingNotFound","ExecutorUri":"executor://NUnit3TestExecutor","Source":"C:\\Users\\VC\\Desktop\\Flight_Management_System\\FlightManagementSystemSolution\\FlightManagementUnitTests\\bin\\Debug\\fine-code-coverage-net8.0\\FlightManagementUnitTests.dll","CodeFilePath":null,"LineNumber":0,"Properties":[{"Key":{"Id":"NUnit.Seed","Label":"Seed","Category":"","Description":"","Attributes":0,"ValueType":"System.String"},"Value":"867714053"}]},"Attachments":[],"Outcome":2,"ErrorMessage":"  Expected: <System.Exception>\r\n  But was:  <FlightManagementSystemAPI.Exceptions.BookingExceptions.BookingException: Error occurred while deleting booking.\r\n ---> FlightManagementSystemAPI.Exceptions.BookingExceptions.BookingException: Error while getting booking. No booking exists with the given id\r\n ---> FlightManagementSystemAPI.Exceptions.BookingExceptions.BookingNotFoundException: No booking exists with the given id\r\n   at FlightManagementSystemAPI.Repositories.BookingRepository.Get(Int32 key) in C:\\Users\\VC\\Desktop\\Flight_Management_System\\FlightManagementSystemSolution\\FlightManagementSystemAPI\\Repositories\\BookingRepository.cs:line 78\r\n   --- End of inner exception stack trace ---\r\n   at FlightManagementSystemAPI.Repositories.BookingRepository.Get(Int32 key) in C:\\Users\\VC\\Desktop\\Flight_Management_System\\FlightManagementSystemSolution\\FlightManagementSystemAPI\\Repositories\\BookingRepository.cs:line 86\r\n   at FlightManagementSystemAPI.Repositories.BookingRepository.Delete(Int32 key) in C:\\Users\\VC\\Desktop\\Flight_Management_System\\FlightManagementSystemSolution\\FlightManagementSystemAPI\\Repositories\\BookingRepository.cs:line 51\r\n   --- End of inner exception stack trace ---\r\n   at FlightManagementSystemAPI.Repositories.BookingRepository.Delete(Int32 key) in C:\\Users\\VC\\Desktop\\Flight_Management_System\\FlightManagementSystemSolution\\FlightManagementSystemAPI\\Repositories\\BookingRepository.cs:line 65\r\n   at NUnit.Framework.Internal.TaskAwaitAdapter.GenericAdapter`1.GetResult()\r\n   at NUnit.Framework.Internal.AsyncToSyncAdapter.Await(Func`1 invoke)\r\n   at NUnit.Framework.Assert.ThrowsAsync(IResolveConstraint expression, AsyncTestDelegate code, String message, Object[] args)>\r\n","ErrorStackTrace":"   at FlightManagementUnitTests.RepositoryTests.BookingRepositoryTest.DeleteByKey_Failure_BookingNotFound() in C:\\Users\\VC\\Desktop\\Flight_Management_System\\FlightManagementSystemSolution\\FlightManagementUnitTests\\RepositoryTests\\BookingRepositoryTest.cs:line 146\r\n\n1)    at FlightManagementUnitTests.RepositoryTests.BookingRepositoryTest.DeleteByKey_Failure_BookingNotFound() in C:\\Users\\VC\\Desktop\\Flight_Management_System\\FlightManagementSystemSolution\\FlightManagementUnitTests\\RepositoryTests\\BookingRepositoryTest.cs:line 146\r\n\n","DisplayName":"DeleteByKey_Failure_BookingNotFound","Messages":[],"ComputerName":"H0RBBX3","Duration":"00:00:00.0247229","StartTime":"2024-05-29T11:58:47.3313228+00:00","EndTime":"2024-05-29T11:58:47.3560452+00:00","Properties":[{"Key":{"Id":"NUnit.Seed","Label":"Seed","Category":"","Description":"","Attributes":0,"ValueType":"System.String"},"Value":"867714053"}]}],"TestRunStatistics":{"ExecutedTests":36,"Stats":{"Passed":35,"Failed":1}},"ActiveTests":[{"Id":"7b881a39-658b-6916-1fed-925517531ea5","FullyQualifiedName":"FlightManagementUnitTests.RepositoryTests.BookingRepositoryTest.DeleteByKey_Success","DisplayName":"DeleteByKey_Success","ExecutorUri":"executor://NUnit3TestExecutor","Source":"C:\\Users\\VC\\Desktop\\Flight_Management_System\\FlightManagementSystemSolution\\FlightManagementUnitTests\\bin\\Debug\\fine-code-coverage-net8.0\\FlightManagementUnitTests.dll","CodeFilePath":null,"LineNumber":0,"Properties":[{"Key":{"Id":"NUnit.Seed","Label":"Seed","Category":"","Description":"","Attributes":0,"ValueType":"System.String"},"Value":"1600193132"}]}]}}
TpTrace Verbose: 0 : 19068, 14, 2024/05/29, 17:28:47.369, 5182796202416, testhost.dll, TestRunCache: OnNewTestResult: Notified the onCacheHit callback.
TpTrace Verbose: 0 : 19068, 14, 2024/05/29, 17:28:47.372, 5182796225713, testhost.dll, MulticastDelegateUtilities.SafeInvoke: TestCaseEventsHandler.RaiseTestCaseStart: Invoking callback 1/1 for Microsoft.VisualStudio.TestPlatform.CrossPlatEngine.DataCollection.ProxyOutOfProcDataCollectionManager., took 2 ms.
TpTrace Verbose: 0 : 19068, 14, 2024/05/29, 17:28:47.372, 5182796228325, testhost.dll, TestExecutionRecorder.RecordEnd: test: FlightManagementUnitTests.RepositoryTests.BookingRepositoryTest.DeleteByKey_Success execution completed.
TpTrace Warning: 0 : 19068, 14, 2024/05/29, 17:28:47.372, 5182796228669, testhost.dll, TestRunCache: InProgressTests is null
TpTrace Verbose: 0 : 19068, 14, 2024/05/29, 17:28:47.373, 5182796240028, testhost.dll, MulticastDelegateUtilities.SafeInvoke: TestCaseEventsHandler.RaiseTestCaseEnd: Invoking callback 1/1 for Microsoft.VisualStudio.TestPlatform.CrossPlatEngine.DataCollection.ProxyOutOfProcDataCollectionManager., took 1 ms.
TpTrace Verbose: 0 : 19068, 14, 2024/05/29, 17:28:47.373, 5182796240578, testhost.dll, TestExecutionRecorder.RecordResult: Received result for test: FlightManagementUnitTests.RepositoryTests.BookingRepositoryTest.DeleteByKey_Success.
TpTrace Verbose: 0 : 19068, 14, 2024/05/29, 17:28:47.373, 5182796240975, testhost.dll, MulticastDelegateUtilities.SafeInvoke: TestCaseEventsHandler.RaiseTestCaseEnd: Invoking callback 1/1 for Microsoft.VisualStudio.TestPlatform.CrossPlatEngine.DataCollection.ProxyOutOfProcDataCollectionManager., took 0 ms.
TpTrace Warning: 0 : 19068, 14, 2024/05/29, 17:28:47.373, 5182796241328, testhost.dll, TestRunCache: InProgressTests is null
TpTrace Warning: 0 : 19068, 14, 2024/05/29, 17:28:47.373, 5182796241562, testhost.dll, TestRunCache: No test found corresponding to testResult 'DeleteByKey_Success' in inProgress list.
TpTrace Verbose: 0 : 19068, 14, 2024/05/29, 17:28:47.373, 5182796242399, testhost.dll, TestExecutionRecorder.RecordStart: Starting test: FlightManagementUnitTests.RepositoryTests.BookingRepositoryTest.GetAll_Failure_NoBookingsPresent.
TpTrace Verbose: 0 : 19068, 14, 2024/05/29, 17:28:47.374, 5182796253087, testhost.dll, MulticastDelegateUtilities.SafeInvoke: TestCaseEventsHandler.RaiseTestCaseStart: Invoking callback 1/1 for Microsoft.VisualStudio.TestPlatform.CrossPlatEngine.DataCollection.ProxyOutOfProcDataCollectionManager., took 0 ms.
TpTrace Verbose: 0 : 19068, 14, 2024/05/29, 17:28:47.375, 5182796256684, testhost.dll, TestExecutionRecorder.RecordEnd: test: FlightManagementUnitTests.RepositoryTests.BookingRepositoryTest.GetAll_Failure_NoBookingsPresent execution completed.
TpTrace Verbose: 0 : 19068, 14, 2024/05/29, 17:28:47.376, 5182796271084, testhost.dll, MulticastDelegateUtilities.SafeInvoke: TestCaseEventsHandler.RaiseTestCaseEnd: Invoking callback 1/1 for Microsoft.VisualStudio.TestPlatform.CrossPlatEngine.DataCollection.ProxyOutOfProcDataCollectionManager., took 1 ms.
TpTrace Verbose: 0 : 19068, 14, 2024/05/29, 17:28:47.376, 5182796271697, testhost.dll, TestExecutionRecorder.RecordResult: Received result for test: FlightManagementUnitTests.RepositoryTests.BookingRepositoryTest.GetAll_Failure_NoBookingsPresent.
TpTrace Verbose: 0 : 19068, 14, 2024/05/29, 17:28:47.377, 5182796273318, testhost.dll, MulticastDelegateUtilities.SafeInvoke: TestCaseEventsHandler.RaiseTestCaseEnd: Invoking callback 1/1 for Microsoft.VisualStudio.TestPlatform.CrossPlatEngine.DataCollection.ProxyOutOfProcDataCollectionManager., took 0 ms.
TpTrace Warning: 0 : 19068, 14, 2024/05/29, 17:28:47.377, 5182796273827, testhost.dll, TestRunCache: InProgressTests is null
TpTrace Warning: 0 : 19068, 14, 2024/05/29, 17:28:47.377, 5182796274453, testhost.dll, TestRunCache: No test found corresponding to testResult 'GetAll_Failure_NoBookingsPresent' in inProgress list.
TpTrace Verbose: 0 : 19068, 14, 2024/05/29, 17:28:47.377, 5182796275386, testhost.dll, TestExecutionRecorder.RecordStart: Starting test: FlightManagementUnitTests.RepositoryTests.BookingRepositoryTest.GetAll_Success.
TpTrace Verbose: 0 : 19068, 14, 2024/05/29, 17:28:47.378, 5182796287893, testhost.dll, MulticastDelegateUtilities.SafeInvoke: TestCaseEventsHandler.RaiseTestCaseStart: Invoking callback 1/1 for Microsoft.VisualStudio.TestPlatform.CrossPlatEngine.DataCollection.ProxyOutOfProcDataCollectionManager., took 1 ms.
TpTrace Verbose: 0 : 19068, 14, 2024/05/29, 17:28:47.378, 5182796291484, testhost.dll, TestExecutionRecorder.RecordEnd: test: FlightManagementUnitTests.RepositoryTests.BookingRepositoryTest.GetAll_Success execution completed.
TpTrace Verbose: 0 : 19068, 14, 2024/05/29, 17:28:47.380, 5182796304253, testhost.dll, MulticastDelegateUtilities.SafeInvoke: TestCaseEventsHandler.RaiseTestCaseEnd: Invoking callback 1/1 for Microsoft.VisualStudio.TestPlatform.CrossPlatEngine.DataCollection.ProxyOutOfProcDataCollectionManager., took 1 ms.
TpTrace Verbose: 0 : 19068, 14, 2024/05/29, 17:28:47.380, 5182796304869, testhost.dll, TestExecutionRecorder.RecordResult: Received result for test: FlightManagementUnitTests.RepositoryTests.BookingRepositoryTest.GetAll_Success.
TpTrace Verbose: 0 : 19068, 14, 2024/05/29, 17:28:47.380, 5182796305193, testhost.dll, MulticastDelegateUtilities.SafeInvoke: TestCaseEventsHandler.RaiseTestCaseEnd: Invoking callback 1/1 for Microsoft.VisualStudio.TestPlatform.CrossPlatEngine.DataCollection.ProxyOutOfProcDataCollectionManager., took 0 ms.
TpTrace Warning: 0 : 19068, 14, 2024/05/29, 17:28:47.380, 5182796305524, testhost.dll, TestRunCache: InProgressTests is null
TpTrace Warning: 0 : 19068, 14, 2024/05/29, 17:28:47.380, 5182796305753, testhost.dll, TestRunCache: No test found corresponding to testResult 'GetAll_Success' in inProgress list.
TpTrace Verbose: 0 : 19068, 14, 2024/05/29, 17:28:47.380, 5182796306580, testhost.dll, TestExecutionRecorder.RecordStart: Starting test: FlightManagementUnitTests.RepositoryTests.BookingRepositoryTest.GetByKey_Failure_NotFoundException.
TpTrace Verbose: 0 : 19068, 14, 2024/05/29, 17:28:47.382, 5182796331175, testhost.dll, MulticastDelegateUtilities.SafeInvoke: TestCaseEventsHandler.RaiseTestCaseStart: Invoking callback 1/1 for Microsoft.VisualStudio.TestPlatform.CrossPlatEngine.DataCollection.ProxyOutOfProcDataCollectionManager., took 2 ms.
TpTrace Verbose: 0 : 19068, 14, 2024/05/29, 17:28:47.383, 5182796335376, testhost.dll, TestExecutionRecorder.RecordEnd: test: FlightManagementUnitTests.RepositoryTests.BookingRepositoryTest.GetByKey_Failure_NotFoundException execution completed.
TpTrace Verbose: 0 : 19068, 14, 2024/05/29, 17:28:47.385, 5182796355160, testhost.dll, MulticastDelegateUtilities.SafeInvoke: TestCaseEventsHandler.RaiseTestCaseEnd: Invoking callback 1/1 for Microsoft.VisualStudio.TestPlatform.CrossPlatEngine.DataCollection.ProxyOutOfProcDataCollectionManager., took 1 ms.
TpTrace Verbose: 0 : 19068, 14, 2024/05/29, 17:28:47.385, 5182796355954, testhost.dll, TestExecutionRecorder.RecordResult: Received result for test: FlightManagementUnitTests.RepositoryTests.BookingRepositoryTest.GetByKey_Failure_NotFoundException.
TpTrace Verbose: 0 : 19068, 14, 2024/05/29, 17:28:47.385, 5182796356377, testhost.dll, MulticastDelegateUtilities.SafeInvoke: TestCaseEventsHandler.RaiseTestCaseEnd: Invoking callback 1/1 for Microsoft.VisualStudio.TestPlatform.CrossPlatEngine.DataCollection.ProxyOutOfProcDataCollectionManager., took 0 ms.
TpTrace Warning: 0 : 19068, 14, 2024/05/29, 17:28:47.385, 5182796356706, testhost.dll, TestRunCache: InProgressTests is null
TpTrace Warning: 0 : 19068, 14, 2024/05/29, 17:28:47.385, 5182796356932, testhost.dll, TestRunCache: No test found corresponding to testResult 'GetByKey_Failure_NotFoundException' in inProgress list.
TpTrace Verbose: 0 : 19068, 14, 2024/05/29, 17:28:47.385, 5182796359250, testhost.dll, TestExecutionRecorder.RecordStart: Starting test: FlightManagementUnitTests.RepositoryTests.BookingRepositoryTest.GetByKey_Success.
TpTrace Verbose: 0 : 19068, 14, 2024/05/29, 17:28:47.386, 5182796372242, testhost.dll, MulticastDelegateUtilities.SafeInvoke: TestCaseEventsHandler.RaiseTestCaseStart: Invoking callback 1/1 for Microsoft.VisualStudio.TestPlatform.CrossPlatEngine.DataCollection.ProxyOutOfProcDataCollectionManager., took 1 ms.
TpTrace Verbose: 0 : 19068, 14, 2024/05/29, 17:28:47.387, 5182796375896, testhost.dll, TestExecutionRecorder.RecordEnd: test: FlightManagementUnitTests.RepositoryTests.BookingRepositoryTest.GetByKey_Success execution completed.
TpTrace Verbose: 0 : 19068, 14, 2024/05/29, 17:28:47.388, 5182796386705, testhost.dll, MulticastDelegateUtilities.SafeInvoke: TestCaseEventsHandler.RaiseTestCaseEnd: Invoking callback 1/1 for Microsoft.VisualStudio.TestPlatform.CrossPlatEngine.DataCollection.ProxyOutOfProcDataCollectionManager., took 1 ms.
TpTrace Verbose: 0 : 19068, 14, 2024/05/29, 17:28:47.388, 5182796387181, testhost.dll, TestExecutionRecorder.RecordResult: Received result for test: FlightManagementUnitTests.RepositoryTests.BookingRepositoryTest.GetByKey_Success.
TpTrace Verbose: 0 : 19068, 14, 2024/05/29, 17:28:47.388, 5182796387486, testhost.dll, MulticastDelegateUtilities.SafeInvoke: TestCaseEventsHandler.RaiseTestCaseEnd: Invoking callback 1/1 for Microsoft.VisualStudio.TestPlatform.CrossPlatEngine.DataCollection.ProxyOutOfProcDataCollectionManager., took 0 ms.
TpTrace Warning: 0 : 19068, 14, 2024/05/29, 17:28:47.388, 5182796387780, testhost.dll, TestRunCache: InProgressTests is null
TpTrace Warning: 0 : 19068, 14, 2024/05/29, 17:28:47.388, 5182796387987, testhost.dll, TestRunCache: No test found corresponding to testResult 'GetByKey_Success' in inProgress list.
TpTrace Verbose: 0 : 19068, 14, 2024/05/29, 17:28:47.388, 5182796388723, testhost.dll, TestExecutionRecorder.RecordStart: Starting test: FlightManagementUnitTests.RepositoryTests.BookingRepositoryTest.Update_Failure_BookingNotFound.
TpTrace Verbose: 0 : 19068, 14, 2024/05/29, 17:28:47.389, 5182796398529, testhost.dll, MulticastDelegateUtilities.SafeInvoke: TestCaseEventsHandler.RaiseTestCaseStart: Invoking callback 1/1 for Microsoft.VisualStudio.TestPlatform.CrossPlatEngine.DataCollection.ProxyOutOfProcDataCollectionManager., took 0 ms.
TpTrace Verbose: 0 : 19068, 14, 2024/05/29, 17:28:47.389, 5182796401532, testhost.dll, TestExecutionRecorder.RecordEnd: test: FlightManagementUnitTests.RepositoryTests.BookingRepositoryTest.Update_Failure_BookingNotFound execution completed.
TpTrace Verbose: 0 : 19068, 14, 2024/05/29, 17:28:47.390, 5182796411466, testhost.dll, MulticastDelegateUtilities.SafeInvoke: TestCaseEventsHandler.RaiseTestCaseEnd: Invoking callback 1/1 for Microsoft.VisualStudio.TestPlatform.CrossPlatEngine.DataCollection.ProxyOutOfProcDataCollectionManager., took 0 ms.
TpTrace Verbose: 0 : 19068, 14, 2024/05/29, 17:28:47.390, 5182796411921, testhost.dll, TestExecutionRecorder.RecordResult: Received result for test: FlightManagementUnitTests.RepositoryTests.BookingRepositoryTest.Update_Failure_BookingNotFound.
TpTrace Verbose: 0 : 19068, 14, 2024/05/29, 17:28:47.390, 5182796412230, testhost.dll, MulticastDelegateUtilities.SafeInvoke: TestCaseEventsHandler.RaiseTestCaseEnd: Invoking callback 1/1 for Microsoft.VisualStudio.TestPlatform.CrossPlatEngine.DataCollection.ProxyOutOfProcDataCollectionManager., took 0 ms.
TpTrace Warning: 0 : 19068, 14, 2024/05/29, 17:28:47.390, 5182796412474, testhost.dll, TestRunCache: InProgressTests is null
TpTrace Warning: 0 : 19068, 14, 2024/05/29, 17:28:47.390, 5182796412673, testhost.dll, TestRunCache: No test found corresponding to testResult 'Update_Failure_BookingNotFound' in inProgress list.
TpTrace Verbose: 0 : 19068, 14, 2024/05/29, 17:28:47.391, 5182796413293, testhost.dll, TestExecutionRecorder.RecordStart: Starting test: FlightManagementUnitTests.RepositoryTests.BookingRepositoryTest.Update_Success.
TpTrace Verbose: 0 : 19068, 14, 2024/05/29, 17:28:47.391, 5182796422919, testhost.dll, MulticastDelegateUtilities.SafeInvoke: TestCaseEventsHandler.RaiseTestCaseStart: Invoking callback 1/1 for Microsoft.VisualStudio.TestPlatform.CrossPlatEngine.DataCollection.ProxyOutOfProcDataCollectionManager., took 0 ms.
TpTrace Verbose: 0 : 19068, 14, 2024/05/29, 17:28:47.392, 5182796424408, testhost.dll, TestExecutionRecorder.RecordEnd: test: FlightManagementUnitTests.RepositoryTests.BookingRepositoryTest.Update_Success execution completed.
TpTrace Verbose: 0 : 19068, 14, 2024/05/29, 17:28:47.393, 5182796434005, testhost.dll, MulticastDelegateUtilities.SafeInvoke: TestCaseEventsHandler.RaiseTestCaseEnd: Invoking callback 1/1 for Microsoft.VisualStudio.TestPlatform.CrossPlatEngine.DataCollection.ProxyOutOfProcDataCollectionManager., took 0 ms.
TpTrace Verbose: 0 : 19068, 14, 2024/05/29, 17:28:47.393, 5182796434455, testhost.dll, TestExecutionRecorder.RecordResult: Received result for test: FlightManagementUnitTests.RepositoryTests.BookingRepositoryTest.Update_Success.
TpTrace Verbose: 0 : 19068, 14, 2024/05/29, 17:28:47.393, 5182796434743, testhost.dll, MulticastDelegateUtilities.SafeInvoke: TestCaseEventsHandler.RaiseTestCaseEnd: Invoking callback 1/1 for Microsoft.VisualStudio.TestPlatform.CrossPlatEngine.DataCollection.ProxyOutOfProcDataCollectionManager., took 0 ms.
TpTrace Warning: 0 : 19068, 14, 2024/05/29, 17:28:47.393, 5182796434998, testhost.dll, TestRunCache: InProgressTests is null
TpTrace Warning: 0 : 19068, 14, 2024/05/29, 17:28:47.393, 5182796435199, testhost.dll, TestRunCache: No test found corresponding to testResult 'Update_Success' in inProgress list.
TpTrace Information: 0 : 19068, 4, 2024/05/29, 17:28:47.402, 5182796527562, testhost.dll, NUnit Adapter 4.5.0.0: Test execution complete
TpTrace Verbose: 0 : 19068, 4, 2024/05/29, 17:28:47.402, 5182796531195, testhost.dll, TestRequestHandler.SendData: sending data from testhost: {"Version":7,"MessageType":"TestSession.Message","Payload":{"MessageLevel":0,"Message":"NUnit Adapter 4.5.0.0: Test execution complete"}}
TpTrace Verbose: 0 : 19068, 4, 2024/05/29, 17:28:47.402, 5182796532931, testhost.dll, MulticastDelegateUtilities.SafeInvoke: TestRunMessageLoggerProxy.SendMessage: Invoking callback 1/1 for Microsoft.VisualStudio.TestPlatform.CrossPlatEngine.Execution.RunTestsWithSources., took 0 ms.
TpTrace Verbose: 0 : 19068, 4, 2024/05/29, 17:28:47.405, 5182796559393, testhost.dll, BaseRunTests.RunTestInternalWithExecutors: Completed running tests for executor://NUnit3TestExecutor
TpTrace Verbose: 0 : 19068, 4, 2024/05/29, 17:28:47.407, 5182796573432, testhost.dll, MulticastDelegateUtilities.SafeInvoke: TestCaseEventsHandler.RaiseSessionEnd: Invoking callback 1/1 for Microsoft.VisualStudio.TestPlatform.CrossPlatEngine.DataCollection.ProxyOutOfProcDataCollectionManager., took 0 ms.
TpTrace Information: 0 : 19068, 4, 2024/05/29, 17:28:47.409, 5182796603045, testhost.dll, Sending test run complete
TpTrace Verbose: 0 : 19068, 4, 2024/05/29, 17:28:47.419, 5182796695145, testhost.dll, TestRequestHandler.SendData: sending data from testhost: {"Version":7,"MessageType":"TestExecution.Completed","Payload":{"TestRunCompleteArgs":{"TestRunStatistics":{"ExecutedTests":43,"Stats":{"Passed":39,"Failed":4}},"IsCanceled":false,"IsAborted":false,"Error":null,"AttachmentSets":[],"InvokedDataCollectors":[],"ElapsedTimeInRunningTests":"00:00:01.1693601","Metrics":{},"DiscoveredExtensions":{"TestDiscoverers":["NUnit.VisualStudio.TestAdapter.NUnit3TestDiscoverer, NUnit3.TestAdapter, Version=4.5.0.0, Culture=neutral, PublicKeyToken=4cb40d35494691ac"],"TestExecutors":["executor://NUnit3TestExecutor"],"TestExecutors2":[],"TestSettingsProviders":[]}},"LastRunTests":{"NewTestResults":[{"TestCase":{"Id":"7b881a39-658b-6916-1fed-925517531ea5","FullyQualifiedName":"FlightManagementUnitTests.RepositoryTests.BookingRepositoryTest.DeleteByKey_Success","DisplayName":"DeleteByKey_Success","ExecutorUri":"executor://NUnit3TestExecutor","Source":"C:\\Users\\VC\\Desktop\\Flight_Management_System\\FlightManagementSystemSolution\\FlightManagementUnitTests\\bin\\Debug\\fine-code-coverage-net8.0\\FlightManagementUnitTests.dll","CodeFilePath":null,"LineNumber":0,"Properties":[{"Key":{"Id":"NUnit.Seed","Label":"Seed","Category":"","Description":"","Attributes":0,"ValueType":"System.String"},"Value":"1600193132"}]},"Attachments":[],"Outcome":1,"ErrorMessage":null,"ErrorStackTrace":null,"DisplayName":"DeleteByKey_Success","Messages":[],"ComputerName":"H0RBBX3","Duration":"00:00:00.0013300","StartTime":"2024-05-29T11:58:47.3561313+00:00","EndTime":"2024-05-29T11:58:47.3574615+00:00","Properties":[{"Key":{"Id":"NUnit.Seed","Label":"Seed","Category":"","Description":"","Attributes":0,"ValueType":"System.String"},"Value":"1600193132"}]},{"TestCase":{"Id":"20e83fdf-dac4-8add-bc9e-ca7f0a725bd3","FullyQualifiedName":"FlightManagementUnitTests.RepositoryTests.BookingRepositoryTest.GetAll_Failure_NoBookingsPresent","DisplayName":"GetAll_Failure_NoBookingsPresent","ExecutorUri":"executor://NUnit3TestExecutor","Source":"C:\\Users\\VC\\Desktop\\Flight_Management_System\\FlightManagementSystemSolution\\FlightManagementUnitTests\\bin\\Debug\\fine-code-coverage-net8.0\\FlightManagementUnitTests.dll","CodeFilePath":null,"LineNumber":0,"Properties":[{"Key":{"Id":"NUnit.Seed","Label":"Seed","Category":"","Description":"","Attributes":0,"ValueType":"System.String"},"Value":"21654669"}]},"Attachments":[],"Outcome":2,"ErrorMessage":"  Expected: <System.Exception>\r\n  But was:  <FlightManagementSystemAPI.Exceptions.BookingExceptions.BookingException: Error while getting bookings. No booking is present.\r\n ---> FlightManagementSystemAPI.Exceptions.BookingExceptions.BookingNotFoundException: No booking is present.\r\n   at FlightManagementSystemAPI.Repositories.BookingRepository.GetAll() in C:\\Users\\VC\\Desktop\\Flight_Management_System\\FlightManagementSystemSolution\\FlightManagementSystemAPI\\Repositories\\BookingRepository.cs:line 104\r\n   --- End of inner exception stack trace ---\r\n   at FlightManagementSystemAPI.Repositories.BookingRepository.GetAll() in C:\\Users\\VC\\Desktop\\Flight_Management_System\\FlightManagementSystemSolution\\FlightManagementSystemAPI\\Repositories\\BookingRepository.cs:line 112\r\n   at NUnit.Framework.Internal.TaskAwaitAdapter.GenericAdapter`1.GetResult()\r\n   at NUnit.Framework.Internal.AsyncToSyncAdapter.Await(Func`1 invoke)\r\n   at NUnit.Framework.Assert.ThrowsAsync(IResolveConstraint expression, AsyncTestDelegate code, String message, Object[] args)>\r\n","ErrorStackTrace":"   at FlightManagementUnitTests.RepositoryTests.BookingRepositoryTest.GetAll_Failure_NoBookingsPresent() in C:\\Users\\VC\\Desktop\\Flight_Management_System\\FlightManagementSystemSolution\\FlightManagementUnitTests\\RepositoryTests\\BookingRepositoryTest.cs:line 190\r\n\n1)    at FlightManagementUnitTests.RepositoryTests.BookingRepositoryTest.GetAll_Failure_NoBookingsPresent() in C:\\Users\\VC\\Desktop\\Flight_Management_System\\FlightManagementSystemSolution\\FlightManagementUnitTests\\RepositoryTests\\BookingRepositoryTest.cs:line 190\r\n\n","DisplayName":"GetAll_Failure_NoBookingsPresent","Messages":[],"ComputerName":"H0RBBX3","Duration":"00:00:00.0141170","StartTime":"2024-05-29T11:58:47.3574776+00:00","EndTime":"2024-05-29T11:58:47.3715941+00:00","Properties":[{"Key":{"Id":"NUnit.Seed","Label":"Seed","Category":"","Description":"","Attributes":0,"ValueType":"System.String"},"Value":"21654669"}]},{"TestCase":{"Id":"78b46509-f441-5a92-62b9-a900f4792fb2","FullyQualifiedName":"FlightManagementUnitTests.RepositoryTests.BookingRepositoryTest.GetAll_Success","DisplayName":"GetAll_Success","ExecutorUri":"executor://NUnit3TestExecutor","Source":"C:\\Users\\VC\\Desktop\\Flight_Management_System\\FlightManagementSystemSolution\\FlightManagementUnitTests\\bin\\Debug\\fine-code-coverage-net8.0\\FlightManagementUnitTests.dll","CodeFilePath":null,"LineNumber":0,"Properties":[{"Key":{"Id":"NUnit.Seed","Label":"Seed","Category":"","Description":"","Attributes":0,"ValueType":"System.String"},"Value":"120583201"}]},"Attachments":[],"Outcome":1,"ErrorMessage":null,"ErrorStackTrace":null,"DisplayName":"GetAll_Success","Messages":[],"ComputerName":"H0RBBX3","Duration":"00:00:00.0022160","StartTime":"2024-05-29T11:58:47.3716248+00:00","EndTime":"2024-05-29T11:58:47.3738408+00:00","Properties":[{"Key":{"Id":"NUnit.Seed","Label":"Seed","Category":"","Description":"","Attributes":0,"ValueType":"System.String"},"Value":"120583201"}]},{"TestCase":{"Id":"d108c96c-6d6a-9455-40ac-73620582a913","FullyQualifiedName":"FlightManagementUnitTests.RepositoryTests.BookingRepositoryTest.GetByKey_Failure_NotFoundException","DisplayName":"GetByKey_Failure_NotFoundException","ExecutorUri":"executor://NUnit3TestExecutor","Source":"C:\\Users\\VC\\Desktop\\Flight_Management_System\\FlightManagementSystemSolution\\FlightManagementUnitTests\\bin\\Debug\\fine-code-coverage-net8.0\\FlightManagementUnitTests.dll","CodeFilePath":null,"LineNumber":0,"Properties":[{"Key":{"Id":"NUnit.Seed","Label":"Seed","Category":"","Description":"","Attributes":0,"ValueType":"System.String"},"Value":"295841706"}]},"Attachments":[],"Outcome":2,"ErrorMessage":"  Expected: <System.Exception>\r\n  But was:  <FlightManagementSystemAPI.Exceptions.BookingExceptions.BookingException: Error while getting booking. No booking exists with the given id\r\n ---> FlightManagementSystemAPI.Exceptions.BookingExceptions.BookingNotFoundException: No booking exists with the given id\r\n   at FlightManagementSystemAPI.Repositories.BookingRepository.Get(Int32 key) in C:\\Users\\VC\\Desktop\\Flight_Management_System\\FlightManagementSystemSolution\\FlightManagementSystemAPI\\Repositories\\BookingRepository.cs:line 78\r\n   --- End of inner exception stack trace ---\r\n   at FlightManagementSystemAPI.Repositories.BookingRepository.Get(Int32 key) in C:\\Users\\VC\\Desktop\\Flight_Management_System\\FlightManagementSystemSolution\\FlightManagementSystemAPI\\Repositories\\BookingRepository.cs:line 86\r\n   at NUnit.Framework.Internal.TaskAwaitAdapter.GenericAdapter`1.GetResult()\r\n   at NUnit.Framework.Internal.AsyncToSyncAdapter.Await(Func`1 invoke)\r\n   at NUnit.Framework.Assert.ThrowsAsync(IResolveConstraint expression, AsyncTestDelegate code, String message, Object[] args)>\r\n","ErrorStackTrace":"   at FlightManagementUnitTests.RepositoryTests.BookingRepositoryTest.GetByKey_Failure_NotFoundException() in C:\\Users\\VC\\Desktop\\Flight_Management_System\\FlightManagementSystemSolution\\FlightManagementUnitTests\\RepositoryTests\\BookingRepositoryTest.cs:line 77\r\n\n1)    at FlightManagementUnitTests.RepositoryTests.BookingRepositoryTest.GetByKey_Failure_NotFoundException() in C:\\Users\\VC\\Desktop\\Flight_Management_System\\FlightManagementSystemSolution\\FlightManagementUnitTests\\RepositoryTests\\BookingRepositoryTest.cs:line 77\r\n\n","DisplayName":"GetByKey_Failure_NotFoundException","Messages":[],"ComputerName":"H0RBBX3","Duration":"00:00:00.0011670","StartTime":"2024-05-29T11:58:47.3738615+00:00","EndTime":"2024-05-29T11:58:47.3750283+00:00","Properties":[{"Key":{"Id":"NUnit.Seed","Label":"Seed","Category":"","Description":"","Attributes":0,"ValueType":"System.String"},"Value":"295841706"}]},{"TestCase":{"Id":"d82f2c73-04a2-7c54-19ab-25a9e9285d9b","FullyQualifiedName":"FlightManagementUnitTests.RepositoryTests.BookingRepositoryTest.GetByKey_Success","DisplayName":"GetByKey_Success","ExecutorUri":"executor://NUnit3TestExecutor","Source":"C:\\Users\\VC\\Desktop\\Flight_Management_System\\FlightManagementSystemSolution\\FlightManagementUnitTests\\bin\\Debug\\fine-code-coverage-net8.0\\FlightManagementUnitTests.dll","CodeFilePath":null,"LineNumber":0,"Properties":[{"Key":{"Id":"NUnit.Seed","Label":"Seed","Category":"","Description":"","Attributes":0,"ValueType":"System.String"},"Value":"487052162"}]},"Attachments":[],"Outcome":1,"ErrorMessage":null,"ErrorStackTrace":null,"DisplayName":"GetByKey_Success","Messages":[],"ComputerName":"H0RBBX3","Duration":"00:00:00.0013690","StartTime":"2024-05-29T11:58:47.3750458+00:00","EndTime":"2024-05-29T11:58:47.3764149+00:00","Properties":[{"Key":{"Id":"NUnit.Seed","Label":"Seed","Category":"","Description":"","Attributes":0,"ValueType":"System.String"},"Value":"487052162"}]},{"TestCase":{"Id":"523e2836-407d-cb11-be9c-20fd621f97b4","FullyQualifiedName":"FlightManagementUnitTests.RepositoryTests.BookingRepositoryTest.Update_Failure_BookingNotFound","DisplayName":"Update_Failure_BookingNotFound","ExecutorUri":"executor://NUnit3TestExecutor","Source":"C:\\Users\\VC\\Desktop\\Flight_Management_System\\FlightManagementSystemSolution\\FlightManagementUnitTests\\bin\\Debug\\fine-code-coverage-net8.0\\FlightManagementUnitTests.dll","CodeFilePath":null,"LineNumber":0,"Properties":[{"Key":{"Id":"NUnit.Seed","Label":"Seed","Category":"","Description":"","Attributes":0,"ValueType":"System.String"},"Value":"1900393954"}]},"Attachments":[],"Outcome":2,"ErrorMessage":"  Expected: <System.Exception>\r\n  But was:  <FlightManagementSystemAPI.Exceptions.BookingExceptions.BookingException: Error while updating booking\r\n ---> FlightManagementSystemAPI.Exceptions.BookingExceptions.BookingException: Error while getting booking. No booking exists with the given id\r\n ---> FlightManagementSystemAPI.Exceptions.BookingExceptions.BookingNotFoundException: No booking exists with the given id\r\n   at FlightManagementSystemAPI.Repositories.BookingRepository.Get(Int32 key) in C:\\Users\\VC\\Desktop\\Flight_Management_System\\FlightManagementSystemSolution\\FlightManagementSystemAPI\\Repositories\\BookingRepository.cs:line 78\r\n   --- End of inner exception stack trace ---\r\n   at FlightManagementSystemAPI.Repositories.BookingRepository.Get(Int32 key) in C:\\Users\\VC\\Desktop\\Flight_Management_System\\FlightManagementSystemSolution\\FlightManagementSystemAPI\\Repositories\\BookingRepository.cs:line 86\r\n   at FlightManagementSystemAPI.Repositories.BookingRepository.Update(Booking item) in C:\\Users\\VC\\Desktop\\Flight_Management_System\\FlightManagementSystemSolution\\FlightManagementSystemAPI\\Repositories\\BookingRepository.cs:line 126\r\n   --- End of inner exception stack trace ---\r\n   at FlightManagementSystemAPI.Repositories.BookingRepository.Update(Booking item) in C:\\Users\\VC\\Desktop\\Flight_Management_System\\FlightManagementSystemSolution\\FlightManagementSystemAPI\\Repositories\\BookingRepository.cs:line 140\r\n   at NUnit.Framework.Internal.TaskAwaitAdapter.GenericAdapter`1.GetResult()\r\n   at NUnit.Framework.Internal.AsyncToSyncAdapter.Await(Func`1 invoke)\r\n   at NUnit.Framework.Assert.ThrowsAsync(IResolveConstraint expression, AsyncTestDelegate code, String message, Object[] args)>\r\n","ErrorStackTrace":"   at FlightManagementUnitTests.RepositoryTests.BookingRepositoryTest.Update_Failure_BookingNotFound() in C:\\Users\\VC\\Desktop\\Flight_Management_System\\FlightManagementSystemSolution\\FlightManagementUnitTests\\RepositoryTests\\BookingRepositoryTest.cs:line 116\r\n\n1)    at FlightManagementUnitTests.RepositoryTests.BookingRepositoryTest.Update_Failure_BookingNotFound() in C:\\Users\\VC\\Desktop\\Flight_Management_System\\FlightManagementSystemSolution\\FlightManagementUnitTests\\RepositoryTests\\BookingRepositoryTest.cs:line 116\r\n\n","DisplayName":"Update_Failure_BookingNotFound","Messages":[],"ComputerName":"H0RBBX3","Duration":"00:00:00.0022960","StartTime":"2024-05-29T11:58:47.3764331+00:00","EndTime":"2024-05-29T11:58:47.378729+00:00","Properties":[{"Key":{"Id":"NUnit.Seed","Label":"Seed","Category":"","Description":"","Attributes":0,"ValueType":"System.String"},"Value":"1900393954"}]},{"TestCase":{"Id":"ae4b0350-b71e-f5a9-868f-4ad6d381fc9f","FullyQualifiedName":"FlightManagementUnitTests.RepositoryTests.BookingRepositoryTest.Update_Success","DisplayName":"Update_Success","ExecutorUri":"executor://NUnit3TestExecutor","Source":"C:\\Users\\VC\\Desktop\\Flight_Management_System\\FlightManagementSystemSolution\\FlightManagementUnitTests\\bin\\Debug\\fine-code-coverage-net8.0\\FlightManagementUnitTests.dll","CodeFilePath":null,"LineNumber":0,"Properties":[{"Key":{"Id":"NUnit.Seed","Label":"Seed","Category":"","Description":"","Attributes":0,"ValueType":"System.String"},"Value":"1194898046"}]},"Attachments":[],"Outcome":1,"ErrorMessage":null,"ErrorStackTrace":null,"DisplayName":"Update_Success","Messages":[],"ComputerName":"H0RBBX3","Duration":"00:00:00.0014210","StartTime":"2024-05-29T11:58:47.3787488+00:00","EndTime":"2024-05-29T11:58:47.3801695+00:00","Properties":[{"Key":{"Id":"NUnit.Seed","Label":"Seed","Category":"","Description":"","Attributes":0,"ValueType":"System.String"},"Value":"1194898046"}]}],"TestRunStatistics":{"ExecutedTests":43,"Stats":{"Passed":39,"Failed":4}},"ActiveTests":[]},"RunAttachments":[],"ExecutorUris":["executor://nunit3testexecutor/"]}}
TpTrace Verbose: 0 : 19068, 4, 2024/05/29, 17:28:47.419, 5182796699171, testhost.dll, BaseRunTests.RunTests: Run is complete.
TpTrace Verbose: 0 : 19068, 9, 2024/05/29, 17:28:47.420, 5182796710961, testhost.dll, TcpClientExtensions.MessageLoopAsync: NotifyDataAvailable remoteEndPoint: [::ffff:127.0.0.1]:57020 localEndPoint: [::ffff:127.0.0.1]:57021
TpTrace Information: 0 : 19068, 9, 2024/05/29, 17:28:47.420, 5182796712514, testhost.dll, TestRequestHandler.OnMessageReceived: received message: (TestSession.Terminate) -> {"MessageType":"TestSession.Terminate","Payload":null}
TpTrace Information: 0 : 19068, 9, 2024/05/29, 17:28:47.420, 5182796712809, testhost.dll, Session End message received from server. Closing the connection.
TpTrace Information: 0 : 19068, 9, 2024/05/29, 17:28:47.421, 5182796716473, testhost.dll, SocketClient.Stop: Stop communication from server endpoint: 127.0.0.1:057020
TpTrace Information: 0 : 19068, 9, 2024/05/29, 17:28:47.421, 5182796717455, testhost.dll, SocketClient: Stop: Cancellation requested. Stopping message loop.
TpTrace Verbose: 0 : 19068, 9, 2024/05/29, 17:28:47.421, 5182796719726, testhost.dll, LengthPrefixCommunicationChannel.Dispose: Dispose reader and writer.
TpTrace Information: 0 : 19068, 9, 2024/05/29, 17:28:47.421, 5182796720294, testhost.dll, Closing the connection !
TpTrace Verbose: 0 : 19068, 9, 2024/05/29, 17:28:47.421, 5182796720746, testhost.dll, MulticastDelegateUtilities.SafeInvoke: LengthPrefixCommunicationChannel: MessageReceived: Invoking callback 1/1 for Microsoft.VisualStudio.TestPlatform.CommunicationUtilities.TestRequestHandler., took 0 ms.
TpTrace Information: 0 : 19068, 1, 2024/05/29, 17:28:47.421, 5182796721831, testhost.dll, Closing the connection!
TpTrace Information: 0 : 19068, 1, 2024/05/29, 17:28:47.421, 5182796722772, testhost.dll, Testhost process exiting.
TpTrace Information: 0 : 19068, 9, 2024/05/29, 17:28:47.422, 5182796723187, testhost.dll, SocketClient.PrivateStop: Stop communication from server endpoint: 127.0.0.1:057020, error:
TpTrace Verbose: 0 : 19068, 9, 2024/05/29, 17:28:47.422, 5182796724702, testhost.dll, LengthPrefixCommunicationChannel.Dispose: Dispose reader and writer.
TpTrace Verbose: 0 : 19068, 9, 2024/05/29, 17:28:47.422, 5182796725246, testhost.dll, TcpClientExtensions.MessageLoopAsync: exiting MessageLoopAsync remoteEndPoint: [::ffff:127.0.0.1]:57020 localEndPoint: [::ffff:127.0.0.1]:57021
